#
# There is insufficient memory for the Java Runtime Environment to continue.
# Native memory allocation (malloc) failed to allocate 2117216 bytes. Error detail: Chunk::new
# Possible reasons:
#   The system is out of physical RAM or swap space
#   This process is running with CompressedOops enabled, and the Java Heap may be blocking the growth of the native heap
# Possible solutions:
#   Reduce memory load on the system
#   Increase physical memory or swap space
#   Check if swap backing store is full
#   Decrease Java heap size (-Xmx/-Xms)
#   Decrease number of Java threads
#   Decrease Java thread stack sizes (-Xss)
#   Set larger code cache with -XX:ReservedCodeCacheSize=
#   JVM is running with Unscaled Compressed Oops mode in which the Java heap is
#     placed in the first 4GB address space. The Java Heap base address is the
#     maximum limit for the native heap growth. Please use -XX:HeapBaseMinAddress
#     to set the Java Heap base and to place the Java Heap above 4GB virtual address.
# This output file may be truncated or incomplete.
#
#  Out of Memory Error (arena.cpp:168), pid=18912, tid=19556
#
# JRE version: OpenJDK Runtime Environment (21.0.3) (build 21.0.3+-12282718-b509.11)
# Java VM: OpenJDK 64-Bit Server VM (21.0.3+-12282718-b509.11, mixed mode, tiered, compressed oops, compressed class ptrs, g1 gc, windows-amd64)
# No core dump will be written. Minidumps are not enabled by default on client versions of Windows
#

---------------  S U M M A R Y ------------

Command Line: org.jetbrains.kotlin.cli.jvm.K2JVMCompiler @E:\project_kotlin\app\build\20250511_8519510275478401500.compiler.options

Host: 12th Gen Intel(R) Core(TM) i5-12450H, 12 cores, 7G,  Windows 11 , 64 bit Build 26100 (10.0.26100.3912)
Time: Sun May 11 15:06:57 2025 SE Asia Standard Time elapsed time: 9.311258 seconds (0d 0h 0m 9s)

---------------  T H R E A D  ---------------

Current thread (0x000001ff9128e3a0):  JavaThread "C2 CompilerThread0" daemon [_thread_in_native, id=19556, stack(0x00000039d7500000,0x00000039d7600000) (1024K)]


Current CompileTask:
C2:   9311 10767       4       org.jetbrains.kotlin.types.AbstractNullabilityChecker::hasNotNullSupertype (466 bytes)

Stack: [0x00000039d7500000,0x00000039d7600000]
Native frames: (J=compiled Java code, j=interpreted, Vv=VM code, C=native code)
V  [jvm.dll+0x6cafb9]
V  [jvm.dll+0x858523]
V  [jvm.dll+0x85aa7e]
V  [jvm.dll+0x85b163]
V  [jvm.dll+0x27d356]
V  [jvm.dll+0xbf93d]
V  [jvm.dll+0xbfe73]
V  [jvm.dll+0x2f0eb1]
V  [jvm.dll+0x5f5a39]
V  [jvm.dll+0x24fad2]
V  [jvm.dll+0x24fe8f]
V  [jvm.dll+0x248775]
V  [jvm.dll+0x245fce]
V  [jvm.dll+0x1c5804]
V  [jvm.dll+0x25575c]
V  [jvm.dll+0x253c36]
V  [jvm.dll+0x3ec996]
V  [jvm.dll+0x800d78]
V  [jvm.dll+0x6c98cd]
C  [ucrtbase.dll+0x37b0]
C  [KERNEL32.DLL+0x2e8d7]
C  [ntdll.dll+0x9c5dc]


---------------  P R O C E S S  ---------------

Threads class SMR info:
_java_thread_list=0x000001ff9ac63b50, length=12, elements={
0x000001fff7421810, 0x000001ff912570b0, 0x000001ff91257720, 0x000001ff9125d330,
0x000001ff91285ed0, 0x000001ff912894c0, 0x000001ff9128aa90, 0x000001ff9128e3a0,
0x000001ff912979c0, 0x000001ff9142b6e0, 0x000001ff91438f40, 0x000001ff979c8ab0
}

Java Threads: ( => current thread )
  0x000001fff7421810 JavaThread "main"                              [_thread_in_Java, id=15900, stack(0x00000039d6700000,0x00000039d6800000) (1024K)]
  0x000001ff912570b0 JavaThread "Reference Handler"          daemon [_thread_blocked, id=7204, stack(0x00000039d6f00000,0x00000039d7000000) (1024K)]
  0x000001ff91257720 JavaThread "Finalizer"                  daemon [_thread_blocked, id=16536, stack(0x00000039d7000000,0x00000039d7100000) (1024K)]
  0x000001ff9125d330 JavaThread "Signal Dispatcher"          daemon [_thread_blocked, id=13948, stack(0x00000039d7100000,0x00000039d7200000) (1024K)]
  0x000001ff91285ed0 JavaThread "Attach Listener"            daemon [_thread_blocked, id=17900, stack(0x00000039d7200000,0x00000039d7300000) (1024K)]
  0x000001ff912894c0 JavaThread "Service Thread"             daemon [_thread_blocked, id=17688, stack(0x00000039d7300000,0x00000039d7400000) (1024K)]
  0x000001ff9128aa90 JavaThread "Monitor Deflation Thread"   daemon [_thread_blocked, id=18096, stack(0x00000039d7400000,0x00000039d7500000) (1024K)]
=>0x000001ff9128e3a0 JavaThread "C2 CompilerThread0"         daemon [_thread_in_native, id=19556, stack(0x00000039d7500000,0x00000039d7600000) (1024K)]
  0x000001ff912979c0 JavaThread "C1 CompilerThread0"         daemon [_thread_blocked, id=15208, stack(0x00000039d7600000,0x00000039d7700000) (1024K)]
  0x000001ff9142b6e0 JavaThread "Notification Thread"        daemon [_thread_blocked, id=10848, stack(0x00000039d7700000,0x00000039d7800000) (1024K)]
  0x000001ff91438f40 JavaThread "Common-Cleaner"             daemon [_thread_blocked, id=16912, stack(0x00000039d7800000,0x00000039d7900000) (1024K)]
  0x000001ff979c8ab0 JavaThread "C2 CompilerThread1"         daemon [_thread_in_native, id=4936, stack(0x00000039d7900000,0x00000039d7a00000) (1024K)]
Total: 12

Other Threads:
  0x000001ff911fea80 VMThread "VM Thread"                           [id=15040, stack(0x00000039d6e00000,0x00000039d6f00000) (1024K)]
  0x000001ff9116ffc0 WatcherThread "VM Periodic Task Thread"        [id=21212, stack(0x00000039d6d00000,0x00000039d6e00000) (1024K)]
  0x000001fff972bfa0 WorkerThread "GC Thread#0"                     [id=7972, stack(0x00000039d6800000,0x00000039d6900000) (1024K)]
  0x000001ff91d41fd0 WorkerThread "GC Thread#1"                     [id=16180, stack(0x00000039d7b00000,0x00000039d7c00000) (1024K)]
  0x000001ff91da9420 WorkerThread "GC Thread#2"                     [id=17888, stack(0x00000039d7c00000,0x00000039d7d00000) (1024K)]
  0x000001ff91da97c0 WorkerThread "GC Thread#3"                     [id=12548, stack(0x00000039d7d00000,0x00000039d7e00000) (1024K)]
  0x000001ff91da9b60 WorkerThread "GC Thread#4"                     [id=1724, stack(0x00000039d7e00000,0x00000039d7f00000) (1024K)]
  0x000001ff91da9f00 WorkerThread "GC Thread#5"                     [id=13816, stack(0x00000039d7f00000,0x00000039d8000000) (1024K)]
  0x000001ff962971a0 WorkerThread "GC Thread#6"                     [id=3528, stack(0x00000039d8000000,0x00000039d8100000) (1024K)]
  0x000001ff96296a60 WorkerThread "GC Thread#7"                     [id=2940, stack(0x00000039d8100000,0x00000039d8200000) (1024K)]
  0x000001ff96297540 WorkerThread "GC Thread#8"                     [id=5872, stack(0x00000039d8200000,0x00000039d8300000) (1024K)]
  0x000001ff96a2ad00 WorkerThread "GC Thread#9"                     [id=5524, stack(0x00000039d8500000,0x00000039d8600000) (1024K)]
  0x000001fff973e490 ConcurrentGCThread "G1 Main Marker"            [id=15144, stack(0x00000039d6900000,0x00000039d6a00000) (1024K)]
  0x000001fff973ff40 WorkerThread "G1 Conc#0"                       [id=8116, stack(0x00000039d6a00000,0x00000039d6b00000) (1024K)]
  0x000001ff962978e0 WorkerThread "G1 Conc#1"                       [id=11584, stack(0x00000039d8300000,0x00000039d8400000) (1024K)]
  0x000001ff96296e00 WorkerThread "G1 Conc#2"                       [id=13936, stack(0x00000039d8400000,0x00000039d8500000) (1024K)]
  0x000001ff91044500 ConcurrentGCThread "G1 Refine#0"               [id=14304, stack(0x00000039d6b00000,0x00000039d6c00000) (1024K)]
  0x000001ff91046f80 ConcurrentGCThread "G1 Service"                [id=10648, stack(0x00000039d6c00000,0x00000039d6d00000) (1024K)]
Total: 18

Threads with active compile tasks:
C2 CompilerThread0     9339 10767       4       org.jetbrains.kotlin.types.AbstractNullabilityChecker::hasNotNullSupertype (466 bytes)
C2 CompilerThread1     9339 10821       4       org.jetbrains.kotlin.types.AbstractTypeChecker::completeIsSubTypeOf (135 bytes)
Total: 2

VM state: not at safepoint (normal execution)

VM Mutex/Monitor currently owned by a thread:  ([mutex/lock_event])
[0x00007ff862540ac8] CompiledIC_lock - owner thread: 0x000001fff7421810

Heap address: 0x0000000084a00000, size: 1974 MB, Compressed Oops mode: 32-bit

CDS archive(s) not mapped
Compressed class space mapped at: 0x0000000100000000-0x0000000140000000, reserved size: 1073741824
Narrow klass base: 0x0000000000000000, Narrow klass shift: 3, Narrow klass range: 0x140000000

GC Precious Log:
 CardTable entry size: 512
 Card Set container configuration: InlinePtr #cards 5 size 8 Array Of Cards #cards 12 size 40 Howl #buckets 4 coarsen threshold 1843 Howl Bitmap #cards 512 size 80 coarsen threshold 460 Card regions per heap region 1 cards per card region 2048
 CPUs: 12 total, 12 available
 Memory: 7895M
 Large Page Support: Disabled
 NUMA Support: Disabled
 Compressed Oops: Enabled (32-bit)
 Heap Region Size: 1M
 Heap Min Capacity: 8M
 Heap Initial Capacity: 124M
 Heap Max Capacity: 1974M
 Pre-touch: Disabled
 Parallel Workers: 10
 Concurrent Workers: 3
 Concurrent Refinement Workers: 10
 Periodic GC: Disabled

Heap:
 garbage-first heap   total 181248K, used 114129K [0x0000000084a00000, 0x0000000100000000)
  region size 1024K, 21 young (21504K), 6 survivors (6144K)
 Metaspace       used 63993K, committed 64256K, reserved 1114112K
  class space    used 7136K, committed 7232K, reserved 1048576K

Heap Regions: E=young(eden), S=young(survivor), O=old, HS=humongous(starts), HC=humongous(continues), CS=collection set, F=free, TAMS=top-at-mark-start, PB=parsable bottom
|   0|0x0000000084a00000, 0x0000000084b00000, 0x0000000084b00000|100%|HS|  |TAMS 0x0000000084a00000| PB 0x0000000084a00000| Complete 
|   1|0x0000000084b00000, 0x0000000084c00000, 0x0000000084c00000|100%|HC|  |TAMS 0x0000000084b00000| PB 0x0000000084b00000| Complete 
|   2|0x0000000084c00000, 0x0000000084d00000, 0x0000000084d00000|100%|HC|  |TAMS 0x0000000084c00000| PB 0x0000000084c00000| Complete 
|   3|0x0000000084d00000, 0x0000000084e00000, 0x0000000084e00000|100%| O|  |TAMS 0x0000000084d00000| PB 0x0000000084d00000| Untracked 
|   4|0x0000000084e00000, 0x0000000084f00000, 0x0000000084f00000|100%| O|  |TAMS 0x0000000084e00000| PB 0x0000000084e00000| Untracked 
|   5|0x0000000084f00000, 0x0000000084fe5258, 0x0000000085000000| 89%| O|  |TAMS 0x0000000084f00000| PB 0x0000000084f00000| Untracked 
|   6|0x0000000085000000, 0x0000000085100000, 0x0000000085100000|100%| O|  |TAMS 0x0000000085000000| PB 0x0000000085000000| Untracked 
|   7|0x0000000085100000, 0x0000000085200000, 0x0000000085200000|100%| O|  |TAMS 0x0000000085100000| PB 0x0000000085100000| Untracked 
|   8|0x0000000085200000, 0x0000000085300000, 0x0000000085300000|100%| O|  |TAMS 0x0000000085200000| PB 0x0000000085200000| Untracked 
|   9|0x0000000085300000, 0x0000000085400000, 0x0000000085400000|100%| O|  |TAMS 0x0000000085300000| PB 0x0000000085300000| Untracked 
|  10|0x0000000085400000, 0x0000000085500000, 0x0000000085500000|100%| O|  |TAMS 0x0000000085400000| PB 0x0000000085400000| Untracked 
|  11|0x0000000085500000, 0x0000000085600000, 0x0000000085600000|100%| O|  |TAMS 0x0000000085500000| PB 0x0000000085500000| Untracked 
|  12|0x0000000085600000, 0x0000000085700000, 0x0000000085700000|100%| O|  |TAMS 0x0000000085600000| PB 0x0000000085600000| Untracked 
|  13|0x0000000085700000, 0x0000000085800000, 0x0000000085800000|100%| O|  |TAMS 0x0000000085700000| PB 0x0000000085700000| Untracked 
|  14|0x0000000085800000, 0x0000000085900000, 0x0000000085900000|100%| O|  |TAMS 0x0000000085800000| PB 0x0000000085800000| Untracked 
|  15|0x0000000085900000, 0x0000000085a00000, 0x0000000085a00000|100%| O|  |TAMS 0x0000000085900000| PB 0x0000000085900000| Untracked 
|  16|0x0000000085a00000, 0x0000000085b00000, 0x0000000085b00000|100%| O|  |TAMS 0x0000000085a00000| PB 0x0000000085a00000| Untracked 
|  17|0x0000000085b00000, 0x0000000085c00000, 0x0000000085c00000|100%| O|  |TAMS 0x0000000085b00000| PB 0x0000000085b00000| Untracked 
|  18|0x0000000085c00000, 0x0000000085d00000, 0x0000000085d00000|100%| O|  |TAMS 0x0000000085c00000| PB 0x0000000085c00000| Untracked 
|  19|0x0000000085d00000, 0x0000000085e00000, 0x0000000085e00000|100%| O|  |TAMS 0x0000000085d00000| PB 0x0000000085d00000| Untracked 
|  20|0x0000000085e00000, 0x0000000085f00000, 0x0000000085f00000|100%| O|  |TAMS 0x0000000085e00000| PB 0x0000000085e00000| Untracked 
|  21|0x0000000085f00000, 0x0000000086000000, 0x0000000086000000|100%| O|  |TAMS 0x0000000085f00000| PB 0x0000000085f00000| Untracked 
|  22|0x0000000086000000, 0x0000000086100000, 0x0000000086100000|100%| O|  |TAMS 0x0000000086000000| PB 0x0000000086000000| Untracked 
|  23|0x0000000086100000, 0x0000000086200000, 0x0000000086200000|100%| O|  |TAMS 0x0000000086100000| PB 0x0000000086100000| Untracked 
|  24|0x0000000086200000, 0x0000000086300000, 0x0000000086300000|100%| O|  |TAMS 0x0000000086200000| PB 0x0000000086200000| Untracked 
|  25|0x0000000086300000, 0x0000000086400000, 0x0000000086400000|100%| O|  |TAMS 0x0000000086300000| PB 0x0000000086300000| Untracked 
|  26|0x0000000086400000, 0x0000000086500000, 0x0000000086500000|100%| O|Cm|TAMS 0x0000000086400000| PB 0x0000000086400000| Complete 
|  27|0x0000000086500000, 0x0000000086600000, 0x0000000086600000|100%| O|  |TAMS 0x0000000086500000| PB 0x0000000086500000| Untracked 
|  28|0x0000000086600000, 0x0000000086700000, 0x0000000086700000|100%| O|  |TAMS 0x0000000086600000| PB 0x0000000086600000| Untracked 
|  29|0x0000000086700000, 0x0000000086800000, 0x0000000086800000|100%| O|  |TAMS 0x0000000086700000| PB 0x0000000086700000| Untracked 
|  30|0x0000000086800000, 0x0000000086900000, 0x0000000086900000|100%| O|  |TAMS 0x0000000086800000| PB 0x0000000086800000| Untracked 
|  31|0x0000000086900000, 0x0000000086a00000, 0x0000000086a00000|100%| O|  |TAMS 0x0000000086900000| PB 0x0000000086900000| Untracked 
|  32|0x0000000086a00000, 0x0000000086b00000, 0x0000000086b00000|100%| O|  |TAMS 0x0000000086a00000| PB 0x0000000086a00000| Untracked 
|  33|0x0000000086b00000, 0x0000000086c00000, 0x0000000086c00000|100%| O|  |TAMS 0x0000000086b00000| PB 0x0000000086b00000| Untracked 
|  34|0x0000000086c00000, 0x0000000086d00000, 0x0000000086d00000|100%| O|  |TAMS 0x0000000086c00000| PB 0x0000000086c00000| Untracked 
|  35|0x0000000086d00000, 0x0000000086e00000, 0x0000000086e00000|100%| O|  |TAMS 0x0000000086d00000| PB 0x0000000086d00000| Untracked 
|  36|0x0000000086e00000, 0x0000000086f00000, 0x0000000086f00000|100%| O|  |TAMS 0x0000000086e00000| PB 0x0000000086e00000| Untracked 
|  37|0x0000000086f00000, 0x0000000087000000, 0x0000000087000000|100%| O|  |TAMS 0x0000000086f00000| PB 0x0000000086f00000| Untracked 
|  38|0x0000000087000000, 0x0000000087100000, 0x0000000087100000|100%| O|  |TAMS 0x0000000087000000| PB 0x0000000087000000| Untracked 
|  39|0x0000000087100000, 0x0000000087200000, 0x0000000087200000|100%| O|  |TAMS 0x0000000087100000| PB 0x0000000087100000| Untracked 
|  40|0x0000000087200000, 0x0000000087300000, 0x0000000087300000|100%| O|  |TAMS 0x0000000087200000| PB 0x0000000087200000| Untracked 
|  41|0x0000000087300000, 0x0000000087400000, 0x0000000087400000|100%| O|  |TAMS 0x0000000087300000| PB 0x0000000087300000| Untracked 
|  42|0x0000000087400000, 0x0000000087500000, 0x0000000087500000|100%| O|  |TAMS 0x0000000087400000| PB 0x0000000087400000| Untracked 
|  43|0x0000000087500000, 0x0000000087600000, 0x0000000087600000|100%| O|  |TAMS 0x0000000087500000| PB 0x0000000087500000| Untracked 
|  44|0x0000000087600000, 0x0000000087700000, 0x0000000087700000|100%| O|  |TAMS 0x0000000087600000| PB 0x0000000087600000| Untracked 
|  45|0x0000000087700000, 0x0000000087800000, 0x0000000087800000|100%| O|  |TAMS 0x0000000087700000| PB 0x0000000087700000| Untracked 
|  46|0x0000000087800000, 0x0000000087900000, 0x0000000087900000|100%| O|  |TAMS 0x0000000087800000| PB 0x0000000087800000| Untracked 
|  47|0x0000000087900000, 0x0000000087a00000, 0x0000000087a00000|100%| O|  |TAMS 0x0000000087900000| PB 0x0000000087900000| Untracked 
|  48|0x0000000087a00000, 0x0000000087b00000, 0x0000000087b00000|100%| O|  |TAMS 0x0000000087a00000| PB 0x0000000087a00000| Untracked 
|  49|0x0000000087b00000, 0x0000000087c00000, 0x0000000087c00000|100%| O|  |TAMS 0x0000000087b00000| PB 0x0000000087b00000| Untracked 
|  50|0x0000000087c00000, 0x0000000087d00000, 0x0000000087d00000|100%| O|  |TAMS 0x0000000087c00000| PB 0x0000000087c00000| Untracked 
|  51|0x0000000087d00000, 0x0000000087e00000, 0x0000000087e00000|100%| O|  |TAMS 0x0000000087d00000| PB 0x0000000087d00000| Untracked 
|  52|0x0000000087e00000, 0x0000000087f00000, 0x0000000087f00000|100%| O|  |TAMS 0x0000000087e00000| PB 0x0000000087e00000| Untracked 
|  53|0x0000000087f00000, 0x0000000088000000, 0x0000000088000000|100%| O|  |TAMS 0x0000000087f00000| PB 0x0000000087f00000| Untracked 
|  54|0x0000000088000000, 0x0000000088100000, 0x0000000088100000|100%| O|  |TAMS 0x0000000088000000| PB 0x0000000088000000| Untracked 
|  55|0x0000000088100000, 0x0000000088200000, 0x0000000088200000|100%| O|  |TAMS 0x0000000088100000| PB 0x0000000088100000| Untracked 
|  56|0x0000000088200000, 0x0000000088300000, 0x0000000088300000|100%| O|  |TAMS 0x0000000088200000| PB 0x0000000088200000| Untracked 
|  57|0x0000000088300000, 0x0000000088400000, 0x0000000088400000|100%| O|  |TAMS 0x0000000088300000| PB 0x0000000088300000| Untracked 
|  58|0x0000000088400000, 0x0000000088500000, 0x0000000088500000|100%| O|  |TAMS 0x0000000088400000| PB 0x0000000088400000| Untracked 
|  59|0x0000000088500000, 0x0000000088600000, 0x0000000088600000|100%| O|  |TAMS 0x0000000088500000| PB 0x0000000088500000| Untracked 
|  60|0x0000000088600000, 0x0000000088700000, 0x0000000088700000|100%| O|  |TAMS 0x0000000088600000| PB 0x0000000088600000| Untracked 
|  61|0x0000000088700000, 0x0000000088800000, 0x0000000088800000|100%| O|  |TAMS 0x0000000088700000| PB 0x0000000088700000| Untracked 
|  62|0x0000000088800000, 0x0000000088900000, 0x0000000088900000|100%| O|  |TAMS 0x0000000088800000| PB 0x0000000088800000| Untracked 
|  63|0x0000000088900000, 0x0000000088a00000, 0x0000000088a00000|100%| O|  |TAMS 0x0000000088900000| PB 0x0000000088900000| Untracked 
|  64|0x0000000088a00000, 0x0000000088b00000, 0x0000000088b00000|100%| O|  |TAMS 0x0000000088a00000| PB 0x0000000088a00000| Untracked 
|  65|0x0000000088b00000, 0x0000000088c00000, 0x0000000088c00000|100%| O|  |TAMS 0x0000000088b00000| PB 0x0000000088b00000| Untracked 
|  66|0x0000000088c00000, 0x0000000088d00000, 0x0000000088d00000|100%| O|  |TAMS 0x0000000088c00000| PB 0x0000000088c00000| Untracked 
|  67|0x0000000088d00000, 0x0000000088e00000, 0x0000000088e00000|100%| O|  |TAMS 0x0000000088d00000| PB 0x0000000088d00000| Untracked 
|  68|0x0000000088e00000, 0x0000000088f00000, 0x0000000088f00000|100%| O|  |TAMS 0x0000000088e00000| PB 0x0000000088e00000| Untracked 
|  69|0x0000000088f00000, 0x0000000089000000, 0x0000000089000000|100%| O|  |TAMS 0x0000000088f00000| PB 0x0000000088f00000| Untracked 
|  70|0x0000000089000000, 0x0000000089100000, 0x0000000089100000|100%| O|  |TAMS 0x0000000089000000| PB 0x0000000089000000| Untracked 
|  71|0x0000000089100000, 0x0000000089200000, 0x0000000089200000|100%| O|  |TAMS 0x0000000089100000| PB 0x0000000089100000| Untracked 
|  72|0x0000000089200000, 0x0000000089300000, 0x0000000089300000|100%| O|  |TAMS 0x0000000089200000| PB 0x0000000089200000| Untracked 
|  73|0x0000000089300000, 0x0000000089400000, 0x0000000089400000|100%| O|  |TAMS 0x0000000089300000| PB 0x0000000089300000| Untracked 
|  74|0x0000000089400000, 0x0000000089500000, 0x0000000089500000|100%| O|Cm|TAMS 0x0000000089400000| PB 0x0000000089400000| Complete 
|  75|0x0000000089500000, 0x0000000089600000, 0x0000000089600000|100%| O|  |TAMS 0x0000000089500000| PB 0x0000000089500000| Untracked 
|  76|0x0000000089600000, 0x0000000089700000, 0x0000000089700000|100%| O|  |TAMS 0x0000000089600000| PB 0x0000000089600000| Untracked 
|  77|0x0000000089700000, 0x0000000089800000, 0x0000000089800000|100%| O|  |TAMS 0x0000000089700000| PB 0x0000000089700000| Untracked 
|  78|0x0000000089800000, 0x0000000089900000, 0x0000000089900000|100%| O|Cm|TAMS 0x0000000089800000| PB 0x0000000089800000| Complete 
|  79|0x0000000089900000, 0x0000000089a00000, 0x0000000089a00000|100%| O|  |TAMS 0x0000000089900000| PB 0x0000000089900000| Untracked 
|  80|0x0000000089a00000, 0x0000000089b00000, 0x0000000089b00000|100%| O|  |TAMS 0x0000000089a00000| PB 0x0000000089a00000| Untracked 
|  81|0x0000000089b00000, 0x0000000089c00000, 0x0000000089c00000|100%| O|  |TAMS 0x0000000089b00000| PB 0x0000000089b00000| Untracked 
|  82|0x0000000089c00000, 0x0000000089d00000, 0x0000000089d00000|100%| O|  |TAMS 0x0000000089c00000| PB 0x0000000089c00000| Untracked 
|  83|0x0000000089d00000, 0x0000000089e00000, 0x0000000089e00000|100%| O|  |TAMS 0x0000000089d00000| PB 0x0000000089d00000| Untracked 
|  84|0x0000000089e00000, 0x0000000089f00000, 0x0000000089f00000|100%| O|  |TAMS 0x0000000089e00000| PB 0x0000000089e00000| Untracked 
|  85|0x0000000089f00000, 0x000000008a000000, 0x000000008a000000|100%| O|  |TAMS 0x0000000089f00000| PB 0x0000000089f00000| Untracked 
|  86|0x000000008a000000, 0x000000008a034de8, 0x000000008a100000| 20%| O|  |TAMS 0x000000008a000000| PB 0x000000008a000000| Untracked 
|  87|0x000000008a100000, 0x000000008a100000, 0x000000008a200000|  0%| F|  |TAMS 0x000000008a100000| PB 0x000000008a100000| Untracked 
|  88|0x000000008a200000, 0x000000008a200000, 0x000000008a300000|  0%| F|  |TAMS 0x000000008a200000| PB 0x000000008a200000| Untracked 
|  89|0x000000008a300000, 0x000000008a300000, 0x000000008a400000|  0%| F|  |TAMS 0x000000008a300000| PB 0x000000008a300000| Untracked 
|  90|0x000000008a400000, 0x000000008a400000, 0x000000008a500000|  0%| F|  |TAMS 0x000000008a400000| PB 0x000000008a400000| Untracked 
|  91|0x000000008a500000, 0x000000008a500000, 0x000000008a600000|  0%| F|  |TAMS 0x000000008a500000| PB 0x000000008a500000| Untracked 
|  92|0x000000008a600000, 0x000000008a65a4b8, 0x000000008a700000| 35%| S|CS|TAMS 0x000000008a600000| PB 0x000000008a600000| Complete 
|  93|0x000000008a700000, 0x000000008a800000, 0x000000008a800000|100%| S|CS|TAMS 0x000000008a700000| PB 0x000000008a700000| Complete 
|  94|0x000000008a800000, 0x000000008a800000, 0x000000008a900000|  0%| F|  |TAMS 0x000000008a800000| PB 0x000000008a800000| Untracked 
|  95|0x000000008a900000, 0x000000008a900000, 0x000000008aa00000|  0%| F|  |TAMS 0x000000008a900000| PB 0x000000008a900000| Untracked 
|  96|0x000000008aa00000, 0x000000008aa00000, 0x000000008ab00000|  0%| F|  |TAMS 0x000000008aa00000| PB 0x000000008aa00000| Untracked 
|  97|0x000000008ab00000, 0x000000008ab00000, 0x000000008ac00000|  0%| F|  |TAMS 0x000000008ab00000| PB 0x000000008ab00000| Untracked 
|  98|0x000000008ac00000, 0x000000008ac00000, 0x000000008ad00000|  0%| F|  |TAMS 0x000000008ac00000| PB 0x000000008ac00000| Untracked 
|  99|0x000000008ad00000, 0x000000008ad00000, 0x000000008ae00000|  0%| F|  |TAMS 0x000000008ad00000| PB 0x000000008ad00000| Untracked 
| 100|0x000000008ae00000, 0x000000008af00000, 0x000000008af00000|100%| S|CS|TAMS 0x000000008ae00000| PB 0x000000008ae00000| Complete 
| 101|0x000000008af00000, 0x000000008b000000, 0x000000008b000000|100%| S|CS|TAMS 0x000000008af00000| PB 0x000000008af00000| Complete 
| 102|0x000000008b000000, 0x000000008b100000, 0x000000008b100000|100%| S|CS|TAMS 0x000000008b000000| PB 0x000000008b000000| Complete 
| 103|0x000000008b100000, 0x000000008b200000, 0x000000008b200000|100%| S|CS|TAMS 0x000000008b100000| PB 0x000000008b100000| Complete 
| 104|0x000000008b200000, 0x000000008b200000, 0x000000008b300000|  0%| F|  |TAMS 0x000000008b200000| PB 0x000000008b200000| Untracked 
| 105|0x000000008b300000, 0x000000008b300000, 0x000000008b400000|  0%| F|  |TAMS 0x000000008b300000| PB 0x000000008b300000| Untracked 
| 106|0x000000008b400000, 0x000000008b400000, 0x000000008b500000|  0%| F|  |TAMS 0x000000008b400000| PB 0x000000008b400000| Untracked 
| 107|0x000000008b500000, 0x000000008b500000, 0x000000008b600000|  0%| F|  |TAMS 0x000000008b500000| PB 0x000000008b500000| Untracked 
| 108|0x000000008b600000, 0x000000008b600000, 0x000000008b700000|  0%| F|  |TAMS 0x000000008b600000| PB 0x000000008b600000| Untracked 
| 109|0x000000008b700000, 0x000000008b700000, 0x000000008b800000|  0%| F|  |TAMS 0x000000008b700000| PB 0x000000008b700000| Untracked 
| 110|0x000000008b800000, 0x000000008b800000, 0x000000008b900000|  0%| F|  |TAMS 0x000000008b800000| PB 0x000000008b800000| Untracked 
| 111|0x000000008b900000, 0x000000008b900000, 0x000000008ba00000|  0%| F|  |TAMS 0x000000008b900000| PB 0x000000008b900000| Untracked 
| 112|0x000000008ba00000, 0x000000008ba00000, 0x000000008bb00000|  0%| F|  |TAMS 0x000000008ba00000| PB 0x000000008ba00000| Untracked 
| 113|0x000000008bb00000, 0x000000008bb00000, 0x000000008bc00000|  0%| F|  |TAMS 0x000000008bb00000| PB 0x000000008bb00000| Untracked 
| 114|0x000000008bc00000, 0x000000008bc00000, 0x000000008bd00000|  0%| F|  |TAMS 0x000000008bc00000| PB 0x000000008bc00000| Untracked 
| 115|0x000000008bd00000, 0x000000008bd00000, 0x000000008be00000|  0%| F|  |TAMS 0x000000008bd00000| PB 0x000000008bd00000| Untracked 
| 116|0x000000008be00000, 0x000000008be00000, 0x000000008bf00000|  0%| F|  |TAMS 0x000000008be00000| PB 0x000000008be00000| Untracked 
| 117|0x000000008bf00000, 0x000000008bf00000, 0x000000008c000000|  0%| F|  |TAMS 0x000000008bf00000| PB 0x000000008bf00000| Untracked 
| 118|0x000000008c000000, 0x000000008c000000, 0x000000008c100000|  0%| F|  |TAMS 0x000000008c000000| PB 0x000000008c000000| Untracked 
| 119|0x000000008c100000, 0x000000008c100000, 0x000000008c200000|  0%| F|  |TAMS 0x000000008c100000| PB 0x000000008c100000| Untracked 
| 120|0x000000008c200000, 0x000000008c200000, 0x000000008c300000|  0%| F|  |TAMS 0x000000008c200000| PB 0x000000008c200000| Untracked 
| 121|0x000000008c300000, 0x000000008c300000, 0x000000008c400000|  0%| F|  |TAMS 0x000000008c300000| PB 0x000000008c300000| Untracked 
| 122|0x000000008c400000, 0x000000008c400000, 0x000000008c500000|  0%| F|  |TAMS 0x000000008c400000| PB 0x000000008c400000| Untracked 
| 123|0x000000008c500000, 0x000000008c500000, 0x000000008c600000|  0%| F|  |TAMS 0x000000008c500000| PB 0x000000008c500000| Untracked 
| 124|0x000000008c600000, 0x000000008c600000, 0x000000008c700000|  0%| F|  |TAMS 0x000000008c600000| PB 0x000000008c600000| Untracked 
| 125|0x000000008c700000, 0x000000008c700000, 0x000000008c800000|  0%| F|  |TAMS 0x000000008c700000| PB 0x000000008c700000| Untracked 
| 126|0x000000008c800000, 0x000000008c800000, 0x000000008c900000|  0%| F|  |TAMS 0x000000008c800000| PB 0x000000008c800000| Untracked 
| 127|0x000000008c900000, 0x000000008c900000, 0x000000008ca00000|  0%| F|  |TAMS 0x000000008c900000| PB 0x000000008c900000| Untracked 
| 128|0x000000008ca00000, 0x000000008ca00000, 0x000000008cb00000|  0%| F|  |TAMS 0x000000008ca00000| PB 0x000000008ca00000| Untracked 
| 129|0x000000008cb00000, 0x000000008cb00000, 0x000000008cc00000|  0%| F|  |TAMS 0x000000008cb00000| PB 0x000000008cb00000| Untracked 
| 130|0x000000008cc00000, 0x000000008cc00000, 0x000000008cd00000|  0%| F|  |TAMS 0x000000008cc00000| PB 0x000000008cc00000| Untracked 
| 131|0x000000008cd00000, 0x000000008cd00000, 0x000000008ce00000|  0%| F|  |TAMS 0x000000008cd00000| PB 0x000000008cd00000| Untracked 
| 132|0x000000008ce00000, 0x000000008ce00000, 0x000000008cf00000|  0%| F|  |TAMS 0x000000008ce00000| PB 0x000000008ce00000| Untracked 
| 133|0x000000008cf00000, 0x000000008cf00000, 0x000000008d000000|  0%| F|  |TAMS 0x000000008cf00000| PB 0x000000008cf00000| Untracked 
| 134|0x000000008d000000, 0x000000008d000000, 0x000000008d100000|  0%| F|  |TAMS 0x000000008d000000| PB 0x000000008d000000| Untracked 
| 135|0x000000008d100000, 0x000000008d100000, 0x000000008d200000|  0%| F|  |TAMS 0x000000008d100000| PB 0x000000008d100000| Untracked 
| 136|0x000000008d200000, 0x000000008d200000, 0x000000008d300000|  0%| F|  |TAMS 0x000000008d200000| PB 0x000000008d200000| Untracked 
| 137|0x000000008d300000, 0x000000008d300000, 0x000000008d400000|  0%| F|  |TAMS 0x000000008d300000| PB 0x000000008d300000| Untracked 
| 138|0x000000008d400000, 0x000000008d400000, 0x000000008d500000|  0%| F|  |TAMS 0x000000008d400000| PB 0x000000008d400000| Untracked 
| 139|0x000000008d500000, 0x000000008d500000, 0x000000008d600000|  0%| F|  |TAMS 0x000000008d500000| PB 0x000000008d500000| Untracked 
| 140|0x000000008d600000, 0x000000008d600000, 0x000000008d700000|  0%| F|  |TAMS 0x000000008d600000| PB 0x000000008d600000| Untracked 
| 141|0x000000008d700000, 0x000000008d700000, 0x000000008d800000|  0%| F|  |TAMS 0x000000008d700000| PB 0x000000008d700000| Untracked 
| 142|0x000000008d800000, 0x000000008d800000, 0x000000008d900000|  0%| F|  |TAMS 0x000000008d800000| PB 0x000000008d800000| Untracked 
| 143|0x000000008d900000, 0x000000008d900000, 0x000000008da00000|  0%| F|  |TAMS 0x000000008d900000| PB 0x000000008d900000| Untracked 
| 144|0x000000008da00000, 0x000000008da00000, 0x000000008db00000|  0%| F|  |TAMS 0x000000008da00000| PB 0x000000008da00000| Untracked 
| 145|0x000000008db00000, 0x000000008db00000, 0x000000008dc00000|  0%| F|  |TAMS 0x000000008db00000| PB 0x000000008db00000| Untracked 
| 146|0x000000008dc00000, 0x000000008dc00000, 0x000000008dd00000|  0%| F|  |TAMS 0x000000008dc00000| PB 0x000000008dc00000| Untracked 
| 147|0x000000008dd00000, 0x000000008dd00000, 0x000000008de00000|  0%| F|  |TAMS 0x000000008dd00000| PB 0x000000008dd00000| Untracked 
| 148|0x000000008de00000, 0x000000008de00000, 0x000000008df00000|  0%| F|  |TAMS 0x000000008de00000| PB 0x000000008de00000| Untracked 
| 149|0x000000008df00000, 0x000000008df00000, 0x000000008e000000|  0%| F|  |TAMS 0x000000008df00000| PB 0x000000008df00000| Untracked 
| 150|0x000000008e000000, 0x000000008e000000, 0x000000008e100000|  0%| F|  |TAMS 0x000000008e000000| PB 0x000000008e000000| Untracked 
| 151|0x000000008e100000, 0x000000008e100000, 0x000000008e200000|  0%| F|  |TAMS 0x000000008e100000| PB 0x000000008e100000| Untracked 
| 152|0x000000008e200000, 0x000000008e200000, 0x000000008e300000|  0%| F|  |TAMS 0x000000008e200000| PB 0x000000008e200000| Untracked 
| 153|0x000000008e300000, 0x000000008e300000, 0x000000008e400000|  0%| F|  |TAMS 0x000000008e300000| PB 0x000000008e300000| Untracked 
| 154|0x000000008e400000, 0x000000008e400000, 0x000000008e500000|  0%| F|  |TAMS 0x000000008e400000| PB 0x000000008e400000| Untracked 
| 155|0x000000008e500000, 0x000000008e500000, 0x000000008e600000|  0%| F|  |TAMS 0x000000008e500000| PB 0x000000008e500000| Untracked 
| 156|0x000000008e600000, 0x000000008e680800, 0x000000008e700000| 50%| E|  |TAMS 0x000000008e600000| PB 0x000000008e600000| Complete 
| 157|0x000000008e700000, 0x000000008e800000, 0x000000008e800000|100%| E|CS|TAMS 0x000000008e700000| PB 0x000000008e700000| Complete 
| 158|0x000000008e800000, 0x000000008e900000, 0x000000008e900000|100%| E|CS|TAMS 0x000000008e800000| PB 0x000000008e800000| Complete 
| 159|0x000000008e900000, 0x000000008ea00000, 0x000000008ea00000|100%| E|CS|TAMS 0x000000008e900000| PB 0x000000008e900000| Complete 
| 160|0x000000008ea00000, 0x000000008eb00000, 0x000000008eb00000|100%| E|CS|TAMS 0x000000008ea00000| PB 0x000000008ea00000| Complete 
| 161|0x000000008eb00000, 0x000000008ec00000, 0x000000008ec00000|100%| E|CS|TAMS 0x000000008eb00000| PB 0x000000008eb00000| Complete 
| 162|0x000000008ec00000, 0x000000008ed00000, 0x000000008ed00000|100%| E|CS|TAMS 0x000000008ec00000| PB 0x000000008ec00000| Complete 
| 163|0x000000008ed00000, 0x000000008ee00000, 0x000000008ee00000|100%| E|CS|TAMS 0x000000008ed00000| PB 0x000000008ed00000| Complete 
| 164|0x000000008ee00000, 0x000000008ef00000, 0x000000008ef00000|100%| E|CS|TAMS 0x000000008ee00000| PB 0x000000008ee00000| Complete 
| 165|0x000000008ef00000, 0x000000008f000000, 0x000000008f000000|100%| E|CS|TAMS 0x000000008ef00000| PB 0x000000008ef00000| Complete 
| 166|0x000000008f000000, 0x000000008f100000, 0x000000008f100000|100%| E|CS|TAMS 0x000000008f000000| PB 0x000000008f000000| Complete 
| 167|0x000000008f100000, 0x000000008f200000, 0x000000008f200000|100%| E|CS|TAMS 0x000000008f100000| PB 0x000000008f100000| Complete 
| 168|0x000000008f200000, 0x000000008f300000, 0x000000008f300000|100%| E|CS|TAMS 0x000000008f200000| PB 0x000000008f200000| Complete 
| 169|0x000000008f300000, 0x000000008f400000, 0x000000008f400000|100%| E|CS|TAMS 0x000000008f300000| PB 0x000000008f300000| Complete 
| 170|0x000000008f400000, 0x000000008f500000, 0x000000008f500000|100%| E|CS|TAMS 0x000000008f400000| PB 0x000000008f400000| Complete 
|1968|0x00000000ffa00000, 0x00000000ffb00000, 0x00000000ffb00000|100%| O|  |TAMS 0x00000000ffa00000| PB 0x00000000ffa00000| Untracked 
|1969|0x00000000ffb00000, 0x00000000ffc00000, 0x00000000ffc00000|100%| O|  |TAMS 0x00000000ffb00000| PB 0x00000000ffb00000| Untracked 
|1970|0x00000000ffc00000, 0x00000000ffd00000, 0x00000000ffd00000|100%| O|  |TAMS 0x00000000ffc00000| PB 0x00000000ffc00000| Untracked 
|1971|0x00000000ffd00000, 0x00000000ffe00000, 0x00000000ffe00000|100%| O|  |TAMS 0x00000000ffd00000| PB 0x00000000ffd00000| Untracked 
|1972|0x00000000ffe00000, 0x00000000fff00000, 0x00000000fff00000|100%| O|  |TAMS 0x00000000ffe00000| PB 0x00000000ffe00000| Untracked 
|1973|0x00000000fff00000, 0x0000000100000000, 0x0000000100000000|100%| O|  |TAMS 0x00000000fff00000| PB 0x00000000fff00000| Untracked 

Card table byte_map: [0x000001fffd150000,0x000001fffd530000] _byte_map_base: 0x000001fffcd2b000

Marking Bits: (CMBitMap*) 0x000001fff972c6a0
 Bits: [0x000001fffd530000, 0x000001ffff408000)

Polling page: 0x000001fff76d0000

Metaspace:

Usage:
  Non-class:     55.52 MB used.
      Class:      6.97 MB used.
       Both:     62.49 MB used.

Virtual space:
  Non-class space:       64.00 MB reserved,      55.69 MB ( 87%) committed,  1 nodes.
      Class space:        1.00 GB reserved,       7.06 MB ( <1%) committed,  1 nodes.
             Both:        1.06 GB reserved,      62.75 MB (  6%) committed. 

Chunk freelists:
   Non-Class:  8.16 MB
       Class:  8.88 MB
        Both:  17.03 MB

MaxMetaspaceSize: unlimited
CompressedClassSpaceSize: 1.00 GB
Initial GC threshold: 21.00 MB
Current GC threshold: 104.38 MB
CDS: off
 - commit_granule_bytes: 65536.
 - commit_granule_words: 8192.
 - virtual_space_node_default_size: 8388608.
 - enlarge_chunks_in_place: 1.
 - use_allocation_guard: 0.


Internal statistics:

num_allocs_failed_limit: 6.
num_arena_births: 346.
num_arena_deaths: 0.
num_vsnodes_births: 2.
num_vsnodes_deaths: 0.
num_space_committed: 1002.
num_space_uncommitted: 0.
num_chunks_returned_to_freelist: 6.
num_chunks_taken_from_freelist: 2337.
num_chunk_merges: 6.
num_chunk_splits: 1880.
num_chunks_enlarged: 1684.
num_inconsistent_stats: 0.

CodeHeap 'non-profiled nmethods': size=120000Kb used=6061Kb max_used=6131Kb free=113938Kb
 bounds [0x000001ff87ad0000, 0x000001ff880e0000, 0x000001ff8f000000]
CodeHeap 'profiled nmethods': size=120000Kb used=31041Kb max_used=31783Kb free=88958Kb
 bounds [0x000001ff80000000, 0x000001ff81f60000, 0x000001ff87530000]
CodeHeap 'non-nmethods': size=5760Kb used=1630Kb max_used=1696Kb free=4129Kb
 bounds [0x000001ff87530000, 0x000001ff877a0000, 0x000001ff87ad0000]
 total_blobs=10134 nmethods=9455 adapters=581
 compilation: enabled
              stopped_count=0, restarted_count=0
 full_count=0

Compilation events (20 events):
Event: 9.234 Thread 0x000001ff912979c0 nmethod 10810 0x000001ff80553d90 code [0x000001ff80553fe0, 0x000001ff80554858]
Event: 9.234 Thread 0x000001ff912979c0 10811  s    3       java.util.Vector::removeElementAt (115 bytes)
Event: 9.234 Thread 0x000001ff912979c0 nmethod 10811 0x000001ff80cfbd90 code [0x000001ff80cfc020, 0x000001ff80cfcb88]
Event: 9.245 Thread 0x000001ff912979c0 10812       3       java.math.BigInteger::equals (94 bytes)
Event: 9.245 Thread 0x000001ff912979c0 nmethod 10812 0x000001ff80129c10 code [0x000001ff80129e00, 0x000001ff8012a3c8]
Event: 9.263 Thread 0x000001ff912979c0 10816   !   3       org.jetbrains.kotlin.metadata.ProtoBuf$Constructor::<init> (520 bytes)
Event: 9.267 Thread 0x000001ff912979c0 nmethod 10816 0x000001ff80c4c910 code [0x000001ff80c4cfe0, 0x000001ff80c51678]
Event: 9.267 Thread 0x000001ff912979c0 10818       3       org.jetbrains.kotlin.fir.deserialization.ClassDeserializationKt::deserializeClassToSymbol (2868 bytes)
Event: 9.285 Thread 0x000001ff979c8ab0 nmethod 10792 0x000001ff87e5f590 code [0x000001ff87e5fbc0, 0x000001ff87e64050]
Event: 9.285 Thread 0x000001ff979c8ab0 10799       4       kotlin.collections.AbstractMap::size (5 bytes)
Event: 9.285 Thread 0x000001ff979c8ab0 nmethod 10799 0x000001ff87dd1f10 code [0x000001ff87dd20a0, 0x000001ff87dd2150]
Event: 9.285 Thread 0x000001ff979c8ab0 10814       4       org.jetbrains.kotlin.metadata.ProtoBuf$ValueParameter$1::parsePartialFrom (7 bytes)
Event: 9.286 Thread 0x000001ff979c8ab0 nmethod 10814 0x000001ff87e5ef90 code [0x000001ff87e5f120, 0x000001ff87e5f260]
Event: 9.286 Thread 0x000001ff979c8ab0 10815       4       org.jetbrains.kotlin.metadata.ProtoBuf$ValueParameter$1::parsePartialFrom (11 bytes)
Event: 9.287 Thread 0x000001ff979c8ab0 nmethod 10815 0x000001ff87e0ac10 code [0x000001ff87e0ada0, 0x000001ff87e0aee0]
Event: 9.287 Thread 0x000001ff979c8ab0 10817       4       org.jetbrains.kotlin.metadata.ProtoBuf$ValueParameter::isInitialized (101 bytes)
Event: 9.294 Thread 0x000001ff979c8ab0 nmethod 10817 0x000001ff87d23990 code [0x000001ff87d23bc0, 0x000001ff87d24148]
Event: 9.294 Thread 0x000001ff979c8ab0 10813       4       org.jetbrains.kotlin.fir.CopyUtilsKt::computeTypeAttributes$default (30 bytes)
Event: 9.295 Thread 0x000001ff979c8ab0 nmethod 10813 0x000001ff87e0a910 code [0x000001ff87e0aaa0, 0x000001ff87e0ab48]
Event: 9.295 Thread 0x000001ff979c8ab0 10776       4       org.jetbrains.kotlin.fir.caches.FirThreadUnsafeCacheWithPostCompute::getValue (129 bytes)

GC Heap History (20 events):
Event: 3.824 GC heap before
{Heap before GC invocations=19 (full 0):
 garbage-first heap   total 80896K, used 68179K [0x0000000084a00000, 0x0000000100000000)
  region size 1024K, 19 young (19456K), 3 survivors (3072K)
 Metaspace       used 52843K, committed 53120K, reserved 1114112K
  class space    used 6103K, committed 6208K, reserved 1048576K
}
Event: 3.832 GC heap after
{Heap after GC invocations=20 (full 0):
 garbage-first heap   total 80896K, used 56212K [0x0000000084a00000, 0x0000000100000000)
  region size 1024K, 3 young (3072K), 3 survivors (3072K)
 Metaspace       used 52843K, committed 53120K, reserved 1114112K
  class space    used 6103K, committed 6208K, reserved 1048576K
}
Event: 4.057 GC heap before
{Heap before GC invocations=21 (full 0):
 garbage-first heap   total 99328K, used 69524K [0x0000000084a00000, 0x0000000100000000)
  region size 1024K, 17 young (17408K), 3 survivors (3072K)
 Metaspace       used 54782K, committed 55040K, reserved 1114112K
  class space    used 6336K, committed 6464K, reserved 1048576K
}
Event: 4.066 GC heap after
{Heap after GC invocations=22 (full 0):
 garbage-first heap   total 99328K, used 59329K [0x0000000084a00000, 0x0000000100000000)
  region size 1024K, 3 young (3072K), 3 survivors (3072K)
 Metaspace       used 54782K, committed 55040K, reserved 1114112K
  class space    used 6336K, committed 6464K, reserved 1048576K
}
Event: 4.390 GC heap before
{Heap before GC invocations=22 (full 0):
 garbage-first heap   total 99328K, used 81857K [0x0000000084a00000, 0x0000000100000000)
  region size 1024K, 25 young (25600K), 3 survivors (3072K)
 Metaspace       used 57662K, committed 57984K, reserved 1114112K
  class space    used 6687K, committed 6784K, reserved 1048576K
}
Event: 4.398 GC heap after
{Heap after GC invocations=23 (full 0):
 garbage-first heap   total 99328K, used 61844K [0x0000000084a00000, 0x0000000100000000)
  region size 1024K, 3 young (3072K), 3 survivors (3072K)
 Metaspace       used 57662K, committed 57984K, reserved 1114112K
  class space    used 6687K, committed 6784K, reserved 1048576K
}
Event: 4.664 GC heap before
{Heap before GC invocations=23 (full 0):
 garbage-first heap   total 99328K, used 84372K [0x0000000084a00000, 0x0000000100000000)
  region size 1024K, 25 young (25600K), 3 survivors (3072K)
 Metaspace       used 58266K, committed 58560K, reserved 1114112K
  class space    used 6746K, committed 6848K, reserved 1048576K
}
Event: 4.673 GC heap after
{Heap after GC invocations=24 (full 0):
 garbage-first heap   total 130048K, used 68162K [0x0000000084a00000, 0x0000000100000000)
  region size 1024K, 4 young (4096K), 4 survivors (4096K)
 Metaspace       used 58266K, committed 58560K, reserved 1114112K
  class space    used 6746K, committed 6848K, reserved 1048576K
}
Event: 5.388 GC heap before
{Heap before GC invocations=25 (full 0):
 garbage-first heap   total 130048K, used 105026K [0x0000000084a00000, 0x0000000100000000)
  region size 1024K, 40 young (40960K), 4 survivors (4096K)
 Metaspace       used 60641K, committed 60928K, reserved 1114112K
  class space    used 7007K, committed 7104K, reserved 1048576K
}
Event: 5.400 GC heap after
{Heap after GC invocations=26 (full 0):
 garbage-first heap   total 130048K, used 75650K [0x0000000084a00000, 0x0000000100000000)
  region size 1024K, 5 young (5120K), 5 survivors (5120K)
 Metaspace       used 60641K, committed 60928K, reserved 1114112K
  class space    used 7007K, committed 7104K, reserved 1048576K
}
Event: 5.872 GC heap before
{Heap before GC invocations=26 (full 0):
 garbage-first heap   total 130048K, used 108418K [0x0000000084a00000, 0x0000000100000000)
  region size 1024K, 37 young (37888K), 5 survivors (5120K)
 Metaspace       used 61435K, committed 61760K, reserved 1114112K
  class space    used 7032K, committed 7168K, reserved 1048576K
}
Event: 5.885 GC heap after
{Heap after GC invocations=27 (full 0):
 garbage-first heap   total 130048K, used 82836K [0x0000000084a00000, 0x0000000100000000)
  region size 1024K, 5 young (5120K), 5 survivors (5120K)
 Metaspace       used 61435K, committed 61760K, reserved 1114112K
  class space    used 7032K, committed 7168K, reserved 1048576K
}
Event: 6.422 GC heap before
{Heap before GC invocations=27 (full 0):
 garbage-first heap   total 130048K, used 111508K [0x0000000084a00000, 0x0000000100000000)
  region size 1024K, 33 young (33792K), 5 survivors (5120K)
 Metaspace       used 62540K, committed 62784K, reserved 1114112K
  class space    used 7068K, committed 7168K, reserved 1048576K
}
Event: 6.429 GC heap after
{Heap after GC invocations=28 (full 0):
 garbage-first heap   total 130048K, used 87424K [0x0000000084a00000, 0x0000000100000000)
  region size 1024K, 4 young (4096K), 4 survivors (4096K)
 Metaspace       used 62540K, committed 62784K, reserved 1114112K
  class space    used 7068K, committed 7168K, reserved 1048576K
}
Event: 6.887 GC heap before
{Heap before GC invocations=29 (full 0):
 garbage-first heap   total 150528K, used 113024K [0x0000000084a00000, 0x0000000100000000)
  region size 1024K, 30 young (30720K), 4 survivors (4096K)
 Metaspace       used 62937K, committed 63232K, reserved 1114112K
  class space    used 7082K, committed 7232K, reserved 1048576K
}
Event: 6.895 GC heap after
{Heap after GC invocations=30 (full 0):
 garbage-first heap   total 150528K, used 90275K [0x0000000084a00000, 0x0000000100000000)
  region size 1024K, 4 young (4096K), 4 survivors (4096K)
 Metaspace       used 62937K, committed 63232K, reserved 1114112K
  class space    used 7082K, committed 7232K, reserved 1048576K
}
Event: 7.503 GC heap before
{Heap before GC invocations=30 (full 0):
 garbage-first heap   total 150528K, used 128163K [0x0000000084a00000, 0x0000000100000000)
  region size 1024K, 41 young (41984K), 4 survivors (4096K)
 Metaspace       used 63535K, committed 63808K, reserved 1114112K
  class space    used 7128K, committed 7232K, reserved 1048576K
}
Event: 7.516 GC heap after
{Heap after GC invocations=31 (full 0):
 garbage-first heap   total 150528K, used 94100K [0x0000000084a00000, 0x0000000100000000)
  region size 1024K, 6 young (6144K), 6 survivors (6144K)
 Metaspace       used 63535K, committed 63808K, reserved 1114112K
  class space    used 7128K, committed 7232K, reserved 1048576K
}
Event: 8.407 GC heap before
{Heap before GC invocations=31 (full 0):
 garbage-first heap   total 150528K, used 131988K [0x0000000084a00000, 0x0000000100000000)
  region size 1024K, 43 young (44032K), 6 survivors (6144K)
 Metaspace       used 63860K, committed 64128K, reserved 1114112K
  class space    used 7133K, committed 7232K, reserved 1048576K
}
Event: 8.422 GC heap after
{Heap after GC invocations=32 (full 0):
 garbage-first heap   total 181248K, used 99793K [0x0000000084a00000, 0x0000000100000000)
  region size 1024K, 6 young (6144K), 6 survivors (6144K)
 Metaspace       used 63860K, committed 64128K, reserved 1114112K
  class space    used 7133K, committed 7232K, reserved 1048576K
}

Dll operation events (3 events):
Event: 0.009 Loaded shared library E:\Android\Android_config\jbr\bin\java.dll
Event: 0.014 Loaded shared library E:\Android\Android_config\jbr\bin\zip.dll
Event: 0.806 Loaded shared library E:\Android\Android_config\jbr\bin\verify.dll

Deoptimization events (20 events):
Event: 8.904 Thread 0x000001fff7421810 Uncommon trap: trap_request=0xffffff54 fr.pc=0x000001ff88094d3c relative=0x000000000000019c
Event: 8.904 Thread 0x000001fff7421810 Uncommon trap: reason=speculate_null_assert action=make_not_entrant pc=0x000001ff88094d3c method=org.jetbrains.kotlin.fir.resolve.calls.CandidateFactory.unwrapIntegerOperatorSymbolIfNeeded(Lorg/jetbrains/kotlin/fir/symbols/FirBasedSymbol;Lorg/jetbrains/ko
Event: 8.904 Thread 0x000001fff7421810 DEOPT PACKING pc=0x000001ff88094d3c sp=0x00000039d67f9740
Event: 8.904 Thread 0x000001fff7421810 DEOPT UNPACKING pc=0x000001ff875846a2 sp=0x00000039d67f9668 mode 2
Event: 8.904 Thread 0x000001fff7421810 Uncommon trap: trap_request=0xffffffbe fr.pc=0x000001ff880c4cb0 relative=0x00000000000073b0
Event: 8.904 Thread 0x000001fff7421810 Uncommon trap: reason=profile_predicate action=maybe_recompile pc=0x000001ff880c4cb0 method=org.jetbrains.kotlin.types.AbstractNullabilityChecker.hasNotNullSupertype(Lorg/jetbrains/kotlin/types/TypeCheckerState;Lorg/jetbrains/kotlin/types/model/SimpleType
Event: 8.904 Thread 0x000001fff7421810 DEOPT PACKING pc=0x000001ff880c4cb0 sp=0x00000039d67f93e0
Event: 8.904 Thread 0x000001fff7421810 DEOPT UNPACKING pc=0x000001ff875846a2 sp=0x00000039d67f93b8 mode 2
Event: 8.905 Thread 0x000001fff7421810 Uncommon trap: trap_request=0xffffffbe fr.pc=0x000001ff880c4cb0 relative=0x00000000000073b0
Event: 8.905 Thread 0x000001fff7421810 Uncommon trap: reason=profile_predicate action=maybe_recompile pc=0x000001ff880c4cb0 method=org.jetbrains.kotlin.types.AbstractNullabilityChecker.hasNotNullSupertype(Lorg/jetbrains/kotlin/types/TypeCheckerState;Lorg/jetbrains/kotlin/types/model/SimpleType
Event: 8.905 Thread 0x000001fff7421810 DEOPT PACKING pc=0x000001ff880c4cb0 sp=0x00000039d67f93e0
Event: 8.905 Thread 0x000001fff7421810 DEOPT UNPACKING pc=0x000001ff875846a2 sp=0x00000039d67f93b8 mode 2
Event: 8.905 Thread 0x000001fff7421810 Uncommon trap: trap_request=0xffffffbe fr.pc=0x000001ff880c4cb0 relative=0x00000000000073b0
Event: 8.905 Thread 0x000001fff7421810 Uncommon trap: reason=profile_predicate action=maybe_recompile pc=0x000001ff880c4cb0 method=org.jetbrains.kotlin.types.AbstractNullabilityChecker.hasNotNullSupertype(Lorg/jetbrains/kotlin/types/TypeCheckerState;Lorg/jetbrains/kotlin/types/model/SimpleType
Event: 8.905 Thread 0x000001fff7421810 DEOPT PACKING pc=0x000001ff880c4cb0 sp=0x00000039d67f93e0
Event: 8.905 Thread 0x000001fff7421810 DEOPT UNPACKING pc=0x000001ff875846a2 sp=0x00000039d67f93b8 mode 2
Event: 8.905 Thread 0x000001fff7421810 Uncommon trap: trap_request=0xffffffbe fr.pc=0x000001ff880c4cb0 relative=0x00000000000073b0
Event: 8.905 Thread 0x000001fff7421810 Uncommon trap: reason=profile_predicate action=maybe_recompile pc=0x000001ff880c4cb0 method=org.jetbrains.kotlin.types.AbstractNullabilityChecker.hasNotNullSupertype(Lorg/jetbrains/kotlin/types/TypeCheckerState;Lorg/jetbrains/kotlin/types/model/SimpleType
Event: 8.905 Thread 0x000001fff7421810 DEOPT PACKING pc=0x000001ff880c4cb0 sp=0x00000039d67f93e0
Event: 8.905 Thread 0x000001fff7421810 DEOPT UNPACKING pc=0x000001ff875846a2 sp=0x00000039d67f93b8 mode 2

Classes loaded (20 events):
Event: 5.076 Loading class java/util/stream/Nodes$SpinedNodeBuilder
Event: 5.076 Loading class java/util/stream/Node$Builder
Event: 5.076 Loading class java/util/stream/Node$Builder done
Event: 5.076 Loading class java/util/stream/SpinedBuffer
Event: 5.077 Loading class java/util/stream/AbstractSpinedBuffer
Event: 5.077 Loading class java/util/stream/AbstractSpinedBuffer done
Event: 5.077 Loading class java/util/stream/SpinedBuffer done
Event: 5.077 Loading class java/util/stream/Nodes$SpinedNodeBuilder done
Event: 5.077 Loading class java/util/stream/ReferencePipeline$2$1
Event: 5.077 Loading class java/util/stream/ReferencePipeline$2$1 done
Event: 5.226 Loading class java/lang/Byte$ByteCache
Event: 5.226 Loading class java/lang/Byte$ByteCache done
Event: 6.171 Loading class java/lang/Short$ShortCache
Event: 6.171 Loading class java/lang/Short$ShortCache done
Event: 6.334 Loading class jdk/internal/math/FloatToDecimal
Event: 6.334 Loading class jdk/internal/math/FloatToDecimal done
Event: 6.334 Loading class jdk/internal/math/MathUtils
Event: 6.335 Loading class jdk/internal/math/MathUtils done
Event: 7.359 Loading class java/security/CodeSigner
Event: 7.359 Loading class java/security/CodeSigner done

Classes unloaded (0 events):
No events

Classes redefined (0 events):
No events

Internal exceptions (20 events):
Event: 4.033 Thread 0x000001fff7421810 Exception <a 'java/lang/NoSuchMethodError'{0x000000008987c518}: 'java.lang.Object java.lang.invoke.DirectMethodHandle$Holder.newInvokeSpecial(java.lang.Object, java.lang.Object, java.lang.Object, java.lang.Object, int, java.lang.Object, java.lang.Object)'> (0x000000008987c518) 
thrown [s\src\hotspot\share\interpreter\linkResolver.cpp, line 784]
Event: 4.206 Thread 0x000001fff7421810 Exception <a 'java/lang/NoSuchMethodError'{0x0000000089802400}: 'java.lang.Object java.lang.invoke.DirectMethodHandle$Holder.invokeStatic(java.lang.Object, int, java.lang.Object, java.lang.Object)'> (0x0000000089802400) 
thrown [s\src\hotspot\share\interpreter\linkResolver.cpp, line 784]
Event: 4.207 Thread 0x000001fff7421810 Exception <a 'java/lang/NoSuchMethodError'{0x0000000089809470}: 'java.lang.Object java.lang.invoke.DirectMethodHandle$Holder.newInvokeSpecial(java.lang.Object, int, java.lang.Object)'> (0x0000000089809470) 
thrown [s\src\hotspot\share\interpreter\linkResolver.cpp, line 784]
Event: 4.302 Thread 0x000001fff7421810 Implicit null exception at 0x000001ff87d43ba5 to 0x000001ff87d443a8
Event: 4.401 Thread 0x000001fff7421810 Exception <a 'java/lang/NoSuchMethodError'{0x000000008c51c4a0}: 'java.lang.Object java.lang.invoke.DirectMethodHandle$Holder.newInvokeSpecial(java.lang.Object, java.lang.Object, java.lang.Object, int, int)'> (0x000000008c51c4a0) 
thrown [s\src\hotspot\share\interpreter\linkResolver.cpp, line 784]
Event: 4.827 Thread 0x000001fff7421810 Exception <a 'java/lang/NoSuchMethodError'{0x000000008b6c51b0}: 'java.lang.Object java.lang.invoke.DirectMethodHandle$Holder.newInvokeSpecial(java.lang.Object, java.lang.Object, java.lang.Object, java.lang.Object, java.lang.Object, java.lang.Object, java.lang.Object, java.lang.Object, java.lang.Object)'> (0x000000008b6c51b0) 
thrown [s\src\hotspot\share\interpreter\linkResolver.cpp, line 784]
Event: 4.838 Thread 0x000001fff7421810 Exception <a 'java/lang/NoSuchMethodError'{0x000000008b5057c0}: 'java.lang.Object java.lang.invoke.DirectMethodHandle$Holder.newInvokeSpecial(java.lang.Object, java.lang.Object, java.lang.Object, int)'> (0x000000008b5057c0) 
thrown [s\src\hotspot\share\interpreter\linkResolver.cpp, line 784]
Event: 4.838 Thread 0x000001fff7421810 Exception <a 'java/lang/NoSuchMethodError'{0x000000008b5095a0}: 'java.lang.Object java.lang.invoke.DirectMethodHandle$Holder.invokeSpecial(java.lang.Object, java.lang.Object, java.lang.Object, java.lang.Object, int)'> (0x000000008b5095a0) 
thrown [s\src\hotspot\share\interpreter\linkResolver.cpp, line 784]
Event: 4.838 Thread 0x000001fff7421810 Exception <a 'java/lang/NoSuchMethodError'{0x000000008b50ccd8}: 'java.lang.Object java.lang.invoke.Invokers$Holder.linkToTargetMethod(java.lang.Object, java.lang.Object, int, java.lang.Object)'> (0x000000008b50ccd8) 
thrown [s\src\hotspot\share\interpreter\linkResolver.cpp, line 784]
Event: 4.909 Thread 0x000001fff7421810 Exception <a 'java/lang/NoSuchMethodError'{0x000000008b37d568}: 'java.lang.Object java.lang.invoke.DirectMethodHandle$Holder.newInvokeSpecial(java.lang.Object, java.lang.Object, java.lang.Object, java.lang.Object, int, int)'> (0x000000008b37d568) 
thrown [s\src\hotspot\share\interpreter\linkResolver.cpp, line 784]
Event: 4.909 Thread 0x000001fff7421810 Exception <a 'java/lang/NoSuchMethodError'{0x000000008b385048}: 'java.lang.Object java.lang.invoke.Invokers$Holder.linkToTargetMethod(java.lang.Object, java.lang.Object, java.lang.Object, int, int, java.lang.Object)'> (0x000000008b385048) 
thrown [s\src\hotspot\share\interpreter\linkResolver.cpp, line 784]
Event: 4.974 Thread 0x000001fff7421810 Exception <a 'java/lang/NoSuchMethodError'{0x000000008b0cfb38}: 'java.lang.Object java.lang.invoke.DirectMethodHandle$Holder.invokeStatic(java.lang.Object, java.lang.Object, java.lang.Object, int, java.lang.Object, java.lang.Object)'> (0x000000008b0cfb38) 
thrown [s\src\hotspot\share\interpreter\linkResolver.cpp, line 784]
Event: 5.073 Thread 0x000001fff7421810 Exception <a 'java/lang/NoSuchMethodError'{0x000000008ac12e88}: 'void java.lang.invoke.DirectMethodHandle$Holder.invokeInterface(java.lang.Object, java.lang.Object)'> (0x000000008ac12e88) 
thrown [s\src\hotspot\share\interpreter\linkResolver.cpp, line 784]
Event: 5.083 Thread 0x000001fff7421810 Exception <a 'java/lang/IncompatibleClassChangeError'{0x000000008ac49d60}: Found class java.lang.Object, but interface was expected> (0x000000008ac49d60) 
thrown [s\src\hotspot\share\interpreter\linkResolver.cpp, line 851]
Event: 5.264 Thread 0x000001fff7421810 Exception <a 'java/lang/NoSuchMethodError'{0x000000008a18ea10}: 'java.lang.Object java.lang.invoke.DirectMethodHandle$Holder.newInvokeSpecial(java.lang.Object, java.lang.Object, java.lang.Object, java.lang.Object, java.lang.Object, java.lang.Object, int)'> (0x000000008a18ea10) 
thrown [s\src\hotspot\share\interpreter\linkResolver.cpp, line 784]
Event: 5.264 Thread 0x000001fff7421810 Exception <a 'java/lang/NoSuchMethodError'{0x000000008a1939e8}: 'java.lang.Object java.lang.invoke.DirectMethodHandle$Holder.invokeSpecial(java.lang.Object, java.lang.Object, java.lang.Object, java.lang.Object, java.lang.Object, java.lang.Object, java.lang.Object, int)'> (0x000000008a1939e8) 
thrown [s\src\hotspot\share\interpreter\linkResolver.cpp, line 784]
Event: 5.800 Thread 0x000001fff7421810 Exception <a 'java/lang/NoSuchMethodError'{0x000000008a753438}: 'java.lang.Object java.lang.invoke.DirectMethodHandle$Holder.newInvokeSpecial(java.lang.Object, int, java.lang.Object, java.lang.Object, java.lang.Object)'> (0x000000008a753438) 
thrown [s\src\hotspot\share\interpreter\linkResolver.cpp, line 784]
Event: 5.800 Thread 0x000001fff7421810 Exception <a 'java/lang/NoSuchMethodError'{0x000000008a75ad58}: 'java.lang.Object java.lang.invoke.Invokers$Holder.linkToTargetMethod(int, java.lang.Object, java.lang.Object, java.lang.Object, java.lang.Object)'> (0x000000008a75ad58) 
thrown [s\src\hotspot\share\interpreter\linkResolver.cpp, line 784]
Event: 6.208 Thread 0x000001fff7421810 Exception <a 'java/lang/NoSuchMethodError'{0x000000008b4ebde8}: 'java.lang.Object java.lang.invoke.DirectMethodHandle$Holder.newInvokeSpecial(java.lang.Object, java.lang.Object, java.lang.Object, java.lang.Object, java.lang.Object, int)'> (0x000000008b4ebde8) 
thrown [s\src\hotspot\share\interpreter\linkResolver.cpp, line 784]
Event: 6.208 Thread 0x000001fff7421810 Exception <a 'java/lang/NoSuchMethodError'{0x000000008b4f0ba0}: 'java.lang.Object java.lang.invoke.DirectMethodHandle$Holder.invokeSpecial(java.lang.Object, java.lang.Object, java.lang.Object, java.lang.Object, java.lang.Object, java.lang.Object, int)'> (0x000000008b4f0ba0) 
thrown [s\src\hotspot\share\interpreter\linkResolver.cpp, line 784]

ZGC Phase Switch (0 events):
No events

VM Operations (20 events):
Event: 7.361 Executing VM operation: HandshakeAllThreads (Deoptimize)
Event: 7.361 Executing VM operation: HandshakeAllThreads (Deoptimize) done
Event: 7.362 Executing VM operation: HandshakeAllThreads (Deoptimize)
Event: 7.362 Executing VM operation: HandshakeAllThreads (Deoptimize) done
Event: 7.371 Executing VM operation: ICBufferFull
Event: 7.371 Executing VM operation: ICBufferFull done
Event: 7.453 Executing VM operation: HandshakeAllThreads (Deoptimize)
Event: 7.453 Executing VM operation: HandshakeAllThreads (Deoptimize) done
Event: 7.503 Executing VM operation: G1CollectForAllocation (G1 Evacuation Pause)
Event: 7.516 Executing VM operation: G1CollectForAllocation (G1 Evacuation Pause) done
Event: 7.742 Executing VM operation: ICBufferFull
Event: 7.742 Executing VM operation: ICBufferFull done
Event: 8.017 Executing VM operation: ICBufferFull
Event: 8.017 Executing VM operation: ICBufferFull done
Event: 8.407 Executing VM operation: G1CollectForAllocation (G1 Evacuation Pause)
Event: 8.422 Executing VM operation: G1CollectForAllocation (G1 Evacuation Pause) done
Event: 8.480 Executing VM operation: G1PauseRemark
Event: 8.494 Executing VM operation: G1PauseRemark done
Event: 8.521 Executing VM operation: G1PauseCleanup
Event: 8.524 Executing VM operation: G1PauseCleanup done

Events (20 events):
Event: 8.494 Thread 0x000001ff911fea80 flushing nmethod 0x000001ff87de8c10
Event: 8.494 Thread 0x000001ff911fea80 flushing nmethod 0x000001ff87dd1f10
Event: 8.494 Thread 0x000001ff911fea80 flushing nmethod 0x000001ff87d9be10
Event: 8.494 Thread 0x000001ff911fea80 flushing nmethod 0x000001ff87d77090
Event: 8.494 Thread 0x000001ff911fea80 flushing nmethod 0x000001ff87d8c590
Event: 8.494 Thread 0x000001ff911fea80 flushing nmethod 0x000001ff87d6f910
Event: 8.494 Thread 0x000001ff911fea80 flushing nmethod 0x000001ff87d27910
Event: 8.494 Thread 0x000001ff911fea80 flushing nmethod 0x000001ff87d23990
Event: 8.494 Thread 0x000001ff911fea80 flushing nmethod 0x000001ff87d02b90
Event: 8.494 Thread 0x000001ff911fea80 flushing nmethod 0x000001ff87c88090
Event: 8.494 Thread 0x000001ff911fea80 flushing nmethod 0x000001ff87c51810
Event: 8.494 Thread 0x000001ff911fea80 flushing nmethod 0x000001ff87c34890
Event: 8.494 Thread 0x000001ff911fea80 flushing nmethod 0x000001ff87c16210
Event: 8.494 Thread 0x000001ff911fea80 flushing nmethod 0x000001ff87b52b10
Event: 8.494 Thread 0x000001ff911fea80 flushing nmethod 0x000001ff87b75910
Event: 8.494 Thread 0x000001ff911fea80 flushing nmethod 0x000001ff87b3c990
Event: 8.494 Thread 0x000001ff911fea80 flushing nmethod 0x000001ff87b39290
Event: 8.802 Thread 0x000001ff9d8c2b90 Thread exited: 0x000001ff9d8c2b90
Event: 8.890 Thread 0x000001ff99346a50 Thread exited: 0x000001ff99346a50
Event: 9.137 Thread 0x000001ff979c8ab0 Thread added: 0x000001ff979c8ab0


Dynamic libraries:
0x00007ff7f18c0000 - 0x00007ff7f18ca000 	E:\Android\Android_config\jbr\bin\java.exe
0x00007ff8e2aa0000 - 0x00007ff8e2d06000 	C:\WINDOWS\SYSTEM32\ntdll.dll
0x00007ff8e1030000 - 0x00007ff8e10f9000 	C:\WINDOWS\System32\KERNEL32.DLL
0x00007ff8e0260000 - 0x00007ff8e062c000 	C:\WINDOWS\System32\KERNELBASE.dll
0x00007ff8dfc60000 - 0x00007ff8dfdab000 	C:\WINDOWS\System32\ucrtbase.dll
0x00007ff8d5e90000 - 0x00007ff8d5eab000 	E:\Android\Android_config\jbr\bin\VCRUNTIME140.dll
0x00007ff8c4600000 - 0x00007ff8c4618000 	E:\Android\Android_config\jbr\bin\jli.dll
0x00007ff8e1d80000 - 0x00007ff8e1f4a000 	C:\WINDOWS\System32\USER32.dll
0x00007ff8dfc30000 - 0x00007ff8dfc57000 	C:\WINDOWS\System32\win32u.dll
0x00007ff8c1ec0000 - 0x00007ff8c215a000 	C:\WINDOWS\WinSxS\amd64_microsoft.windows.common-controls_6595b64144ccf1df_6.0.26100.3912_none_3e07963ce335137e\COMCTL32.dll
0x00007ff8e1810000 - 0x00007ff8e183b000 	C:\WINDOWS\System32\GDI32.dll
0x00007ff8e2000000 - 0x00007ff8e20a9000 	C:\WINDOWS\System32\msvcrt.dll
0x00007ff8dfdb0000 - 0x00007ff8dfee2000 	C:\WINDOWS\System32\gdi32full.dll
0x00007ff8e0630000 - 0x00007ff8e06d3000 	C:\WINDOWS\System32\msvcp_win.dll
0x00007ff8e1100000 - 0x00007ff8e1130000 	C:\WINDOWS\System32\IMM32.DLL
0x00007ff8d9220000 - 0x00007ff8d922c000 	E:\Android\Android_config\jbr\bin\vcruntime140_1.dll
0x00007ff8ac9c0000 - 0x00007ff8aca4d000 	E:\Android\Android_config\jbr\bin\msvcp140.dll
0x00007ff8619a0000 - 0x00007ff86261d000 	E:\Android\Android_config\jbr\bin\server\jvm.dll
0x00007ff8e1730000 - 0x00007ff8e17e2000 	C:\WINDOWS\System32\ADVAPI32.dll
0x00007ff8e1f50000 - 0x00007ff8e1ff6000 	C:\WINDOWS\System32\sechost.dll
0x00007ff8e27a0000 - 0x00007ff8e28b6000 	C:\WINDOWS\System32\RPCRT4.dll
0x00007ff8e1140000 - 0x00007ff8e11b4000 	C:\WINDOWS\System32\WS2_32.dll
0x00007ff8de860000 - 0x00007ff8de8be000 	C:\WINDOWS\SYSTEM32\POWRPROF.dll
0x00007ff8cd250000 - 0x00007ff8cd25b000 	C:\WINDOWS\SYSTEM32\VERSION.dll
0x00007ff8d66f0000 - 0x00007ff8d6726000 	C:\WINDOWS\SYSTEM32\WINMM.dll
0x00007ff8de840000 - 0x00007ff8de854000 	C:\WINDOWS\SYSTEM32\UMPDC.dll
0x00007ff8deb10000 - 0x00007ff8deb2a000 	C:\WINDOWS\SYSTEM32\kernel.appcore.dll
0x00007ff8d5e80000 - 0x00007ff8d5e8a000 	E:\Android\Android_config\jbr\bin\jimage.dll
0x00007ff8dd2e0000 - 0x00007ff8dd521000 	C:\WINDOWS\SYSTEM32\DBGHELP.DLL
0x00007ff8e19e0000 - 0x00007ff8e1d64000 	C:\WINDOWS\System32\combase.dll
0x00007ff8e18f0000 - 0x00007ff8e19d0000 	C:\WINDOWS\System32\OLEAUT32.dll
0x00007ff8a6fb0000 - 0x00007ff8a6fe9000 	C:\WINDOWS\SYSTEM32\dbgcore.DLL
0x00007ff8dfef0000 - 0x00007ff8dff89000 	C:\WINDOWS\System32\bcryptPrimitives.dll
0x00007ff8d5e60000 - 0x00007ff8d5e7f000 	E:\Android\Android_config\jbr\bin\java.dll
0x00007ff8d5db0000 - 0x00007ff8d5dc8000 	E:\Android\Android_config\jbr\bin\zip.dll
0x00007ff8e0860000 - 0x00007ff8e0f8d000 	C:\WINDOWS\System32\SHELL32.dll
0x00007ff8dff90000 - 0x00007ff8e0104000 	C:\WINDOWS\System32\wintypes.dll
0x00007ff8dd8c0000 - 0x00007ff8de116000 	C:\WINDOWS\SYSTEM32\windows.storage.dll
0x00007ff8e1420000 - 0x00007ff8e150f000 	C:\WINDOWS\System32\SHCORE.dll
0x00007ff8e0fc0000 - 0x00007ff8e1029000 	C:\WINDOWS\System32\shlwapi.dll
0x00007ff8dfb40000 - 0x00007ff8dfb6f000 	C:\WINDOWS\SYSTEM32\profapi.dll
0x00007ff8d5d90000 - 0x00007ff8d5da0000 	E:\Android\Android_config\jbr\bin\net.dll
0x00007ff8d8cf0000 - 0x00007ff8d8e0e000 	C:\WINDOWS\SYSTEM32\WINHTTP.dll
0x00007ff8df080000 - 0x00007ff8df0ea000 	C:\WINDOWS\system32\mswsock.dll
0x00007ff8cafd0000 - 0x00007ff8cafe6000 	E:\Android\Android_config\jbr\bin\nio.dll
0x00007ff8c7ae0000 - 0x00007ff8c7af0000 	E:\Android\Android_config\jbr\bin\verify.dll

dbghelp: loaded successfully - version: 4.0.5 - missing functions: none
symbol engine: initialized successfully - sym options: 0x614 - pdb path: .;E:\Android\Android_config\jbr\bin;C:\WINDOWS\SYSTEM32;C:\WINDOWS\WinSxS\amd64_microsoft.windows.common-controls_6595b64144ccf1df_6.0.26100.3912_none_3e07963ce335137e;E:\Android\Android_config\jbr\bin\server

VM Arguments:
java_command: org.jetbrains.kotlin.cli.jvm.K2JVMCompiler @E:\project_kotlin\app\build\20250511_8519510275478401500.compiler.options
java_class_path (initial): C:\Users\CYBORG 15\.gradle\caches\modules-2\files-2.1\org.jetbrains.kotlin\kotlin-compiler-embeddable\2.0.0\1de310de3446414381282ffc46c3ed3919a4d1da\kotlin-compiler-embeddable-2.0.0.jar;C:\Users\CYBORG 15\.gradle\caches\modules-2\files-2.1\org.jetbrains.kotlin\kotlin-stdlib\2.0.0\b48df2c4aede9586cc931ead433bc02d6fd7879e\kotlin-stdlib-2.0.0.jar;C:\Users\CYBORG 15\.gradle\caches\modules-2\files-2.1\org.jetbrains.kotlin\kotlin-script-runtime\2.0.0\fdc27dd047d592fa41d2dfa21e7621287a361612\kotlin-script-runtime-2.0.0.jar;C:\Users\CYBORG 15\.gradle\caches\modules-2\files-2.1\org.jetbrains.kotlin\kotlin-reflect\1.6.10\1cbe9c92c12a94eea200d23c2bbaedaf3daf5132\kotlin-reflect-1.6.10.jar;C:\Users\CYBORG 15\.gradle\caches\modules-2\files-2.1\org.jetbrains.kotlin\kotlin-daemon-embeddable\2.0.0\b39c612768614c4428c96ee9c65477181fffe9d\kotlin-daemon-embeddable-2.0.0.jar;C:\Users\CYBORG 15\.gradle\caches\modules-2\files-2.1\org.jetbrains.intellij.deps\trove4j\1.0.20200330\3afb14d5f9ceb459d724e907a21145e8ff394f02\trove4j-1.0.20200330.jar;C:\Users\CYBORG 15\.gradle\caches\modules-2\files-2.1\org.jetbrains\annotations\13.0\919f0dfe192fb4e063e7dacadee7f8bb9a2672a9\annotations-13.0.jar
Launcher Type: SUN_STANDARD

[Global flags]
     intx CICompilerCount                          = 4                                         {product} {ergonomic}
     uint ConcGCThreads                            = 3                                         {product} {ergonomic}
     uint G1ConcRefinementThreads                  = 10                                        {product} {ergonomic}
   size_t G1HeapRegionSize                         = 1048576                                   {product} {ergonomic}
    uintx GCDrainStackTargetSize                   = 64                                        {product} {ergonomic}
   size_t InitialHeapSize                          = 130023424                                 {product} {ergonomic}
   size_t MarkStackSize                            = 4194304                                   {product} {ergonomic}
   size_t MaxHeapSize                              = 2069889024                                {product} {ergonomic}
   size_t MaxNewSize                               = 1241513984                                {product} {ergonomic}
   size_t MinHeapDeltaBytes                        = 1048576                                   {product} {ergonomic}
   size_t MinHeapSize                              = 8388608                                   {product} {ergonomic}
    uintx NonNMethodCodeHeapSize                   = 5839372                                {pd product} {ergonomic}
    uintx NonProfiledCodeHeapSize                  = 122909434                              {pd product} {ergonomic}
    uintx ProfiledCodeHeapSize                     = 122909434                              {pd product} {ergonomic}
    uintx ReservedCodeCacheSize                    = 251658240                              {pd product} {ergonomic}
     bool SegmentedCodeCache                       = true                                      {product} {ergonomic}
   size_t SoftMaxHeapSize                          = 2069889024                             {manageable} {ergonomic}
     bool UseCompressedOops                        = true                           {product lp64_product} {ergonomic}
     bool UseG1GC                                  = true                                      {product} {ergonomic}
     bool UseLargePagesIndividualAllocation        = false                                  {pd product} {ergonomic}

Logging:
Log output configuration:
 #0: stdout all=warning uptime,level,tags foldmultilines=false
 #1: stderr all=off uptime,level,tags foldmultilines=false

Environment Variables:
JAVA_HOME=C:\Program Files\OpenJDK\jdk-22.0.2
PATH=C:\Program Files\Common Files\Oracle\Java\javapath;C:\Program Files\Python312\Scripts\;C:\Program Files\Python312\;C:\Windows\system32;C:\Windows;C:\Windows\System32\Wbem;C:\Windows\System32\WindowsPowerShell\v1.0\;C:\Windows\System32\OpenSSH\;C:\Program Files (x86)\NVIDIA Corporation\PhysX\Common;C:\Program Files\NVIDIA Corporation\NVIDIA NvDLISR;C:\Program Files\Java\jdk-21;C:\Program Files (x86)\Microsoft SQL Server\160\Tools\Binn\;C:\Program Files\Microsoft SQL Server\160\Tools\Binn\;C:\Program Files\Microsoft SQL Server\Client SDK\ODBC\170\Tools\Binn\;C:\Program Files\Microsoft SQL Server\160\DTS\Binn\;C:\Program Files\Azure Data Studio\bin;C:\Program Files\Microsoft VS Code\bin;C:\Program Files\Java\jdk-22\bin;C:\msys64\ucrt64\bin;E:\C++_VS\mingw 18.0\MinGW\bin;C:\Program Files\Git\cmd;C:\Program Files\nodejs\;E:\Setup\apache-maven-3.9.9\bin;C:\Program Files\Cloudflare\Cloudflare WARP\;C:\ProgramData\ComposerSetup\bin;C:\Program Files\Docker\Docker\resources\bin;C:\WINDOWS\system32;C:\WINDOWS;C:\WINDOWS\System32\Wbem;C:\WINDOWS\System32\WindowsPowerShell\v1.0\;C:\WINDOWS\System32\OpenSSH\;E:\Setup\apache-maven-3.9.9\bin;C:\ProgramData\chocolatey\bin;C:\Program Files\OpenJDK\jdk-22.0.2\bin;D:\anaconda;D:\anaconda\Scripts;D:\anaconda\Library;E:\Python\Graphviz\bin;D:\thu_muc_la\platform-tools;C:\Users\CYBORG 15\AppData\Local\Microsoft\WindowsApps;C:\Program Files\Azure Data Studio\bin;C:\msys64\ucrt64\bin.;C:\Users\CYBORG 15\AppData\Roaming\npm;C:\Program Files\nodejs;C:\Program Files\JetBrains\IntelliJ IDEA 2024.3.1\bin;;C:\Xamp\php;C:\Users\CYBORG 15\AppData\Roaming\Composer\vendor\bin;;D:\IntelliJ IDEA Community Edition 2025.1\bin;;C:\Users\CYBORG 15\AppData\Local\Programs\cursor\resources\app\bin
USERNAME=MinhHieu
OS=Windows_NT
PROCESSOR_IDENTIFIER=Intel64 Family 6 Model 154 Stepping 3, GenuineIntel
TMP=C:\Users\CYBORG~1\AppData\Local\Temp
TEMP=C:\Users\CYBORG~1\AppData\Local\Temp




Periodic native trim disabled

JNI global refs:
JNI global refs: 12, weak refs: 3

JNI global refs memory usage: 835, weak refs: 833

Process memory usage:
Resident Set Size: 411604K (5% of 8085160K total physical memory with 497472K free physical memory)

OOME stack traces (most recent first):
Classloader memory used:
Loader jdk.internal.loader.ClassLoaders$AppClassLoader                                 : 52439K
Loader bootstrap                                                                       : 11320K
Loader java.net.URLClassLoader                                                         : 233K

---------------  S Y S T E M  ---------------

OS:
 Windows 11 , 64 bit Build 26100 (10.0.26100.3912)
OS uptime: 0 days 3:27 hours
Hyper-V role detected

CPU: total 12 (initial active 12) (6 cores per cpu, 2 threads per core) family 6 model 154 stepping 3 microcode 0x424, cx8, cmov, fxsr, ht, mmx, 3dnowpref, sse, sse2, sse3, ssse3, sse4.1, sse4.2, popcnt, lzcnt, tsc, tscinvbit, avx, avx2, aes, erms, clmul, bmi1, bmi2, adx, sha, fma, vzeroupper, clflush, clflushopt, clwb, hv, serialize, rdtscp, rdpid, fsrm, f16c, cet_ibt, cet_ss
Processor Information for all 12 processors :
  Max Mhz: 2000, Current Mhz: 2000, Mhz Limit: 2000

Memory: 4k page, system-wide physical 7895M (489M free)
TotalPageFile size 22222M (AvailPageFile size 9M)
current process WorkingSet (physical memory assigned to process): 402M, peak: 404M
current process commit charge ("private bytes"): 450M, peak: 461M

vm_info: OpenJDK 64-Bit Server VM (21.0.3+-12282718-b509.11) for windows-amd64 JRE (21.0.3+-12282718-b509.11), built on 2024-08-27T17:34:15Z by "builder" with MS VC++ 16.10 / 16.11 (VS2019)

END.
