#
# There is insufficient memory for the Java Runtime Environment to continue.
# Native memory allocation (mmap) failed to map 5242880 bytes. Error detail: G1 virtual space
# Possible reasons:
#   The system is out of physical RAM or swap space
#   This process is running with CompressedOops enabled, and the Java Heap may be blocking the growth of the native heap
# Possible solutions:
#   Reduce memory load on the system
#   Increase physical memory or swap space
#   Check if swap backing store is full
#   Decrease Java heap size (-Xmx/-Xms)
#   Decrease number of Java threads
#   Decrease Java thread stack sizes (-Xss)
#   Set larger code cache with -XX:ReservedCodeCacheSize=
#   JVM is running with Unscaled Compressed Oops mode in which the Java heap is
#     placed in the first 4GB address space. The Java Heap base address is the
#     maximum limit for the native heap growth. Please use -XX:HeapBaseMinAddress
#     to set the Java Heap base and to place the Java Heap above 4GB virtual address.
# This output file may be truncated or incomplete.
#
#  Out of Memory Error (os_windows.cpp:3815), pid=14196, tid=9344
#
# JRE version: OpenJDK Runtime Environment (21.0.3) (build 21.0.3+-12282718-b509.11)
# Java VM: OpenJDK 64-Bit Server VM (21.0.3+-12282718-b509.11, mixed mode, tiered, compressed oops, compressed class ptrs, g1 gc, windows-amd64)
# No core dump will be written. Minidumps are not enabled by default on client versions of Windows
#

---------------  S U M M A R Y ------------

Command Line: org.jetbrains.kotlin.cli.jvm.K2JVMCompiler @E:\project_kotlin\app\build\20250511_15049639018989805543.compiler.options

Host: 12th Gen Intel(R) Core(TM) i5-12450H, 12 cores, 7G,  Windows 11 , 64 bit Build 26100 (10.0.26100.3912)
Time: Sun May 11 15:08:12 2025 SE Asia Standard Time elapsed time: 3.319480 seconds (0d 0h 0m 3s)

---------------  T H R E A D  ---------------

Current thread (0x0000022c2018d250):  VMThread "VM Thread"          [id=9344, stack(0x000000d3dba00000,0x000000d3dbb00000) (1024K)]

Stack: [0x000000d3dba00000,0x000000d3dbb00000]
Native frames: (J=compiled Java code, j=interpreted, Vv=VM code, C=native code)
V  [jvm.dll+0x6cafb9]
V  [jvm.dll+0x858523]
V  [jvm.dll+0x85aa7e]
V  [jvm.dll+0x85b163]
V  [jvm.dll+0x27d356]
V  [jvm.dll+0x6c7865]
V  [jvm.dll+0x6bbd3a]
V  [jvm.dll+0x35199b]
V  [jvm.dll+0x3595d6]
V  [jvm.dll+0x3aa826]
V  [jvm.dll+0x3aaaf8]
V  [jvm.dll+0x3240bc]
V  [jvm.dll+0x324147]
V  [jvm.dll+0x36a00c]
V  [jvm.dll+0x36879e]
V  [jvm.dll+0x3237c1]
V  [jvm.dll+0x367eb0]
V  [jvm.dll+0x860ac8]
V  [jvm.dll+0x861bc4]
V  [jvm.dll+0x862100]
V  [jvm.dll+0x862393]
V  [jvm.dll+0x800d78]
V  [jvm.dll+0x6c98cd]
C  [ucrtbase.dll+0x37b0]
C  [KERNEL32.DLL+0x2e8d7]
C  [ntdll.dll+0x9c5dc]

VM_Operation (0x000000d3db3fbf10): G1CollectForAllocation, mode: safepoint, requested by thread 0x0000022c066513a0


---------------  P R O C E S S  ---------------

Threads class SMR info:
_java_thread_list=0x0000022c2871a340, length=13, elements={
0x0000022c066513a0, 0x0000022c2034f550, 0x0000022c2032a690, 0x0000022c20338410,
0x0000022c20357fa0, 0x0000022c20358610, 0x0000022c20359070, 0x0000022c2036c610,
0x0000022c2038fa20, 0x0000022c2053eeb0, 0x0000022c20543d00, 0x0000022c203ff7b0,
0x0000022c203fea10
}

Java Threads: ( => current thread )
  0x0000022c066513a0 JavaThread "main"                              [_thread_blocked, id=10136, stack(0x000000d3db300000,0x000000d3db400000) (1024K)]
  0x0000022c2034f550 JavaThread "Reference Handler"          daemon [_thread_blocked, id=13536, stack(0x000000d3dbb00000,0x000000d3dbc00000) (1024K)]
  0x0000022c2032a690 JavaThread "Finalizer"                  daemon [_thread_blocked, id=20436, stack(0x000000d3dbc00000,0x000000d3dbd00000) (1024K)]
  0x0000022c20338410 JavaThread "Signal Dispatcher"          daemon [_thread_blocked, id=13796, stack(0x000000d3dbd00000,0x000000d3dbe00000) (1024K)]
  0x0000022c20357fa0 JavaThread "Attach Listener"            daemon [_thread_blocked, id=9464, stack(0x000000d3dbe00000,0x000000d3dbf00000) (1024K)]
  0x0000022c20358610 JavaThread "Service Thread"             daemon [_thread_blocked, id=14756, stack(0x000000d3dbf00000,0x000000d3dc000000) (1024K)]
  0x0000022c20359070 JavaThread "Monitor Deflation Thread"   daemon [_thread_blocked, id=11640, stack(0x000000d3dc000000,0x000000d3dc100000) (1024K)]
  0x0000022c2036c610 JavaThread "C2 CompilerThread0"         daemon [_thread_blocked, id=7520, stack(0x000000d3dc100000,0x000000d3dc200000) (1024K)]
  0x0000022c2038fa20 JavaThread "C1 CompilerThread0"         daemon [_thread_blocked, id=6560, stack(0x000000d3dc200000,0x000000d3dc300000) (1024K)]
  0x0000022c2053eeb0 JavaThread "Notification Thread"        daemon [_thread_blocked, id=19968, stack(0x000000d3dc300000,0x000000d3dc400000) (1024K)]
  0x0000022c20543d00 JavaThread "Common-Cleaner"             daemon [_thread_blocked, id=13104, stack(0x000000d3dc400000,0x000000d3dc500000) (1024K)]
  0x0000022c203ff7b0 JavaThread "C2 CompilerThread1"         daemon [_thread_blocked, id=15132, stack(0x000000d3dc500000,0x000000d3dc600000) (1024K)]
  0x0000022c203fea10 JavaThread "C2 CompilerThread2"         daemon [_thread_blocked, id=7076, stack(0x000000d3dd100000,0x000000d3dd200000) (1024K)]
Total: 13

Other Threads:
=>0x0000022c2018d250 VMThread "VM Thread"                           [id=9344, stack(0x000000d3dba00000,0x000000d3dbb00000) (1024K)]
  0x0000022c20124370 WatcherThread "VM Periodic Task Thread"        [id=12540, stack(0x000000d3db900000,0x000000d3dba00000) (1024K)]
  0x0000022c0684b080 WorkerThread "GC Thread#0"                     [id=19180, stack(0x000000d3db400000,0x000000d3db500000) (1024K)]
  0x0000022c20e3ace0 WorkerThread "GC Thread#1"                     [id=9932, stack(0x000000d3dc600000,0x000000d3dc700000) (1024K)]
  0x0000022c20ebcb90 WorkerThread "GC Thread#2"                     [id=17360, stack(0x000000d3dc700000,0x000000d3dc800000) (1024K)]
  0x0000022c20ebcf30 WorkerThread "GC Thread#3"                     [id=18632, stack(0x000000d3dc800000,0x000000d3dc900000) (1024K)]
  0x0000022c20ebd2d0 WorkerThread "GC Thread#4"                     [id=13452, stack(0x000000d3dc900000,0x000000d3dca00000) (1024K)]
  0x0000022c20ebd670 WorkerThread "GC Thread#5"                     [id=10736, stack(0x000000d3dca00000,0x000000d3dcb00000) (1024K)]
  0x0000022c25361590 WorkerThread "GC Thread#6"                     [id=20848, stack(0x000000d3dcb00000,0x000000d3dcc00000) (1024K)]
  0x0000022c25361cd0 WorkerThread "GC Thread#7"                     [id=10148, stack(0x000000d3dcc00000,0x000000d3dcd00000) (1024K)]
  0x0000022c25360ab0 WorkerThread "GC Thread#8"                     [id=12436, stack(0x000000d3dcd00000,0x000000d3dce00000) (1024K)]
  0x0000022c2550f1d0 WorkerThread "GC Thread#9"                     [id=17044, stack(0x000000d3dd000000,0x000000d3dd100000) (1024K)]
  0x0000022c0685d570 ConcurrentGCThread "G1 Main Marker"            [id=1296, stack(0x000000d3db500000,0x000000d3db600000) (1024K)]
  0x0000022c0685e880 WorkerThread "G1 Conc#0"                       [id=21428, stack(0x000000d3db600000,0x000000d3db700000) (1024K)]
  0x0000022c25360e50 WorkerThread "G1 Conc#1"                       [id=5868, stack(0x000000d3dce00000,0x000000d3dcf00000) (1024K)]
  0x0000022c25361930 WorkerThread "G1 Conc#2"                       [id=15392, stack(0x000000d3dcf00000,0x000000d3dd000000) (1024K)]
  0x0000022c1fff59c0 ConcurrentGCThread "G1 Refine#0"               [id=14696, stack(0x000000d3db700000,0x000000d3db800000) (1024K)]
  0x0000022c1fff6530 ConcurrentGCThread "G1 Service"                [id=18504, stack(0x000000d3db800000,0x000000d3db900000) (1024K)]
Total: 18

Threads with active compile tasks:
C2 CompilerThread1     3361 5210       4       org.jetbrains.kotlin.fir.java.FirJavaFacade::toSourceElement (99 bytes)
C2 CompilerThread2     3361 5202       4       org.jetbrains.kotlin.cli.jvm.index.JvmDependenciesIndexImpl::search (374 bytes)
Total: 2

VM state: at safepoint (normal execution)

VM Mutex/Monitor currently owned by a thread:  ([mutex/lock_event])
[0x00007ff8625420c8] Threads_lock - owner thread: 0x0000022c2018d250
[0x00007ff8625421c8] Heap_lock - owner thread: 0x0000022c066513a0

Heap address: 0x0000000084a00000, size: 1974 MB, Compressed Oops mode: 32-bit

CDS archive(s) not mapped
Compressed class space mapped at: 0x0000000100000000-0x0000000140000000, reserved size: 1073741824
Narrow klass base: 0x0000000000000000, Narrow klass shift: 3, Narrow klass range: 0x140000000

GC Precious Log:
 CardTable entry size: 512
 Card Set container configuration: InlinePtr #cards 5 size 8 Array Of Cards #cards 12 size 40 Howl #buckets 4 coarsen threshold 1843 Howl Bitmap #cards 512 size 80 coarsen threshold 460 Card regions per heap region 1 cards per card region 2048
 CPUs: 12 total, 12 available
 Memory: 7895M
 Large Page Support: Disabled
 NUMA Support: Disabled
 Compressed Oops: Enabled (32-bit)
 Heap Region Size: 1M
 Heap Min Capacity: 8M
 Heap Initial Capacity: 124M
 Heap Max Capacity: 1974M
 Pre-touch: Disabled
 Parallel Workers: 10
 Concurrent Workers: 3
 Concurrent Refinement Workers: 10
 Periodic GC: Disabled

Heap:
 garbage-first heap   total 131072K, used 55076K [0x0000000084a00000, 0x0000000100000000)
  region size 1024K, 3 young (3072K), 3 survivors (3072K)
 Metaspace       used 52792K, committed 53056K, reserved 1114112K
  class space    used 6103K, committed 6208K, reserved 1048576K

Heap Regions: E=young(eden), S=young(survivor), O=old, HS=humongous(starts), HC=humongous(continues), CS=collection set, F=free, TAMS=top-at-mark-start, PB=parsable bottom
|   0|0x0000000084a00000, 0x0000000084b00000, 0x0000000084b00000|100%|HS|  |TAMS 0x0000000084a00000| PB 0x0000000084a00000| Complete 
|   1|0x0000000084b00000, 0x0000000084c00000, 0x0000000084c00000|100%|HC|  |TAMS 0x0000000084b00000| PB 0x0000000084b00000| Complete 
|   2|0x0000000084c00000, 0x0000000084d00000, 0x0000000084d00000|100%|HC|  |TAMS 0x0000000084c00000| PB 0x0000000084c00000| Complete 
|   3|0x0000000084d00000, 0x0000000084e00000, 0x0000000084e00000|100%| O|  |TAMS 0x0000000084d00000| PB 0x0000000084d00000| Untracked 
|   4|0x0000000084e00000, 0x0000000084f00000, 0x0000000084f00000|100%| O|  |TAMS 0x0000000084e00000| PB 0x0000000084e00000| Untracked 
|   5|0x0000000084f00000, 0x0000000085000000, 0x0000000085000000|100%| O|  |TAMS 0x0000000084f00000| PB 0x0000000084f00000| Untracked 
|   6|0x0000000085000000, 0x0000000085100000, 0x0000000085100000|100%| O|  |TAMS 0x0000000085000000| PB 0x0000000085000000| Untracked 
|   7|0x0000000085100000, 0x0000000085200000, 0x0000000085200000|100%| O|  |TAMS 0x0000000085100000| PB 0x0000000085100000| Untracked 
|   8|0x0000000085200000, 0x0000000085300000, 0x0000000085300000|100%| O|  |TAMS 0x0000000085200000| PB 0x0000000085200000| Untracked 
|   9|0x0000000085300000, 0x0000000085400000, 0x0000000085400000|100%| O|  |TAMS 0x0000000085300000| PB 0x0000000085300000| Untracked 
|  10|0x0000000085400000, 0x0000000085500000, 0x0000000085500000|100%| O|  |TAMS 0x0000000085400000| PB 0x0000000085400000| Untracked 
|  11|0x0000000085500000, 0x0000000085600000, 0x0000000085600000|100%| O|  |TAMS 0x0000000085500000| PB 0x0000000085500000| Untracked 
|  12|0x0000000085600000, 0x0000000085700000, 0x0000000085700000|100%| O|  |TAMS 0x0000000085600000| PB 0x0000000085600000| Untracked 
|  13|0x0000000085700000, 0x0000000085800000, 0x0000000085800000|100%| O|  |TAMS 0x0000000085700000| PB 0x0000000085700000| Untracked 
|  14|0x0000000085800000, 0x0000000085900000, 0x0000000085900000|100%| O|  |TAMS 0x0000000085800000| PB 0x0000000085800000| Untracked 
|  15|0x0000000085900000, 0x0000000085a00000, 0x0000000085a00000|100%| O|  |TAMS 0x0000000085900000| PB 0x0000000085900000| Untracked 
|  16|0x0000000085a00000, 0x0000000085b00000, 0x0000000085b00000|100%| O|  |TAMS 0x0000000085a00000| PB 0x0000000085a00000| Untracked 
|  17|0x0000000085b00000, 0x0000000085c00000, 0x0000000085c00000|100%| O|  |TAMS 0x0000000085b00000| PB 0x0000000085b00000| Untracked 
|  18|0x0000000085c00000, 0x0000000085d00000, 0x0000000085d00000|100%| O|  |TAMS 0x0000000085c00000| PB 0x0000000085c00000| Untracked 
|  19|0x0000000085d00000, 0x0000000085e00000, 0x0000000085e00000|100%| O|  |TAMS 0x0000000085d00000| PB 0x0000000085d00000| Untracked 
|  20|0x0000000085e00000, 0x0000000085f00000, 0x0000000085f00000|100%| O|  |TAMS 0x0000000085e00000| PB 0x0000000085e00000| Untracked 
|  21|0x0000000085f00000, 0x0000000086000000, 0x0000000086000000|100%| O|  |TAMS 0x0000000085f00000| PB 0x0000000085f00000| Untracked 
|  22|0x0000000086000000, 0x0000000086100000, 0x0000000086100000|100%| O|  |TAMS 0x0000000086000000| PB 0x0000000086000000| Untracked 
|  23|0x0000000086100000, 0x0000000086200000, 0x0000000086200000|100%| O|  |TAMS 0x0000000086100000| PB 0x0000000086100000| Untracked 
|  24|0x0000000086200000, 0x0000000086300000, 0x0000000086300000|100%|HS|  |TAMS 0x0000000086200000| PB 0x0000000086200000| Complete 
|  25|0x0000000086300000, 0x0000000086400000, 0x0000000086400000|100%| O|  |TAMS 0x0000000086300000| PB 0x0000000086300000| Untracked 
|  26|0x0000000086400000, 0x0000000086500000, 0x0000000086500000|100%| O|  |TAMS 0x0000000086400000| PB 0x0000000086400000| Untracked 
|  27|0x0000000086500000, 0x0000000086600000, 0x0000000086600000|100%| O|  |TAMS 0x0000000086500000| PB 0x0000000086500000| Untracked 
|  28|0x0000000086600000, 0x0000000086700000, 0x0000000086700000|100%| O|  |TAMS 0x0000000086600000| PB 0x0000000086600000| Untracked 
|  29|0x0000000086700000, 0x0000000086800000, 0x0000000086800000|100%| O|  |TAMS 0x0000000086700000| PB 0x0000000086700000| Untracked 
|  30|0x0000000086800000, 0x0000000086900000, 0x0000000086900000|100%| O|  |TAMS 0x0000000086800000| PB 0x0000000086800000| Untracked 
|  31|0x0000000086900000, 0x0000000086a00000, 0x0000000086a00000|100%| O|  |TAMS 0x0000000086900000| PB 0x0000000086900000| Untracked 
|  32|0x0000000086a00000, 0x0000000086b00000, 0x0000000086b00000|100%| O|  |TAMS 0x0000000086a00000| PB 0x0000000086a00000| Untracked 
|  33|0x0000000086b00000, 0x0000000086c00000, 0x0000000086c00000|100%| O|  |TAMS 0x0000000086b00000| PB 0x0000000086b00000| Untracked 
|  34|0x0000000086c00000, 0x0000000086d00000, 0x0000000086d00000|100%| O|  |TAMS 0x0000000086c00000| PB 0x0000000086c00000| Untracked 
|  35|0x0000000086d00000, 0x0000000086e00000, 0x0000000086e00000|100%| O|  |TAMS 0x0000000086d00000| PB 0x0000000086d00000| Untracked 
|  36|0x0000000086e00000, 0x0000000086f00000, 0x0000000086f00000|100%| O|  |TAMS 0x0000000086e00000| PB 0x0000000086e00000| Untracked 
|  37|0x0000000086f00000, 0x0000000087000000, 0x0000000087000000|100%| O|  |TAMS 0x0000000086f00000| PB 0x0000000086f00000| Untracked 
|  38|0x0000000087000000, 0x0000000087100000, 0x0000000087100000|100%| O|  |TAMS 0x0000000087000000| PB 0x0000000087000000| Untracked 
|  39|0x0000000087100000, 0x0000000087200000, 0x0000000087200000|100%| O|  |TAMS 0x0000000087100000| PB 0x0000000087100000| Untracked 
|  40|0x0000000087200000, 0x0000000087300000, 0x0000000087300000|100%| O|  |TAMS 0x0000000087200000| PB 0x0000000087200000| Untracked 
|  41|0x0000000087300000, 0x0000000087400000, 0x0000000087400000|100%| O|  |TAMS 0x0000000087300000| PB 0x0000000087300000| Untracked 
|  42|0x0000000087400000, 0x0000000087500000, 0x0000000087500000|100%| O|  |TAMS 0x0000000087400000| PB 0x0000000087400000| Untracked 
|  43|0x0000000087500000, 0x0000000087600000, 0x0000000087600000|100%| O|  |TAMS 0x0000000087500000| PB 0x0000000087500000| Untracked 
|  44|0x0000000087600000, 0x0000000087700000, 0x0000000087700000|100%| O|  |TAMS 0x0000000087600000| PB 0x0000000087600000| Untracked 
|  45|0x0000000087700000, 0x0000000087800000, 0x0000000087800000|100%| O|  |TAMS 0x0000000087700000| PB 0x0000000087700000| Untracked 
|  46|0x0000000087800000, 0x0000000087900000, 0x0000000087900000|100%| O|  |TAMS 0x0000000087800000| PB 0x0000000087800000| Untracked 
|  47|0x0000000087900000, 0x00000000879c91c0, 0x0000000087a00000| 78%| O|  |TAMS 0x0000000087900000| PB 0x0000000087900000| Untracked 
|  48|0x0000000087a00000, 0x0000000087a00000, 0x0000000087b00000|  0%| F|  |TAMS 0x0000000087a00000| PB 0x0000000087a00000| Untracked 
|  49|0x0000000087b00000, 0x0000000087b00000, 0x0000000087c00000|  0%| F|  |TAMS 0x0000000087b00000| PB 0x0000000087b00000| Untracked 
|  50|0x0000000087c00000, 0x0000000087c00000, 0x0000000087d00000|  0%| F|  |TAMS 0x0000000087c00000| PB 0x0000000087c00000| Untracked 
|  51|0x0000000087d00000, 0x0000000087d00000, 0x0000000087e00000|  0%| F|  |TAMS 0x0000000087d00000| PB 0x0000000087d00000| Untracked 
|  52|0x0000000087e00000, 0x0000000087f00000, 0x0000000087f00000|100%| S|CS|TAMS 0x0000000087e00000| PB 0x0000000087e00000| Complete 
|  53|0x0000000087f00000, 0x0000000088000000, 0x0000000088000000|100%| S|CS|TAMS 0x0000000087f00000| PB 0x0000000087f00000| Complete 
|  54|0x0000000088000000, 0x0000000088100000, 0x0000000088100000|100%| S|CS|TAMS 0x0000000088000000| PB 0x0000000088000000| Complete 
|  55|0x0000000088100000, 0x0000000088100000, 0x0000000088200000|  0%| F|  |TAMS 0x0000000088100000| PB 0x0000000088100000| Untracked 
|  56|0x0000000088200000, 0x0000000088200000, 0x0000000088300000|  0%| F|  |TAMS 0x0000000088200000| PB 0x0000000088200000| Untracked 
|  57|0x0000000088300000, 0x0000000088300000, 0x0000000088400000|  0%| F|  |TAMS 0x0000000088300000| PB 0x0000000088300000| Untracked 
|  58|0x0000000088400000, 0x0000000088400000, 0x0000000088500000|  0%| F|  |TAMS 0x0000000088400000| PB 0x0000000088400000| Untracked 
|  59|0x0000000088500000, 0x0000000088500000, 0x0000000088600000|  0%| F|  |TAMS 0x0000000088500000| PB 0x0000000088500000| Untracked 
|  60|0x0000000088600000, 0x0000000088600000, 0x0000000088700000|  0%| F|  |TAMS 0x0000000088600000| PB 0x0000000088600000| Untracked 
|  61|0x0000000088700000, 0x0000000088700000, 0x0000000088800000|  0%| F|  |TAMS 0x0000000088700000| PB 0x0000000088700000| Untracked 
|  62|0x0000000088800000, 0x0000000088800000, 0x0000000088900000|  0%| F|  |TAMS 0x0000000088800000| PB 0x0000000088800000| Untracked 
|  63|0x0000000088900000, 0x0000000088900000, 0x0000000088a00000|  0%| F|  |TAMS 0x0000000088900000| PB 0x0000000088900000| Untracked 
|  64|0x0000000088a00000, 0x0000000088a00000, 0x0000000088b00000|  0%| F|  |TAMS 0x0000000088a00000| PB 0x0000000088a00000| Untracked 
|  65|0x0000000088b00000, 0x0000000088b00000, 0x0000000088c00000|  0%| F|  |TAMS 0x0000000088b00000| PB 0x0000000088b00000| Untracked 
|  66|0x0000000088c00000, 0x0000000088c00000, 0x0000000088d00000|  0%| F|  |TAMS 0x0000000088c00000| PB 0x0000000088c00000| Untracked 
|  67|0x0000000088d00000, 0x0000000088d00000, 0x0000000088e00000|  0%| F|  |TAMS 0x0000000088d00000| PB 0x0000000088d00000| Untracked 
|  68|0x0000000088e00000, 0x0000000088e00000, 0x0000000088f00000|  0%| F|  |TAMS 0x0000000088e00000| PB 0x0000000088e00000| Untracked 
|  69|0x0000000088f00000, 0x0000000088f00000, 0x0000000089000000|  0%| F|  |TAMS 0x0000000088f00000| PB 0x0000000088f00000| Untracked 
|  70|0x0000000089000000, 0x0000000089000000, 0x0000000089100000|  0%| F|  |TAMS 0x0000000089000000| PB 0x0000000089000000| Untracked 
|  71|0x0000000089100000, 0x0000000089100000, 0x0000000089200000|  0%| F|  |TAMS 0x0000000089100000| PB 0x0000000089100000| Untracked 
|  72|0x0000000089200000, 0x0000000089200000, 0x0000000089300000|  0%| F|  |TAMS 0x0000000089200000| PB 0x0000000089200000| Untracked 
|  73|0x0000000089300000, 0x0000000089300000, 0x0000000089400000|  0%| F|  |TAMS 0x0000000089300000| PB 0x0000000089300000| Untracked 
|  74|0x0000000089400000, 0x0000000089400000, 0x0000000089500000|  0%| F|  |TAMS 0x0000000089400000| PB 0x0000000089400000| Untracked 
|  75|0x0000000089500000, 0x0000000089500000, 0x0000000089600000|  0%| F|  |TAMS 0x0000000089500000| PB 0x0000000089500000| Untracked 
|  76|0x0000000089600000, 0x0000000089600000, 0x0000000089700000|  0%| F|  |TAMS 0x0000000089600000| PB 0x0000000089600000| Untracked 
|  77|0x0000000089700000, 0x0000000089700000, 0x0000000089800000|  0%| F|  |TAMS 0x0000000089700000| PB 0x0000000089700000| Untracked 
|  78|0x0000000089800000, 0x0000000089800000, 0x0000000089900000|  0%| F|  |TAMS 0x0000000089800000| PB 0x0000000089800000| Untracked 
|  79|0x0000000089900000, 0x0000000089900000, 0x0000000089a00000|  0%| F|  |TAMS 0x0000000089900000| PB 0x0000000089900000| Untracked 
|  80|0x0000000089a00000, 0x0000000089a00000, 0x0000000089b00000|  0%| F|  |TAMS 0x0000000089a00000| PB 0x0000000089a00000| Untracked 
|  81|0x0000000089b00000, 0x0000000089b00000, 0x0000000089c00000|  0%| F|  |TAMS 0x0000000089b00000| PB 0x0000000089b00000| Untracked 
|  82|0x0000000089c00000, 0x0000000089c00000, 0x0000000089d00000|  0%| F|  |TAMS 0x0000000089c00000| PB 0x0000000089c00000| Untracked 
|  83|0x0000000089d00000, 0x0000000089d00000, 0x0000000089e00000|  0%| F|  |TAMS 0x0000000089d00000| PB 0x0000000089d00000| Untracked 
|  84|0x0000000089e00000, 0x0000000089e00000, 0x0000000089f00000|  0%| F|  |TAMS 0x0000000089e00000| PB 0x0000000089e00000| Untracked 
|  85|0x0000000089f00000, 0x0000000089f00000, 0x000000008a000000|  0%| F|  |TAMS 0x0000000089f00000| PB 0x0000000089f00000| Untracked 
|  86|0x000000008a000000, 0x000000008a000000, 0x000000008a100000|  0%| F|  |TAMS 0x000000008a000000| PB 0x000000008a000000| Untracked 
|  87|0x000000008a100000, 0x000000008a100000, 0x000000008a200000|  0%| F|  |TAMS 0x000000008a100000| PB 0x000000008a100000| Untracked 
|  88|0x000000008a200000, 0x000000008a200000, 0x000000008a300000|  0%| F|  |TAMS 0x000000008a200000| PB 0x000000008a200000| Untracked 
|  89|0x000000008a300000, 0x000000008a300000, 0x000000008a400000|  0%| F|  |TAMS 0x000000008a300000| PB 0x000000008a300000| Untracked 
|  90|0x000000008a400000, 0x000000008a400000, 0x000000008a500000|  0%| F|  |TAMS 0x000000008a400000| PB 0x000000008a400000| Untracked 
|  91|0x000000008a500000, 0x000000008a500000, 0x000000008a600000|  0%| F|  |TAMS 0x000000008a500000| PB 0x000000008a500000| Untracked 
|  92|0x000000008a600000, 0x000000008a600000, 0x000000008a700000|  0%| F|  |TAMS 0x000000008a600000| PB 0x000000008a600000| Untracked 
|  93|0x000000008a700000, 0x000000008a700000, 0x000000008a800000|  0%| F|  |TAMS 0x000000008a700000| PB 0x000000008a700000| Untracked 
|  94|0x000000008a800000, 0x000000008a800000, 0x000000008a900000|  0%| F|  |TAMS 0x000000008a800000| PB 0x000000008a800000| Untracked 
|  95|0x000000008a900000, 0x000000008a900000, 0x000000008aa00000|  0%| F|  |TAMS 0x000000008a900000| PB 0x000000008a900000| Untracked 
|  96|0x000000008aa00000, 0x000000008aa00000, 0x000000008ab00000|  0%| F|  |TAMS 0x000000008aa00000| PB 0x000000008aa00000| Untracked 
|  97|0x000000008ab00000, 0x000000008ab00000, 0x000000008ac00000|  0%| F|  |TAMS 0x000000008ab00000| PB 0x000000008ab00000| Untracked 
|  98|0x000000008ac00000, 0x000000008ac00000, 0x000000008ad00000|  0%| F|  |TAMS 0x000000008ac00000| PB 0x000000008ac00000| Untracked 
|  99|0x000000008ad00000, 0x000000008ad00000, 0x000000008ae00000|  0%| F|  |TAMS 0x000000008ad00000| PB 0x000000008ad00000| Untracked 
| 100|0x000000008ae00000, 0x000000008ae00000, 0x000000008af00000|  0%| F|  |TAMS 0x000000008ae00000| PB 0x000000008ae00000| Untracked 
| 101|0x000000008af00000, 0x000000008af00000, 0x000000008b000000|  0%| F|  |TAMS 0x000000008af00000| PB 0x000000008af00000| Untracked 
| 102|0x000000008b000000, 0x000000008b000000, 0x000000008b100000|  0%| F|  |TAMS 0x000000008b000000| PB 0x000000008b000000| Untracked 
| 103|0x000000008b100000, 0x000000008b100000, 0x000000008b200000|  0%| F|  |TAMS 0x000000008b100000| PB 0x000000008b100000| Untracked 
| 104|0x000000008b200000, 0x000000008b200000, 0x000000008b300000|  0%| F|  |TAMS 0x000000008b200000| PB 0x000000008b200000| Untracked 
| 105|0x000000008b300000, 0x000000008b300000, 0x000000008b400000|  0%| F|  |TAMS 0x000000008b300000| PB 0x000000008b300000| Untracked 
| 106|0x000000008b400000, 0x000000008b400000, 0x000000008b500000|  0%| F|  |TAMS 0x000000008b400000| PB 0x000000008b400000| Untracked 
| 107|0x000000008b500000, 0x000000008b500000, 0x000000008b600000|  0%| F|  |TAMS 0x000000008b500000| PB 0x000000008b500000| Untracked 
| 108|0x000000008b600000, 0x000000008b600000, 0x000000008b700000|  0%| F|  |TAMS 0x000000008b600000| PB 0x000000008b600000| Untracked 
| 109|0x000000008b700000, 0x000000008b700000, 0x000000008b800000|  0%| F|  |TAMS 0x000000008b700000| PB 0x000000008b700000| Untracked 
| 110|0x000000008b800000, 0x000000008b800000, 0x000000008b900000|  0%| F|  |TAMS 0x000000008b800000| PB 0x000000008b800000| Untracked 
| 111|0x000000008b900000, 0x000000008b900000, 0x000000008ba00000|  0%| F|  |TAMS 0x000000008b900000| PB 0x000000008b900000| Untracked 
| 112|0x000000008ba00000, 0x000000008ba00000, 0x000000008bb00000|  0%| F|  |TAMS 0x000000008ba00000| PB 0x000000008ba00000| Untracked 
| 113|0x000000008bb00000, 0x000000008bb00000, 0x000000008bc00000|  0%| F|  |TAMS 0x000000008bb00000| PB 0x000000008bb00000| Untracked 
| 114|0x000000008bc00000, 0x000000008bc00000, 0x000000008bd00000|  0%| F|  |TAMS 0x000000008bc00000| PB 0x000000008bc00000| Untracked 
| 115|0x000000008bd00000, 0x000000008bd00000, 0x000000008be00000|  0%| F|  |TAMS 0x000000008bd00000| PB 0x000000008bd00000| Untracked 
| 116|0x000000008be00000, 0x000000008be00000, 0x000000008bf00000|  0%| F|  |TAMS 0x000000008be00000| PB 0x000000008be00000| Untracked 
| 117|0x000000008bf00000, 0x000000008bf00000, 0x000000008c000000|  0%| F|  |TAMS 0x000000008bf00000| PB 0x000000008bf00000| Untracked 
| 118|0x000000008c000000, 0x000000008c000000, 0x000000008c100000|  0%| F|  |TAMS 0x000000008c000000| PB 0x000000008c000000| Untracked 
| 119|0x000000008c100000, 0x000000008c100000, 0x000000008c200000|  0%| F|  |TAMS 0x000000008c100000| PB 0x000000008c100000| Untracked 
| 120|0x000000008c200000, 0x000000008c200000, 0x000000008c300000|  0%| F|  |TAMS 0x000000008c200000| PB 0x000000008c200000| Untracked 
| 121|0x000000008c300000, 0x000000008c300000, 0x000000008c400000|  0%| F|  |TAMS 0x000000008c300000| PB 0x000000008c300000| Untracked 
| 122|0x000000008c400000, 0x000000008c400000, 0x000000008c500000|  0%| F|  |TAMS 0x000000008c400000| PB 0x000000008c400000| Untracked 
| 123|0x000000008c500000, 0x000000008c500000, 0x000000008c600000|  0%| F|  |TAMS 0x000000008c500000| PB 0x000000008c500000| Untracked 
|1970|0x00000000ffc00000, 0x00000000ffc00000, 0x00000000ffd00000|  0%| F|  |TAMS 0x00000000ffc00000| PB 0x00000000ffc00000| Untracked 
|1971|0x00000000ffd00000, 0x00000000ffe00000, 0x00000000ffe00000|100%| O|  |TAMS 0x00000000ffd00000| PB 0x00000000ffd00000| Untracked 
|1972|0x00000000ffe00000, 0x00000000fff00000, 0x00000000fff00000|100%| O|  |TAMS 0x00000000ffe00000| PB 0x00000000ffe00000| Untracked 
|1973|0x00000000fff00000, 0x0000000100000000, 0x0000000100000000|100%| O|  |TAMS 0x00000000fff00000| PB 0x00000000fff00000| Untracked 

Card table byte_map: [0x0000022c1b1a0000,0x0000022c1b580000] _byte_map_base: 0x0000022c1ad7b000

Marking Bits: (CMBitMap*) 0x0000022c0684b780
 Bits: [0x0000022c1b580000, 0x0000022c1d458000)

Polling page: 0x0000022c068d0000

Metaspace:

Usage:
  Non-class:     45.60 MB used.
      Class:      5.96 MB used.
       Both:     51.56 MB used.

Virtual space:
  Non-class space:       64.00 MB reserved,      45.75 MB ( 71%) committed,  1 nodes.
      Class space:        1.00 GB reserved,       6.06 MB ( <1%) committed,  1 nodes.
             Both:        1.06 GB reserved,      51.81 MB (  5%) committed. 

Chunk freelists:
   Non-Class:  2.14 MB
       Class:  9.89 MB
        Both:  12.03 MB

MaxMetaspaceSize: unlimited
CompressedClassSpaceSize: 1.00 GB
Initial GC threshold: 21.00 MB
Current GC threshold: 83.38 MB
CDS: off
 - commit_granule_bytes: 65536.
 - commit_granule_words: 8192.
 - virtual_space_node_default_size: 8388608.
 - enlarge_chunks_in_place: 1.
 - use_allocation_guard: 0.


Internal statistics:

num_allocs_failed_limit: 3.
num_arena_births: 234.
num_arena_deaths: 0.
num_vsnodes_births: 2.
num_vsnodes_deaths: 0.
num_space_committed: 827.
num_space_uncommitted: 0.
num_chunks_returned_to_freelist: 3.
num_chunks_taken_from_freelist: 1778.
num_chunk_merges: 3.
num_chunk_splits: 1461.
num_chunks_enlarged: 1332.
num_inconsistent_stats: 0.

CodeHeap 'non-profiled nmethods': size=120000Kb used=2613Kb max_used=2613Kb free=117386Kb
 bounds [0x0000022c12c10000, 0x0000022c12ea0000, 0x0000022c1a140000]
CodeHeap 'profiled nmethods': size=120000Kb used=10836Kb max_used=10836Kb free=109163Kb
 bounds [0x0000022c0b140000, 0x0000022c0bbe0000, 0x0000022c12670000]
CodeHeap 'non-nmethods': size=5760Kb used=1569Kb max_used=1627Kb free=4191Kb
 bounds [0x0000022c12670000, 0x0000022c128e0000, 0x0000022c12c10000]
 total_blobs=5237 nmethods=4601 adapters=538
 compilation: enabled
              stopped_count=0, restarted_count=0
 full_count=0

Compilation events (20 events):
Event: 3.267 Thread 0x0000022c2038fa20 5195       1       org.jetbrains.kotlin.fir.declarations.impl.FirRegularClassImpl::getScopeProvider (5 bytes)
Event: 3.267 Thread 0x0000022c2038fa20 nmethod 5195 0x0000022c12e9b310 code [0x0000022c12e9b4a0, 0x0000022c12e9b568]
Event: 3.267 Thread 0x0000022c2038fa20 5197       1       org.jetbrains.kotlin.fir.declarations.impl.FirFileImpl::setControlFlowGraphReference (6 bytes)
Event: 3.267 Thread 0x0000022c2038fa20 nmethod 5197 0x0000022c12e9b610 code [0x0000022c12e9b7a0, 0x0000022c12e9b8b0]
Event: 3.267 Thread 0x0000022c2038fa20 5194       1       org.jetbrains.kotlin.fir.declarations.impl.FirPropertyImpl::getDelegate (5 bytes)
Event: 3.267 Thread 0x0000022c2038fa20 nmethod 5194 0x0000022c12e9b910 code [0x0000022c12e9baa0, 0x0000022c12e9bb68]
Event: 3.267 Thread 0x0000022c2038fa20 5205       3       org.jetbrains.kotlin.descriptors.java.JavaVisibilities$PackageVisibility::customEffectiveVisibility (7 bytes)
Event: 3.267 Thread 0x0000022c2038fa20 nmethod 5205 0x0000022c0bbd2610 code [0x0000022c0bbd27a0, 0x0000022c0bbd28b8]
Event: 3.267 Thread 0x0000022c2038fa20 5206       3       org.jetbrains.kotlin.fir.symbols.impl.FirConstructorSymbol::<init> (13 bytes)
Event: 3.267 Thread 0x0000022c2038fa20 nmethod 5206 0x0000022c0bbd2990 code [0x0000022c0bbd2be0, 0x0000022c0bbd33a8]
Event: 3.267 Thread 0x0000022c2038fa20 5207       3       org.jetbrains.kotlin.fir.declarations.FirConstructor::<init> (6 bytes)
Event: 3.267 Thread 0x0000022c2038fa20 nmethod 5207 0x0000022c0bbd3710 code [0x0000022c0bbd3900, 0x0000022c0bbd3de8]
Event: 3.268 Thread 0x0000022c2036c610 nmethod 5204 0x0000022c12e9bc10 code [0x0000022c12e9bda0, 0x0000022c12e9bfc0]
Event: 3.269 Thread 0x0000022c2038fa20 5208       3       org.jetbrains.kotlin.it.unimi.dsi.fastutil.objects.AbstractObjectSet::equals (42 bytes)
Event: 3.269 Thread 0x0000022c2038fa20 nmethod 5208 0x0000022c0bbd4010 code [0x0000022c0bbd4220, 0x0000022c0bbd4898]
Event: 3.270 Thread 0x0000022c203ff7b0 nmethod 5203 0x0000022c12e9c190 code [0x0000022c12e9c380, 0x0000022c12e9c930]
Event: 3.270 Thread 0x0000022c2038fa20 5209       3       javaslang.collection.HashArrayMappedTrieModule$AbstractNode::put (15 bytes)
Event: 3.271 Thread 0x0000022c2038fa20 nmethod 5209 0x0000022c0bbd4a10 code [0x0000022c0bbd4be0, 0x0000022c0bbd4f50]
Event: 3.271 Thread 0x0000022c203ff7b0 5210       4       org.jetbrains.kotlin.fir.java.FirJavaFacade::toSourceElement (99 bytes)
Event: 3.273 Thread 0x0000022c203ff7b0 nmethod 5210 0x0000022c12e9cd90 code [0x0000022c12e9cf40, 0x0000022c12e9d210]

GC Heap History (20 events):
Event: 1.187 GC heap after
{Heap after GC invocations=6 (full 0):
 garbage-first heap   total 38912K, used 19731K [0x0000000084a00000, 0x0000000100000000)
  region size 1024K, 1 young (1024K), 1 survivors (1024K)
 Metaspace       used 27373K, committed 27648K, reserved 1114112K
  class space    used 2991K, committed 3072K, reserved 1048576K
}
Event: 1.343 GC heap before
{Heap before GC invocations=6 (full 0):
 garbage-first heap   total 38912K, used 29971K [0x0000000084a00000, 0x0000000100000000)
  region size 1024K, 12 young (12288K), 1 survivors (1024K)
 Metaspace       used 30877K, committed 31168K, reserved 1114112K
  class space    used 3806K, committed 3968K, reserved 1048576K
}
Event: 1.347 GC heap after
{Heap after GC invocations=7 (full 0):
 garbage-first heap   total 55296K, used 20890K [0x0000000084a00000, 0x0000000100000000)
  region size 1024K, 2 young (2048K), 2 survivors (2048K)
 Metaspace       used 30877K, committed 31168K, reserved 1114112K
  class space    used 3806K, committed 3968K, reserved 1048576K
}
Event: 1.556 GC heap before
{Heap before GC invocations=8 (full 0):
 garbage-first heap   total 55296K, used 42394K [0x0000000084a00000, 0x0000000100000000)
  region size 1024K, 24 young (24576K), 2 survivors (2048K)
 Metaspace       used 36292K, committed 36544K, reserved 1114112K
  class space    used 4347K, committed 4480K, reserved 1048576K
}
Event: 1.560 GC heap after
{Heap after GC invocations=9 (full 0):
 garbage-first heap   total 55296K, used 22215K [0x0000000084a00000, 0x0000000100000000)
  region size 1024K, 3 young (3072K), 3 survivors (3072K)
 Metaspace       used 36292K, committed 36544K, reserved 1114112K
  class space    used 4347K, committed 4480K, reserved 1048576K
}
Event: 1.917 GC heap before
{Heap before GC invocations=9 (full 0):
 garbage-first heap   total 55296K, used 44743K [0x0000000084a00000, 0x0000000100000000)
  region size 1024K, 25 young (25600K), 3 survivors (3072K)
 Metaspace       used 39760K, committed 40064K, reserved 1114112K
  class space    used 4661K, committed 4800K, reserved 1048576K
}
Event: 1.925 GC heap after
{Heap after GC invocations=10 (full 0):
 garbage-first heap   total 55296K, used 25519K [0x0000000084a00000, 0x0000000100000000)
  region size 1024K, 4 young (4096K), 4 survivors (4096K)
 Metaspace       used 39760K, committed 40064K, reserved 1114112K
  class space    used 4661K, committed 4800K, reserved 1048576K
}
Event: 2.175 GC heap before
{Heap before GC invocations=10 (full 0):
 garbage-first heap   total 55296K, used 44975K [0x0000000084a00000, 0x0000000100000000)
  region size 1024K, 24 young (24576K), 4 survivors (4096K)
 Metaspace       used 43312K, committed 43584K, reserved 1114112K
  class space    used 5026K, committed 5120K, reserved 1048576K
}
Event: 2.183 GC heap after
{Heap after GC invocations=11 (full 0):
 garbage-first heap   total 55296K, used 28751K [0x0000000084a00000, 0x0000000100000000)
  region size 1024K, 3 young (3072K), 3 survivors (3072K)
 Metaspace       used 43312K, committed 43584K, reserved 1114112K
  class space    used 5026K, committed 5120K, reserved 1048576K
}
Event: 2.455 GC heap before
{Heap before GC invocations=11 (full 0):
 garbage-first heap   total 55296K, used 46159K [0x0000000084a00000, 0x0000000100000000)
  region size 1024K, 20 young (20480K), 3 survivors (3072K)
 Metaspace       used 46118K, committed 46400K, reserved 1114112K
  class space    used 5293K, committed 5440K, reserved 1048576K
}
Event: 2.461 GC heap after
{Heap after GC invocations=12 (full 0):
 garbage-first heap   total 66560K, used 31535K [0x0000000084a00000, 0x0000000100000000)
  region size 1024K, 3 young (3072K), 3 survivors (3072K)
 Metaspace       used 46118K, committed 46400K, reserved 1114112K
  class space    used 5293K, committed 5440K, reserved 1048576K
}
Event: 2.614 GC heap before
{Heap before GC invocations=13 (full 0):
 garbage-first heap   total 66560K, used 56111K [0x0000000084a00000, 0x0000000100000000)
  region size 1024K, 26 young (26624K), 3 survivors (3072K)
 Metaspace       used 46581K, committed 46784K, reserved 1114112K
  class space    used 5342K, committed 5440K, reserved 1048576K
}
Event: 2.623 GC heap after
{Heap after GC invocations=14 (full 0):
 garbage-first heap   total 66560K, used 39694K [0x0000000084a00000, 0x0000000100000000)
  region size 1024K, 4 young (4096K), 4 survivors (4096K)
 Metaspace       used 46581K, committed 46784K, reserved 1114112K
  class space    used 5342K, committed 5440K, reserved 1048576K
}
Event: 2.702 GC heap before
{Heap before GC invocations=14 (full 0):
 garbage-first heap   total 66560K, used 55054K [0x0000000084a00000, 0x0000000100000000)
  region size 1024K, 20 young (20480K), 4 survivors (4096K)
 Metaspace       used 46707K, committed 46976K, reserved 1114112K
  class space    used 5349K, committed 5440K, reserved 1048576K
}
Event: 2.712 GC heap after
{Heap after GC invocations=15 (full 0):
 garbage-first heap   total 67584K, used 46053K [0x0000000084a00000, 0x0000000100000000)
  region size 1024K, 3 young (3072K), 3 survivors (3072K)
 Metaspace       used 46707K, committed 46976K, reserved 1114112K
  class space    used 5349K, committed 5440K, reserved 1048576K
}
Event: 2.892 GC heap before
{Heap before GC invocations=15 (full 0):
 garbage-first heap   total 67584K, used 57317K [0x0000000084a00000, 0x0000000100000000)
  region size 1024K, 14 young (14336K), 3 survivors (3072K)
 Metaspace       used 50635K, committed 50880K, reserved 1114112K
  class space    used 5849K, committed 5952K, reserved 1048576K
}
Event: 2.897 GC heap after
{Heap after GC invocations=16 (full 0):
 garbage-first heap   total 67584K, used 47616K [0x0000000084a00000, 0x0000000100000000)
  region size 1024K, 1 young (1024K), 1 survivors (1024K)
 Metaspace       used 50635K, committed 50880K, reserved 1114112K
  class space    used 5849K, committed 5952K, reserved 1048576K
}
Event: 3.021 GC heap before
{Heap before GC invocations=17 (full 0):
 garbage-first heap   total 81920K, used 58880K [0x0000000084a00000, 0x0000000100000000)
  region size 1024K, 12 young (12288K), 1 survivors (1024K)
 Metaspace       used 51938K, committed 52224K, reserved 1114112K
  class space    used 6060K, committed 6208K, reserved 1048576K
}
Event: 3.027 GC heap after
{Heap after GC invocations=18 (full 0):
 garbage-first heap   total 81920K, used 50176K [0x0000000084a00000, 0x0000000100000000)
  region size 1024K, 2 young (2048K), 2 survivors (2048K)
 Metaspace       used 51938K, committed 52224K, reserved 1114112K
  class space    used 6060K, committed 6208K, reserved 1048576K
}
Event: 3.273 GC heap before
{Heap before GC invocations=18 (full 0):
 garbage-first heap   total 81920K, used 68608K [0x0000000084a00000, 0x0000000100000000)
  region size 1024K, 21 young (21504K), 2 survivors (2048K)
 Metaspace       used 52792K, committed 53056K, reserved 1114112K
  class space    used 6103K, committed 6208K, reserved 1048576K
}

Dll operation events (3 events):
Event: 0.005 Loaded shared library E:\Android\Android_config\jbr\bin\java.dll
Event: 0.009 Loaded shared library E:\Android\Android_config\jbr\bin\zip.dll
Event: 0.723 Loaded shared library E:\Android\Android_config\jbr\bin\verify.dll

Deoptimization events (20 events):
Event: 3.231 Thread 0x0000022c066513a0 Uncommon trap: trap_request=0xffffff45 fr.pc=0x0000022c12d84554 relative=0x0000000000001b54
Event: 3.231 Thread 0x0000022c066513a0 Uncommon trap: reason=unstable_if action=reinterpret pc=0x0000022c12d84554 method=org.jetbrains.org.objectweb.asm.ClassReader.readElementValue(Lorg/jetbrains/org/objectweb/asm/AnnotationVisitor;ILjava/lang/String;[C)I @ 587 c2
Event: 3.231 Thread 0x0000022c066513a0 DEOPT PACKING pc=0x0000022c12d84554 sp=0x000000d3db3fa990
Event: 3.231 Thread 0x0000022c066513a0 DEOPT UNPACKING pc=0x0000022c126c46a2 sp=0x000000d3db3fa910 mode 2
Event: 3.245 Thread 0x0000022c066513a0 Uncommon trap: trap_request=0xffffff45 fr.pc=0x0000022c12dc49ec relative=0x000000000000032c
Event: 3.246 Thread 0x0000022c066513a0 Uncommon trap: reason=unstable_if action=reinterpret pc=0x0000022c12dc49ec method=java.lang.String.indexOf([BBILjava/lang/String;I)I @ 22 c2
Event: 3.246 Thread 0x0000022c066513a0 DEOPT PACKING pc=0x0000022c12dc49ec sp=0x000000d3db3fb680
Event: 3.246 Thread 0x0000022c066513a0 DEOPT UNPACKING pc=0x0000022c126c46a2 sp=0x000000d3db3fb578 mode 2
Event: 3.246 Thread 0x0000022c066513a0 Uncommon trap: trap_request=0xffffff45 fr.pc=0x0000022c12dc51c4 relative=0x0000000000000304
Event: 3.246 Thread 0x0000022c066513a0 Uncommon trap: reason=unstable_if action=reinterpret pc=0x0000022c12dc51c4 method=java.lang.String.indexOf([BBILjava/lang/String;I)I @ 22 c2
Event: 3.246 Thread 0x0000022c066513a0 DEOPT PACKING pc=0x0000022c12dc51c4 sp=0x000000d3db3fb5e0
Event: 3.246 Thread 0x0000022c066513a0 DEOPT UNPACKING pc=0x0000022c126c46a2 sp=0x000000d3db3fb570 mode 2
Event: 3.247 Thread 0x0000022c066513a0 Uncommon trap: trap_request=0xffffffdc fr.pc=0x0000022c12cca73c relative=0x000000000000027c
Event: 3.247 Thread 0x0000022c066513a0 Uncommon trap: reason=class_check action=make_not_entrant pc=0x0000022c12cca73c method=java.util.ArrayList.toArray([Ljava/lang/Object;)[Ljava/lang/Object; @ 21 c2
Event: 3.247 Thread 0x0000022c066513a0 DEOPT PACKING pc=0x0000022c12cca73c sp=0x000000d3db3fb010
Event: 3.247 Thread 0x0000022c066513a0 DEOPT UNPACKING pc=0x0000022c126c46a2 sp=0x000000d3db3fafc0 mode 2
Event: 3.255 Thread 0x0000022c066513a0 Uncommon trap: trap_request=0xffffffcc fr.pc=0x0000022c12e96fa8 relative=0x0000000000000268
Event: 3.255 Thread 0x0000022c066513a0 Uncommon trap: reason=intrinsic_or_type_checked_inlining action=make_not_entrant pc=0x0000022c12e96fa8 method=java.util.ArrayList.toArray([Ljava/lang/Object;)[Ljava/lang/Object; @ 36 c2
Event: 3.255 Thread 0x0000022c066513a0 DEOPT PACKING pc=0x0000022c12e96fa8 sp=0x000000d3db3fbb40
Event: 3.255 Thread 0x0000022c066513a0 DEOPT UNPACKING pc=0x0000022c126c46a2 sp=0x000000d3db3fbb20 mode 2

Classes loaded (20 events):
Event: 2.723 Loading class java/util/AbstractList$ListItr
Event: 2.723 Loading class java/util/AbstractList$ListItr done
Event: 2.738 Loading class java/util/function/UnaryOperator
Event: 2.738 Loading class java/util/function/UnaryOperator done
Event: 2.752 Loading class java/lang/reflect/AnnotatedType
Event: 2.752 Loading class java/lang/reflect/AnnotatedType done
Event: 2.757 Loading class java/beans/PropertyChangeSupport
Event: 2.757 Loading class java/beans/PropertyChangeSupport done
Event: 2.757 Loading class java/beans/PropertyChangeSupport$PropertyChangeListenerMap
Event: 2.758 Loading class java/beans/ChangeListenerMap
Event: 2.758 Loading class java/beans/ChangeListenerMap done
Event: 2.758 Loading class java/beans/PropertyChangeSupport$PropertyChangeListenerMap done
Event: 2.758 Loading class java/beans/PropertyChangeListener
Event: 2.758 Loading class java/beans/PropertyChangeListener done
Event: 2.855 Loading class java/util/ComparableTimSort
Event: 2.856 Loading class java/util/ComparableTimSort done
Event: 2.902 Loading class java/util/function/ToIntFunction
Event: 2.902 Loading class java/util/function/ToIntFunction done
Event: 2.920 Loading class java/util/AbstractList$SubList$1
Event: 2.920 Loading class java/util/AbstractList$SubList$1 done

Classes unloaded (0 events):
No events

Classes redefined (0 events):
No events

Internal exceptions (20 events):
Event: 1.674 Thread 0x0000022c066513a0 Exception <a 'java/lang/NoSuchMethodError'{0x00000000874ff940}: 'java.lang.Object java.lang.invoke.DirectMethodHandle$Holder.newInvokeSpecial(java.lang.Object, java.lang.Object, java.lang.Object, java.lang.Object, java.lang.Object, java.lang.Object)'> (0x00000000874ff940) 
thrown [s\src\hotspot\share\interpreter\linkResolver.cpp, line 784]
Event: 2.002 Thread 0x0000022c066513a0 Implicit null exception at 0x0000022c12d710fc to 0x0000022c12d71f08
Event: 2.002 Thread 0x0000022c066513a0 Implicit null exception at 0x0000022c12cdd1da to 0x0000022c12cdd2d8
Event: 2.002 Thread 0x0000022c066513a0 Implicit null exception at 0x0000022c12d4c92c to 0x0000022c12d50298
Event: 2.002 Thread 0x0000022c066513a0 Implicit null exception at 0x0000022c12d4c92c to 0x0000022c12d50298
Event: 2.002 Thread 0x0000022c066513a0 Implicit null exception at 0x0000022c12d4c92c to 0x0000022c12d50298
Event: 2.002 Thread 0x0000022c066513a0 Implicit null exception at 0x0000022c12d4c92c to 0x0000022c12d50298
Event: 2.002 Thread 0x0000022c066513a0 Implicit null exception at 0x0000022c12d4c92c to 0x0000022c12d50298
Event: 2.002 Thread 0x0000022c066513a0 Implicit null exception at 0x0000022c12d4c92c to 0x0000022c12d50298
Event: 2.002 Thread 0x0000022c066513a0 Implicit null exception at 0x0000022c12d4c92c to 0x0000022c12d50298
Event: 2.002 Thread 0x0000022c066513a0 Implicit null exception at 0x0000022c12d4c92c to 0x0000022c12d50298
Event: 2.002 Thread 0x0000022c066513a0 Implicit null exception at 0x0000022c12d4c92c to 0x0000022c12d50298
Event: 2.002 Thread 0x0000022c066513a0 Implicit null exception at 0x0000022c12d4c92c to 0x0000022c12d50298
Event: 2.002 Thread 0x0000022c066513a0 Implicit null exception at 0x0000022c12d4c92c to 0x0000022c12d50298
Event: 2.002 Thread 0x0000022c066513a0 Implicit null exception at 0x0000022c12d3a483 to 0x0000022c12d3f488
Event: 2.002 Thread 0x0000022c066513a0 Implicit null exception at 0x0000022c12d327dc to 0x0000022c12d33100
Event: 2.394 Thread 0x0000022c066513a0 Implicit null exception at 0x0000022c12dac9a0 to 0x0000022c12dacbcc
Event: 2.743 Thread 0x0000022c066513a0 Exception <a 'java/lang/NoSuchMethodError'{0x0000000088507798}: 'java.lang.Object java.lang.invoke.Invokers$Holder.invokeExact_MT(java.lang.Object, java.lang.Object, java.lang.Object, java.lang.Object, java.lang.Object, java.lang.Object)'> (0x0000000088507798) 
thrown [s\src\hotspot\share\interpreter\linkResolver.cpp, line 784]
Event: 2.914 Thread 0x0000022c066513a0 Exception <a 'java/lang/NoSuchMethodError'{0x000000008c5ba918}: 'void java.lang.invoke.DirectMethodHandle$Holder.invokeSpecial(java.lang.Object, java.lang.Object, int, java.lang.Object)'> (0x000000008c5ba918) 
thrown [s\src\hotspot\share\interpreter\linkResolver.cpp, line 784]
Event: 3.034 Thread 0x0000022c066513a0 Implicit null exception at 0x0000022c12e6d07e to 0x0000022c12e6d178

ZGC Phase Switch (0 events):
No events

VM Operations (20 events):
Event: 2.897 Executing VM operation: G1CollectForAllocation (G1 Evacuation Pause) done
Event: 2.915 Executing VM operation: G1PauseRemark
Event: 2.920 Executing VM operation: G1PauseRemark done
Event: 2.927 Executing VM operation: HandshakeAllThreads (Deoptimize)
Event: 2.927 Executing VM operation: HandshakeAllThreads (Deoptimize) done
Event: 2.928 Executing VM operation: G1PauseCleanup
Event: 2.929 Executing VM operation: G1PauseCleanup done
Event: 2.935 Executing VM operation: HandshakeAllThreads (Deoptimize)
Event: 2.935 Executing VM operation: HandshakeAllThreads (Deoptimize) done
Event: 2.958 Executing VM operation: HandshakeAllThreads (Deoptimize)
Event: 2.958 Executing VM operation: HandshakeAllThreads (Deoptimize) done
Event: 2.974 Executing VM operation: HandshakeAllThreads (Deoptimize)
Event: 2.974 Executing VM operation: HandshakeAllThreads (Deoptimize) done
Event: 2.989 Executing VM operation: HandshakeAllThreads (Deoptimize)
Event: 2.989 Executing VM operation: HandshakeAllThreads (Deoptimize) done
Event: 3.021 Executing VM operation: G1CollectForAllocation (G1 Evacuation Pause)
Event: 3.027 Executing VM operation: G1CollectForAllocation (G1 Evacuation Pause) done
Event: 3.169 Executing VM operation: ICBufferFull
Event: 3.170 Executing VM operation: ICBufferFull done
Event: 3.273 Executing VM operation: G1CollectForAllocation (G1 Evacuation Pause)

Events (20 events):
Event: 2.919 Thread 0x0000022c2018d250 flushing nmethod 0x0000022c12c9b990
Event: 2.919 Thread 0x0000022c2018d250 flushing nmethod 0x0000022c12c7af90
Event: 2.919 Thread 0x0000022c2018d250 flushing nmethod 0x0000022c12c6a910
Event: 2.919 Thread 0x0000022c2018d250 flushing nmethod 0x0000022c12c69c90
Event: 2.919 Thread 0x0000022c2018d250 flushing nmethod 0x0000022c12c62210
Event: 2.919 Thread 0x0000022c2018d250 flushing nmethod 0x0000022c12c68e10
Event: 2.919 Thread 0x0000022c2018d250 flushing nmethod 0x0000022c12c68b10
Event: 2.919 Thread 0x0000022c2018d250 flushing nmethod 0x0000022c12c5df10
Event: 2.919 Thread 0x0000022c2018d250 flushing nmethod 0x0000022c12c54410
Event: 2.919 Thread 0x0000022c2018d250 flushing nmethod 0x0000022c12c4c390
Event: 2.919 Thread 0x0000022c2018d250 flushing nmethod 0x0000022c12c4f310
Event: 2.919 Thread 0x0000022c2018d250 flushing nmethod 0x0000022c12c4e490
Event: 2.919 Thread 0x0000022c2018d250 flushing nmethod 0x0000022c12c44210
Event: 2.919 Thread 0x0000022c2018d250 flushing nmethod 0x0000022c12c3f190
Event: 2.919 Thread 0x0000022c2018d250 flushing nmethod 0x0000022c12c39e10
Event: 2.919 Thread 0x0000022c2018d250 flushing nmethod 0x0000022c12c38310
Event: 2.919 Thread 0x0000022c2018d250 flushing nmethod 0x0000022c12c2a090
Event: 2.919 Thread 0x0000022c2018d250 flushing nmethod 0x0000022c12c27d90
Event: 2.919 Thread 0x0000022c2018d250 flushing nmethod 0x0000022c12c27390
Event: 2.919 Thread 0x0000022c2018d250 flushing nmethod 0x0000022c12c19790


Dynamic libraries:
0x00007ff7f18c0000 - 0x00007ff7f18ca000 	E:\Android\Android_config\jbr\bin\java.exe
0x00007ff8e2aa0000 - 0x00007ff8e2d06000 	C:\WINDOWS\SYSTEM32\ntdll.dll
0x00007ff8e1030000 - 0x00007ff8e10f9000 	C:\WINDOWS\System32\KERNEL32.DLL
0x00007ff8e0260000 - 0x00007ff8e062c000 	C:\WINDOWS\System32\KERNELBASE.dll
0x00007ff8dfc60000 - 0x00007ff8dfdab000 	C:\WINDOWS\System32\ucrtbase.dll
0x00007ff8d5e90000 - 0x00007ff8d5eab000 	E:\Android\Android_config\jbr\bin\VCRUNTIME140.dll
0x00007ff8c4600000 - 0x00007ff8c4618000 	E:\Android\Android_config\jbr\bin\jli.dll
0x00007ff8e1d80000 - 0x00007ff8e1f4a000 	C:\WINDOWS\System32\USER32.dll
0x00007ff8dfc30000 - 0x00007ff8dfc57000 	C:\WINDOWS\System32\win32u.dll
0x00007ff8e1810000 - 0x00007ff8e183b000 	C:\WINDOWS\System32\GDI32.dll
0x00007ff8c1ec0000 - 0x00007ff8c215a000 	C:\WINDOWS\WinSxS\amd64_microsoft.windows.common-controls_6595b64144ccf1df_6.0.26100.3912_none_3e07963ce335137e\COMCTL32.dll
0x00007ff8dfdb0000 - 0x00007ff8dfee2000 	C:\WINDOWS\System32\gdi32full.dll
0x00007ff8e0630000 - 0x00007ff8e06d3000 	C:\WINDOWS\System32\msvcp_win.dll
0x00007ff8e2000000 - 0x00007ff8e20a9000 	C:\WINDOWS\System32\msvcrt.dll
0x00007ff8e1100000 - 0x00007ff8e1130000 	C:\WINDOWS\System32\IMM32.DLL
0x00007ff8d9220000 - 0x00007ff8d922c000 	E:\Android\Android_config\jbr\bin\vcruntime140_1.dll
0x00007ff8ac9c0000 - 0x00007ff8aca4d000 	E:\Android\Android_config\jbr\bin\msvcp140.dll
0x00007ff8619a0000 - 0x00007ff86261d000 	E:\Android\Android_config\jbr\bin\server\jvm.dll
0x00007ff8e1730000 - 0x00007ff8e17e2000 	C:\WINDOWS\System32\ADVAPI32.dll
0x00007ff8e1f50000 - 0x00007ff8e1ff6000 	C:\WINDOWS\System32\sechost.dll
0x00007ff8e27a0000 - 0x00007ff8e28b6000 	C:\WINDOWS\System32\RPCRT4.dll
0x00007ff8e1140000 - 0x00007ff8e11b4000 	C:\WINDOWS\System32\WS2_32.dll
0x00007ff8de860000 - 0x00007ff8de8be000 	C:\WINDOWS\SYSTEM32\POWRPROF.dll
0x00007ff8d66f0000 - 0x00007ff8d6726000 	C:\WINDOWS\SYSTEM32\WINMM.dll
0x00007ff8cd250000 - 0x00007ff8cd25b000 	C:\WINDOWS\SYSTEM32\VERSION.dll
0x00007ff8de840000 - 0x00007ff8de854000 	C:\WINDOWS\SYSTEM32\UMPDC.dll
0x00007ff8deb10000 - 0x00007ff8deb2a000 	C:\WINDOWS\SYSTEM32\kernel.appcore.dll
0x00007ff8d5e80000 - 0x00007ff8d5e8a000 	E:\Android\Android_config\jbr\bin\jimage.dll
0x00007ff8dd2e0000 - 0x00007ff8dd521000 	C:\WINDOWS\SYSTEM32\DBGHELP.DLL
0x00007ff8e19e0000 - 0x00007ff8e1d64000 	C:\WINDOWS\System32\combase.dll
0x00007ff8e18f0000 - 0x00007ff8e19d0000 	C:\WINDOWS\System32\OLEAUT32.dll
0x00007ff8a6fb0000 - 0x00007ff8a6fe9000 	C:\WINDOWS\SYSTEM32\dbgcore.DLL
0x00007ff8dfef0000 - 0x00007ff8dff89000 	C:\WINDOWS\System32\bcryptPrimitives.dll
0x00007ff8d5e60000 - 0x00007ff8d5e7f000 	E:\Android\Android_config\jbr\bin\java.dll
0x00007ff8d5db0000 - 0x00007ff8d5dc8000 	E:\Android\Android_config\jbr\bin\zip.dll
0x00007ff8e0860000 - 0x00007ff8e0f8d000 	C:\WINDOWS\System32\SHELL32.dll
0x00007ff8dff90000 - 0x00007ff8e0104000 	C:\WINDOWS\System32\wintypes.dll
0x00007ff8dd8c0000 - 0x00007ff8de116000 	C:\WINDOWS\SYSTEM32\windows.storage.dll
0x00007ff8e1420000 - 0x00007ff8e150f000 	C:\WINDOWS\System32\SHCORE.dll
0x00007ff8e0fc0000 - 0x00007ff8e1029000 	C:\WINDOWS\System32\shlwapi.dll
0x00007ff8dfb40000 - 0x00007ff8dfb6f000 	C:\WINDOWS\SYSTEM32\profapi.dll
0x00007ff8d5d90000 - 0x00007ff8d5da0000 	E:\Android\Android_config\jbr\bin\net.dll
0x00007ff8d8cf0000 - 0x00007ff8d8e0e000 	C:\WINDOWS\SYSTEM32\WINHTTP.dll
0x00007ff8df080000 - 0x00007ff8df0ea000 	C:\WINDOWS\system32\mswsock.dll
0x00007ff8cafd0000 - 0x00007ff8cafe6000 	E:\Android\Android_config\jbr\bin\nio.dll
0x00007ff8c7ae0000 - 0x00007ff8c7af0000 	E:\Android\Android_config\jbr\bin\verify.dll

dbghelp: loaded successfully - version: 4.0.5 - missing functions: none
symbol engine: initialized successfully - sym options: 0x614 - pdb path: .;E:\Android\Android_config\jbr\bin;C:\WINDOWS\SYSTEM32;C:\WINDOWS\WinSxS\amd64_microsoft.windows.common-controls_6595b64144ccf1df_6.0.26100.3912_none_3e07963ce335137e;E:\Android\Android_config\jbr\bin\server

VM Arguments:
java_command: org.jetbrains.kotlin.cli.jvm.K2JVMCompiler @E:\project_kotlin\app\build\20250511_15049639018989805543.compiler.options
java_class_path (initial): C:\Users\CYBORG 15\.gradle\caches\modules-2\files-2.1\org.jetbrains.kotlin\kotlin-compiler-embeddable\2.0.0\1de310de3446414381282ffc46c3ed3919a4d1da\kotlin-compiler-embeddable-2.0.0.jar;C:\Users\CYBORG 15\.gradle\caches\modules-2\files-2.1\org.jetbrains.kotlin\kotlin-stdlib\2.0.0\b48df2c4aede9586cc931ead433bc02d6fd7879e\kotlin-stdlib-2.0.0.jar;C:\Users\CYBORG 15\.gradle\caches\modules-2\files-2.1\org.jetbrains.kotlin\kotlin-script-runtime\2.0.0\fdc27dd047d592fa41d2dfa21e7621287a361612\kotlin-script-runtime-2.0.0.jar;C:\Users\CYBORG 15\.gradle\caches\modules-2\files-2.1\org.jetbrains.kotlin\kotlin-reflect\1.6.10\1cbe9c92c12a94eea200d23c2bbaedaf3daf5132\kotlin-reflect-1.6.10.jar;C:\Users\CYBORG 15\.gradle\caches\modules-2\files-2.1\org.jetbrains.kotlin\kotlin-daemon-embeddable\2.0.0\b39c612768614c4428c96ee9c65477181fffe9d\kotlin-daemon-embeddable-2.0.0.jar;C:\Users\CYBORG 15\.gradle\caches\modules-2\files-2.1\org.jetbrains.intellij.deps\trove4j\1.0.20200330\3afb14d5f9ceb459d724e907a21145e8ff394f02\trove4j-1.0.20200330.jar;C:\Users\CYBORG 15\.gradle\caches\modules-2\files-2.1\org.jetbrains\annotations\13.0\919f0dfe192fb4e063e7dacadee7f8bb9a2672a9\annotations-13.0.jar
Launcher Type: SUN_STANDARD

[Global flags]
     intx CICompilerCount                          = 4                                         {product} {ergonomic}
     uint ConcGCThreads                            = 3                                         {product} {ergonomic}
     uint G1ConcRefinementThreads                  = 10                                        {product} {ergonomic}
   size_t G1HeapRegionSize                         = 1048576                                   {product} {ergonomic}
    uintx GCDrainStackTargetSize                   = 64                                        {product} {ergonomic}
   size_t InitialHeapSize                          = 130023424                                 {product} {ergonomic}
   size_t MarkStackSize                            = 4194304                                   {product} {ergonomic}
   size_t MaxHeapSize                              = 2069889024                                {product} {ergonomic}
   size_t MaxNewSize                               = 1241513984                                {product} {ergonomic}
   size_t MinHeapDeltaBytes                        = 1048576                                   {product} {ergonomic}
   size_t MinHeapSize                              = 8388608                                   {product} {ergonomic}
    uintx NonNMethodCodeHeapSize                   = 5839372                                {pd product} {ergonomic}
    uintx NonProfiledCodeHeapSize                  = 122909434                              {pd product} {ergonomic}
    uintx ProfiledCodeHeapSize                     = 122909434                              {pd product} {ergonomic}
    uintx ReservedCodeCacheSize                    = 251658240                              {pd product} {ergonomic}
     bool SegmentedCodeCache                       = true                                      {product} {ergonomic}
   size_t SoftMaxHeapSize                          = 2069889024                             {manageable} {ergonomic}
     bool UseCompressedOops                        = true                           {product lp64_product} {ergonomic}
     bool UseG1GC                                  = true                                      {product} {ergonomic}
     bool UseLargePagesIndividualAllocation        = false                                  {pd product} {ergonomic}

Logging:
Log output configuration:
 #0: stdout all=warning uptime,level,tags foldmultilines=false
 #1: stderr all=off uptime,level,tags foldmultilines=false

Environment Variables:
JAVA_HOME=C:\Program Files\OpenJDK\jdk-22.0.2
PATH=C:\Program Files\Common Files\Oracle\Java\javapath;C:\Program Files\Python312\Scripts\;C:\Program Files\Python312\;C:\Windows\system32;C:\Windows;C:\Windows\System32\Wbem;C:\Windows\System32\WindowsPowerShell\v1.0\;C:\Windows\System32\OpenSSH\;C:\Program Files (x86)\NVIDIA Corporation\PhysX\Common;C:\Program Files\NVIDIA Corporation\NVIDIA NvDLISR;C:\Program Files\Java\jdk-21;C:\Program Files (x86)\Microsoft SQL Server\160\Tools\Binn\;C:\Program Files\Microsoft SQL Server\160\Tools\Binn\;C:\Program Files\Microsoft SQL Server\Client SDK\ODBC\170\Tools\Binn\;C:\Program Files\Microsoft SQL Server\160\DTS\Binn\;C:\Program Files\Azure Data Studio\bin;C:\Program Files\Microsoft VS Code\bin;C:\Program Files\Java\jdk-22\bin;C:\msys64\ucrt64\bin;E:\C++_VS\mingw 18.0\MinGW\bin;C:\Program Files\Git\cmd;C:\Program Files\nodejs\;E:\Setup\apache-maven-3.9.9\bin;C:\Program Files\Cloudflare\Cloudflare WARP\;C:\ProgramData\ComposerSetup\bin;C:\Program Files\Docker\Docker\resources\bin;C:\WINDOWS\system32;C:\WINDOWS;C:\WINDOWS\System32\Wbem;C:\WINDOWS\System32\WindowsPowerShell\v1.0\;C:\WINDOWS\System32\OpenSSH\;E:\Setup\apache-maven-3.9.9\bin;C:\ProgramData\chocolatey\bin;C:\Program Files\OpenJDK\jdk-22.0.2\bin;D:\anaconda;D:\anaconda\Scripts;D:\anaconda\Library;E:\Python\Graphviz\bin;D:\thu_muc_la\platform-tools;C:\Users\CYBORG 15\AppData\Local\Microsoft\WindowsApps;C:\Program Files\Azure Data Studio\bin;C:\msys64\ucrt64\bin.;C:\Users\CYBORG 15\AppData\Roaming\npm;C:\Program Files\nodejs;C:\Program Files\JetBrains\IntelliJ IDEA 2024.3.1\bin;;C:\Xamp\php;C:\Users\CYBORG 15\AppData\Roaming\Composer\vendor\bin;;D:\IntelliJ IDEA Community Edition 2025.1\bin;;C:\Users\CYBORG 15\AppData\Local\Programs\cursor\resources\app\bin
USERNAME=MinhHieu
OS=Windows_NT
PROCESSOR_IDENTIFIER=Intel64 Family 6 Model 154 Stepping 3, GenuineIntel
TMP=C:\Users\CYBORG~1\AppData\Local\Temp
TEMP=C:\Users\CYBORG~1\AppData\Local\Temp




Periodic native trim disabled

JNI global refs:
JNI global refs: 12, weak refs: 0

JNI global refs memory usage: 835, weak refs: 833

Process memory usage:
Resident Set Size: 259080K (3% of 8085160K total physical memory with 575576K free physical memory)

OOME stack traces (most recent first):
Classloader memory used:
Loader jdk.internal.loader.ClassLoaders$AppClassLoader                                 : 41738K
Loader bootstrap                                                                       : 10821K
Loader java.net.URLClassLoader                                                         : 232K

---------------  S Y S T E M  ---------------

OS:
 Windows 11 , 64 bit Build 26100 (10.0.26100.3912)
OS uptime: 0 days 3:29 hours
Hyper-V role detected

CPU: total 12 (initial active 12) (6 cores per cpu, 2 threads per core) family 6 model 154 stepping 3 microcode 0x424, cx8, cmov, fxsr, ht, mmx, 3dnowpref, sse, sse2, sse3, ssse3, sse4.1, sse4.2, popcnt, lzcnt, tsc, tscinvbit, avx, avx2, aes, erms, clmul, bmi1, bmi2, adx, sha, fma, vzeroupper, clflush, clflushopt, clwb, hv, serialize, rdtscp, rdpid, fsrm, f16c, cet_ibt, cet_ss
Processor Information for all 12 processors :
  Max Mhz: 2000, Current Mhz: 2000, Mhz Limit: 2000

Memory: 4k page, system-wide physical 7895M (562M free)
TotalPageFile size 22222M (AvailPageFile size 9M)
current process WorkingSet (physical memory assigned to process): 253M, peak: 267M
current process commit charge ("private bytes"): 336M, peak: 342M

vm_info: OpenJDK 64-Bit Server VM (21.0.3+-12282718-b509.11) for windows-amd64 JRE (21.0.3+-12282718-b509.11), built on 2024-08-27T17:34:15Z by "builder" with MS VC++ 16.10 / 16.11 (VS2019)

END.
