#
# There is insufficient memory for the Java Runtime Environment to continue.
# Native memory allocation (mmap) failed to map 50331648 bytes. Error detail: G1 virtual space
# Possible reasons:
#   The system is out of physical RAM or swap space
#   This process is running with CompressedOops enabled, and the Java Heap may be blocking the growth of the native heap
# Possible solutions:
#   Reduce memory load on the system
#   Increase physical memory or swap space
#   Check if swap backing store is full
#   Decrease Java heap size (-Xmx/-Xms)
#   Decrease number of Java threads
#   Decrease Java thread stack sizes (-Xss)
#   Set larger code cache with -XX:ReservedCodeCacheSize=
#   JVM is running with Unscaled Compressed Oops mode in which the Java heap is
#     placed in the first 4GB address space. The Java Heap base address is the
#     maximum limit for the native heap growth. Please use -XX:HeapBaseMinAddress
#     to set the Java Heap base and to place the Java Heap above 4GB virtual address.
# This output file may be truncated or incomplete.
#
#  Out of Memory Error (os_windows.cpp:3815), pid=2020, tid=10476
#
# JRE version: OpenJDK Runtime Environment (21.0.3) (build 21.0.3+-12282718-b509.11)
# Java VM: OpenJDK 64-Bit Server VM (21.0.3+-12282718-b509.11, mixed mode, tiered, compressed oops, compressed class ptrs, g1 gc, windows-amd64)
# No core dump will be written. Minidumps are not enabled by default on client versions of Windows
#

---------------  S U M M A R Y ------------

Command Line: org.jetbrains.kotlin.cli.jvm.K2JVMCompiler @E:\project_kotlin\app\build\20250511_724080840895821702.compiler.options

Host: 12th Gen Intel(R) Core(TM) i5-12450H, 12 cores, 7G,  Windows 11 , 64 bit Build 26100 (10.0.26100.3912)
Time: Sun May 11 15:04:49 2025 SE Asia Standard Time elapsed time: 26.210674 seconds (0d 0h 0m 26s)

---------------  T H R E A D  ---------------

Current thread (0x0000018434729470):  VMThread "VM Thread"          [id=10476, stack(0x0000003651400000,0x0000003651500000) (1024K)]

Stack: [0x0000003651400000,0x0000003651500000]
Native frames: (J=compiled Java code, j=interpreted, Vv=VM code, C=native code)
V  [jvm.dll+0x6cafb9]
V  [jvm.dll+0x858523]
V  [jvm.dll+0x85aa7e]
V  [jvm.dll+0x85b163]
V  [jvm.dll+0x27d356]
V  [jvm.dll+0x6c7865]
V  [jvm.dll+0x6bbd3a]
V  [jvm.dll+0x35199b]
V  [jvm.dll+0x3595d6]
V  [jvm.dll+0x3aa826]
V  [jvm.dll+0x3aaaf8]
V  [jvm.dll+0x3240bc]
V  [jvm.dll+0x324147]
V  [jvm.dll+0x36a00c]
V  [jvm.dll+0x36879e]
V  [jvm.dll+0x3237c1]
V  [jvm.dll+0x367eb0]
V  [jvm.dll+0x860ac8]
V  [jvm.dll+0x861bc4]
V  [jvm.dll+0x862100]
V  [jvm.dll+0x862393]
V  [jvm.dll+0x800d78]
V  [jvm.dll+0x6c98cd]
C  [ucrtbase.dll+0x37b0]
C  [KERNEL32.DLL+0x2e8d7]
C  [ntdll.dll+0x9c5dc]

VM_Operation (0x0000003650dfa520): G1CollectForAllocation, mode: safepoint, requested by thread 0x000001841c4096a0


---------------  P R O C E S S  ---------------

Threads class SMR info:
_java_thread_list=0x000001843b3bd560, length=11, elements={
0x000001841c4096a0, 0x0000018434787a70, 0x00000184347884d0, 0x0000018434788f30,
0x00000184347a3b40, 0x00000184347a45a0, 0x00000184347ad010, 0x0000018434794a10,
0x0000018434795600, 0x0000018434880910, 0x00000184348829e0
}

Java Threads: ( => current thread )
  0x000001841c4096a0 JavaThread "main"                              [_thread_blocked, id=16640, stack(0x0000003650d00000,0x0000003650e00000) (1024K)]
  0x0000018434787a70 JavaThread "Reference Handler"          daemon [_thread_blocked, id=7608, stack(0x0000003651500000,0x0000003651600000) (1024K)]
  0x00000184347884d0 JavaThread "Finalizer"                  daemon [_thread_blocked, id=6080, stack(0x0000003651600000,0x0000003651700000) (1024K)]
  0x0000018434788f30 JavaThread "Signal Dispatcher"          daemon [_thread_blocked, id=8644, stack(0x0000003651700000,0x0000003651800000) (1024K)]
  0x00000184347a3b40 JavaThread "Attach Listener"            daemon [_thread_blocked, id=9428, stack(0x0000003651800000,0x0000003651900000) (1024K)]
  0x00000184347a45a0 JavaThread "Service Thread"             daemon [_thread_blocked, id=11580, stack(0x0000003651900000,0x0000003651a00000) (1024K)]
  0x00000184347ad010 JavaThread "Monitor Deflation Thread"   daemon [_thread_blocked, id=9812, stack(0x0000003651a00000,0x0000003651b00000) (1024K)]
  0x0000018434794a10 JavaThread "C2 CompilerThread0"         daemon [_thread_blocked, id=11052, stack(0x0000003651b00000,0x0000003651c00000) (1024K)]
  0x0000018434795600 JavaThread "C1 CompilerThread0"         daemon [_thread_blocked, id=12100, stack(0x0000003651c00000,0x0000003651d00000) (1024K)]
  0x0000018434880910 JavaThread "Notification Thread"        daemon [_thread_blocked, id=13828, stack(0x0000003651d00000,0x0000003651e00000) (1024K)]
  0x00000184348829e0 JavaThread "Common-Cleaner"             daemon [_thread_blocked, id=20828, stack(0x0000003651e00000,0x0000003651f00000) (1024K)]
Total: 11

Other Threads:
=>0x0000018434729470 VMThread "VM Thread"                           [id=10476, stack(0x0000003651400000,0x0000003651500000) (1024K)]
  0x00000184345612f0 WatcherThread "VM Periodic Task Thread"        [id=2720, stack(0x0000003651300000,0x0000003651400000) (1024K)]
  0x000001841c45d280 WorkerThread "GC Thread#0"                     [id=12788, stack(0x0000003650e00000,0x0000003650f00000) (1024K)]
  0x0000018439626550 WorkerThread "GC Thread#1"                     [id=18340, stack(0x0000003652100000,0x0000003652200000) (1024K)]
  0x000001843965f4a0 WorkerThread "GC Thread#2"                     [id=16156, stack(0x0000003652200000,0x0000003652300000) (1024K)]
  0x00000184396736b0 WorkerThread "GC Thread#3"                     [id=17328, stack(0x0000003652300000,0x0000003652400000) (1024K)]
  0x0000018439673a50 WorkerThread "GC Thread#4"                     [id=14800, stack(0x0000003652400000,0x0000003652500000) (1024K)]
  0x0000018439676620 WorkerThread "GC Thread#5"                     [id=9800, stack(0x0000003652500000,0x0000003652600000) (1024K)]
  0x0000018439a63a10 WorkerThread "GC Thread#6"                     [id=13568, stack(0x0000003652600000,0x0000003652700000) (1024K)]
  0x0000018439a62f30 WorkerThread "GC Thread#7"                     [id=3324, stack(0x0000003652700000,0x0000003652800000) (1024K)]
  0x0000018439a63db0 WorkerThread "GC Thread#8"                     [id=4580, stack(0x0000003652800000,0x0000003652900000) (1024K)]
  0x000001843a238750 WorkerThread "GC Thread#9"                     [id=17952, stack(0x0000003652b00000,0x0000003652c00000) (1024K)]
  0x000001841c48a9b0 ConcurrentGCThread "G1 Main Marker"            [id=21448, stack(0x0000003650f00000,0x0000003651000000) (1024K)]
  0x000001841c48c360 WorkerThread "G1 Conc#0"                       [id=2436, stack(0x0000003651000000,0x0000003651100000) (1024K)]
  0x0000018439a64150 WorkerThread "G1 Conc#1"                       [id=17928, stack(0x0000003652900000,0x0000003652a00000) (1024K)]
  0x0000018439a644f0 WorkerThread "G1 Conc#2"                       [id=7348, stack(0x0000003652a00000,0x0000003652b00000) (1024K)]
  0x00000184344367f0 ConcurrentGCThread "G1 Refine#0"               [id=10484, stack(0x0000003651100000,0x0000003651200000) (1024K)]
  0x0000018434437200 ConcurrentGCThread "G1 Service"                [id=4092, stack(0x0000003651200000,0x0000003651300000) (1024K)]
Total: 18

Threads with active compile tasks:
C2 CompilerThread0    26246 16360       4       org.jetbrains.kotlin.fir.resolve.substitution.AbstractConeSubstitutor::substituteRecursive (453 bytes)
Total: 1

VM state: at safepoint (normal execution)

VM Mutex/Monitor currently owned by a thread:  ([mutex/lock_event])
[0x00007ff8625420c8] Threads_lock - owner thread: 0x0000018434729470
[0x00007ff8625421c8] Heap_lock - owner thread: 0x000001841c4096a0

Heap address: 0x0000000084a00000, size: 1974 MB, Compressed Oops mode: 32-bit

CDS archive(s) not mapped
Compressed class space mapped at: 0x0000000100000000-0x0000000140000000, reserved size: 1073741824
Narrow klass base: 0x0000000000000000, Narrow klass shift: 3, Narrow klass range: 0x140000000

GC Precious Log:
 CardTable entry size: 512
 Card Set container configuration: InlinePtr #cards 5 size 8 Array Of Cards #cards 12 size 40 Howl #buckets 4 coarsen threshold 1843 Howl Bitmap #cards 512 size 80 coarsen threshold 460 Card regions per heap region 1 cards per card region 2048
 CPUs: 12 total, 12 available
 Memory: 7895M
 Large Page Support: Disabled
 NUMA Support: Disabled
 Compressed Oops: Enabled (32-bit)
 Heap Region Size: 1M
 Heap Min Capacity: 8M
 Heap Initial Capacity: 124M
 Heap Max Capacity: 1974M
 Pre-touch: Disabled
 Parallel Workers: 10
 Concurrent Workers: 3
 Concurrent Refinement Workers: 10
 Periodic GC: Disabled

Heap:
 garbage-first heap   total 244736K, used 160270K [0x0000000084a00000, 0x0000000100000000)
  region size 1024K, 7 young (7168K), 7 survivors (7168K)
 Metaspace       used 81795K, committed 82176K, reserved 1179648K
  class space    used 8593K, committed 8768K, reserved 1048576K

Heap Regions: E=young(eden), S=young(survivor), O=old, HS=humongous(starts), HC=humongous(continues), CS=collection set, F=free, TAMS=top-at-mark-start, PB=parsable bottom
|   0|0x0000000084a00000, 0x0000000084b00000, 0x0000000084b00000|100%|HS|  |TAMS 0x0000000084a00000| PB 0x0000000084a00000| Complete 
|   1|0x0000000084b00000, 0x0000000084c00000, 0x0000000084c00000|100%|HC|  |TAMS 0x0000000084b00000| PB 0x0000000084b00000| Complete 
|   2|0x0000000084c00000, 0x0000000084d00000, 0x0000000084d00000|100%|HC|  |TAMS 0x0000000084c00000| PB 0x0000000084c00000| Complete 
|   3|0x0000000084d00000, 0x0000000084e00000, 0x0000000084e00000|100%| O|  |TAMS 0x0000000084d00000| PB 0x0000000084d00000| Untracked 
|   4|0x0000000084e00000, 0x0000000084f00000, 0x0000000084f00000|100%| O|  |TAMS 0x0000000084e00000| PB 0x0000000084e00000| Untracked 
|   5|0x0000000084f00000, 0x0000000084fe1248, 0x0000000085000000| 87%| O|  |TAMS 0x0000000084f00000| PB 0x0000000084f00000| Untracked 
|   6|0x0000000085000000, 0x0000000085100000, 0x0000000085100000|100%| O|  |TAMS 0x0000000085000000| PB 0x0000000085000000| Untracked 
|   7|0x0000000085100000, 0x0000000085200000, 0x0000000085200000|100%| O|  |TAMS 0x0000000085100000| PB 0x0000000085100000| Untracked 
|   8|0x0000000085200000, 0x0000000085300000, 0x0000000085300000|100%| O|  |TAMS 0x0000000085200000| PB 0x0000000085200000| Untracked 
|   9|0x0000000085300000, 0x0000000085400000, 0x0000000085400000|100%| O|  |TAMS 0x0000000085300000| PB 0x0000000085300000| Untracked 
|  10|0x0000000085400000, 0x0000000085500000, 0x0000000085500000|100%| O|  |TAMS 0x0000000085400000| PB 0x0000000085400000| Untracked 
|  11|0x0000000085500000, 0x0000000085600000, 0x0000000085600000|100%| O|  |TAMS 0x0000000085500000| PB 0x0000000085500000| Untracked 
|  12|0x0000000085600000, 0x0000000085700000, 0x0000000085700000|100%| O|  |TAMS 0x0000000085600000| PB 0x0000000085600000| Untracked 
|  13|0x0000000085700000, 0x0000000085800000, 0x0000000085800000|100%| O|  |TAMS 0x0000000085700000| PB 0x0000000085700000| Untracked 
|  14|0x0000000085800000, 0x0000000085900000, 0x0000000085900000|100%| O|  |TAMS 0x0000000085800000| PB 0x0000000085800000| Untracked 
|  15|0x0000000085900000, 0x0000000085a00000, 0x0000000085a00000|100%| O|  |TAMS 0x0000000085900000| PB 0x0000000085900000| Untracked 
|  16|0x0000000085a00000, 0x0000000085b00000, 0x0000000085b00000|100%| O|  |TAMS 0x0000000085a00000| PB 0x0000000085a00000| Untracked 
|  17|0x0000000085b00000, 0x0000000085c00000, 0x0000000085c00000|100%| O|  |TAMS 0x0000000085b00000| PB 0x0000000085b00000| Untracked 
|  18|0x0000000085c00000, 0x0000000085d00000, 0x0000000085d00000|100%| O|  |TAMS 0x0000000085c00000| PB 0x0000000085c00000| Untracked 
|  19|0x0000000085d00000, 0x0000000085e00000, 0x0000000085e00000|100%| O|  |TAMS 0x0000000085d00000| PB 0x0000000085d00000| Untracked 
|  20|0x0000000085e00000, 0x0000000085f00000, 0x0000000085f00000|100%| O|  |TAMS 0x0000000085e00000| PB 0x0000000085e00000| Untracked 
|  21|0x0000000085f00000, 0x0000000086000000, 0x0000000086000000|100%| O|  |TAMS 0x0000000085f00000| PB 0x0000000085f00000| Untracked 
|  22|0x0000000086000000, 0x0000000086100000, 0x0000000086100000|100%| O|  |TAMS 0x0000000086000000| PB 0x0000000086000000| Untracked 
|  23|0x0000000086100000, 0x0000000086200000, 0x0000000086200000|100%| O|  |TAMS 0x0000000086100000| PB 0x0000000086100000| Untracked 
|  24|0x0000000086200000, 0x0000000086300000, 0x0000000086300000|100%| O|  |TAMS 0x0000000086200000| PB 0x0000000086200000| Untracked 
|  25|0x0000000086300000, 0x0000000086400000, 0x0000000086400000|100%| O|  |TAMS 0x0000000086300000| PB 0x0000000086300000| Untracked 
|  26|0x0000000086400000, 0x0000000086500000, 0x0000000086500000|100%| O|  |TAMS 0x0000000086400000| PB 0x0000000086400000| Untracked 
|  27|0x0000000086500000, 0x0000000086600000, 0x0000000086600000|100%| O|  |TAMS 0x0000000086500000| PB 0x0000000086500000| Untracked 
|  28|0x0000000086600000, 0x0000000086700000, 0x0000000086700000|100%| O|  |TAMS 0x0000000086600000| PB 0x0000000086600000| Untracked 
|  29|0x0000000086700000, 0x0000000086800000, 0x0000000086800000|100%| O|  |TAMS 0x0000000086700000| PB 0x0000000086700000| Untracked 
|  30|0x0000000086800000, 0x0000000086900000, 0x0000000086900000|100%| O|  |TAMS 0x0000000086800000| PB 0x0000000086800000| Untracked 
|  31|0x0000000086900000, 0x0000000086a00000, 0x0000000086a00000|100%| O|  |TAMS 0x0000000086900000| PB 0x0000000086900000| Untracked 
|  32|0x0000000086a00000, 0x0000000086b00000, 0x0000000086b00000|100%| O|  |TAMS 0x0000000086a00000| PB 0x0000000086a00000| Untracked 
|  33|0x0000000086b00000, 0x0000000086c00000, 0x0000000086c00000|100%| O|  |TAMS 0x0000000086b00000| PB 0x0000000086b00000| Untracked 
|  34|0x0000000086c00000, 0x0000000086d00000, 0x0000000086d00000|100%| O|  |TAMS 0x0000000086c00000| PB 0x0000000086c00000| Untracked 
|  35|0x0000000086d00000, 0x0000000086e00000, 0x0000000086e00000|100%| O|  |TAMS 0x0000000086d00000| PB 0x0000000086d00000| Untracked 
|  36|0x0000000086e00000, 0x0000000086f00000, 0x0000000086f00000|100%| O|  |TAMS 0x0000000086e00000| PB 0x0000000086e00000| Untracked 
|  37|0x0000000086f00000, 0x0000000087000000, 0x0000000087000000|100%| O|  |TAMS 0x0000000086f00000| PB 0x0000000086f00000| Untracked 
|  38|0x0000000087000000, 0x0000000087100000, 0x0000000087100000|100%| O|  |TAMS 0x0000000087000000| PB 0x0000000087000000| Untracked 
|  39|0x0000000087100000, 0x0000000087200000, 0x0000000087200000|100%| O|  |TAMS 0x0000000087100000| PB 0x0000000087100000| Untracked 
|  40|0x0000000087200000, 0x0000000087300000, 0x0000000087300000|100%| O|  |TAMS 0x0000000087200000| PB 0x0000000087200000| Untracked 
|  41|0x0000000087300000, 0x0000000087400000, 0x0000000087400000|100%| O|  |TAMS 0x0000000087300000| PB 0x0000000087300000| Untracked 
|  42|0x0000000087400000, 0x0000000087500000, 0x0000000087500000|100%| O|  |TAMS 0x0000000087400000| PB 0x0000000087400000| Untracked 
|  43|0x0000000087500000, 0x0000000087600000, 0x0000000087600000|100%| O|  |TAMS 0x0000000087500000| PB 0x0000000087500000| Untracked 
|  44|0x0000000087600000, 0x0000000087700000, 0x0000000087700000|100%| O|  |TAMS 0x0000000087600000| PB 0x0000000087600000| Untracked 
|  45|0x0000000087700000, 0x0000000087800000, 0x0000000087800000|100%| O|  |TAMS 0x0000000087700000| PB 0x0000000087700000| Untracked 
|  46|0x0000000087800000, 0x0000000087900000, 0x0000000087900000|100%| O|  |TAMS 0x0000000087800000| PB 0x0000000087800000| Untracked 
|  47|0x0000000087900000, 0x0000000087a00000, 0x0000000087a00000|100%| O|  |TAMS 0x0000000087900000| PB 0x0000000087900000| Untracked 
|  48|0x0000000087a00000, 0x0000000087b00000, 0x0000000087b00000|100%| O|  |TAMS 0x0000000087a00000| PB 0x0000000087a00000| Untracked 
|  49|0x0000000087b00000, 0x0000000087c00000, 0x0000000087c00000|100%| O|  |TAMS 0x0000000087b00000| PB 0x0000000087b00000| Untracked 
|  50|0x0000000087c00000, 0x0000000087d00000, 0x0000000087d00000|100%| O|  |TAMS 0x0000000087c00000| PB 0x0000000087c00000| Untracked 
|  51|0x0000000087d00000, 0x0000000087e00000, 0x0000000087e00000|100%| O|  |TAMS 0x0000000087d00000| PB 0x0000000087d00000| Untracked 
|  52|0x0000000087e00000, 0x0000000087f00000, 0x0000000087f00000|100%| O|  |TAMS 0x0000000087e00000| PB 0x0000000087e00000| Untracked 
|  53|0x0000000087f00000, 0x0000000088000000, 0x0000000088000000|100%| O|  |TAMS 0x0000000087f00000| PB 0x0000000087f00000| Untracked 
|  54|0x0000000088000000, 0x0000000088100000, 0x0000000088100000|100%| O|  |TAMS 0x0000000088000000| PB 0x0000000088000000| Untracked 
|  55|0x0000000088100000, 0x0000000088200000, 0x0000000088200000|100%| O|  |TAMS 0x0000000088100000| PB 0x0000000088100000| Untracked 
|  56|0x0000000088200000, 0x0000000088300000, 0x0000000088300000|100%| O|  |TAMS 0x0000000088200000| PB 0x0000000088200000| Untracked 
|  57|0x0000000088300000, 0x0000000088400000, 0x0000000088400000|100%| O|  |TAMS 0x0000000088300000| PB 0x0000000088300000| Untracked 
|  58|0x0000000088400000, 0x0000000088500000, 0x0000000088500000|100%| O|  |TAMS 0x0000000088400000| PB 0x0000000088400000| Untracked 
|  59|0x0000000088500000, 0x0000000088600000, 0x0000000088600000|100%| O|  |TAMS 0x0000000088500000| PB 0x0000000088500000| Untracked 
|  60|0x0000000088600000, 0x0000000088700000, 0x0000000088700000|100%| O|  |TAMS 0x0000000088600000| PB 0x0000000088600000| Untracked 
|  61|0x0000000088700000, 0x0000000088800000, 0x0000000088800000|100%| O|  |TAMS 0x0000000088700000| PB 0x0000000088700000| Untracked 
|  62|0x0000000088800000, 0x0000000088900000, 0x0000000088900000|100%| O|  |TAMS 0x0000000088800000| PB 0x0000000088800000| Untracked 
|  63|0x0000000088900000, 0x0000000088a00000, 0x0000000088a00000|100%| O|  |TAMS 0x0000000088900000| PB 0x0000000088900000| Untracked 
|  64|0x0000000088a00000, 0x0000000088b00000, 0x0000000088b00000|100%| O|  |TAMS 0x0000000088a00000| PB 0x0000000088a00000| Untracked 
|  65|0x0000000088b00000, 0x0000000088c00000, 0x0000000088c00000|100%| O|  |TAMS 0x0000000088b00000| PB 0x0000000088b00000| Untracked 
|  66|0x0000000088c00000, 0x0000000088d00000, 0x0000000088d00000|100%| O|  |TAMS 0x0000000088c00000| PB 0x0000000088c00000| Untracked 
|  67|0x0000000088d00000, 0x0000000088e00000, 0x0000000088e00000|100%| O|  |TAMS 0x0000000088d00000| PB 0x0000000088d00000| Untracked 
|  68|0x0000000088e00000, 0x0000000088f00000, 0x0000000088f00000|100%| O|  |TAMS 0x0000000088e00000| PB 0x0000000088e00000| Untracked 
|  69|0x0000000088f00000, 0x0000000089000000, 0x0000000089000000|100%| O|  |TAMS 0x0000000088f00000| PB 0x0000000088f00000| Untracked 
|  70|0x0000000089000000, 0x0000000089100000, 0x0000000089100000|100%| O|  |TAMS 0x0000000089000000| PB 0x0000000089000000| Untracked 
|  71|0x0000000089100000, 0x0000000089200000, 0x0000000089200000|100%| O|  |TAMS 0x0000000089100000| PB 0x0000000089100000| Untracked 
|  72|0x0000000089200000, 0x0000000089300000, 0x0000000089300000|100%| O|  |TAMS 0x0000000089200000| PB 0x0000000089200000| Untracked 
|  73|0x0000000089300000, 0x0000000089400000, 0x0000000089400000|100%| O|  |TAMS 0x0000000089300000| PB 0x0000000089300000| Untracked 
|  74|0x0000000089400000, 0x0000000089500000, 0x0000000089500000|100%| O|  |TAMS 0x0000000089400000| PB 0x0000000089400000| Untracked 
|  75|0x0000000089500000, 0x0000000089600000, 0x0000000089600000|100%| O|  |TAMS 0x0000000089500000| PB 0x0000000089500000| Untracked 
|  76|0x0000000089600000, 0x0000000089700000, 0x0000000089700000|100%| O|  |TAMS 0x0000000089600000| PB 0x0000000089600000| Untracked 
|  77|0x0000000089700000, 0x0000000089800000, 0x0000000089800000|100%| O|  |TAMS 0x0000000089700000| PB 0x0000000089700000| Untracked 
|  78|0x0000000089800000, 0x0000000089900000, 0x0000000089900000|100%| O|  |TAMS 0x0000000089800000| PB 0x0000000089800000| Untracked 
|  79|0x0000000089900000, 0x0000000089a00000, 0x0000000089a00000|100%| O|  |TAMS 0x0000000089900000| PB 0x0000000089900000| Untracked 
|  80|0x0000000089a00000, 0x0000000089b00000, 0x0000000089b00000|100%| O|  |TAMS 0x0000000089a00000| PB 0x0000000089a00000| Untracked 
|  81|0x0000000089b00000, 0x0000000089c00000, 0x0000000089c00000|100%| O|  |TAMS 0x0000000089b00000| PB 0x0000000089b00000| Untracked 
|  82|0x0000000089c00000, 0x0000000089d00000, 0x0000000089d00000|100%| O|  |TAMS 0x0000000089c00000| PB 0x0000000089c00000| Untracked 
|  83|0x0000000089d00000, 0x0000000089e00000, 0x0000000089e00000|100%| O|Cm|TAMS 0x0000000089d00000| PB 0x0000000089d00000| Complete 
|  84|0x0000000089e00000, 0x0000000089f00000, 0x0000000089f00000|100%| O|  |TAMS 0x0000000089e00000| PB 0x0000000089e00000| Untracked 
|  85|0x0000000089f00000, 0x000000008a000000, 0x000000008a000000|100%| O|  |TAMS 0x0000000089f00000| PB 0x0000000089f00000| Untracked 
|  86|0x000000008a000000, 0x000000008a100000, 0x000000008a100000|100%| O|  |TAMS 0x000000008a000000| PB 0x000000008a000000| Untracked 
|  87|0x000000008a100000, 0x000000008a200000, 0x000000008a200000|100%| O|  |TAMS 0x000000008a100000| PB 0x000000008a100000| Untracked 
|  88|0x000000008a200000, 0x000000008a300000, 0x000000008a300000|100%| O|  |TAMS 0x000000008a200000| PB 0x000000008a200000| Untracked 
|  89|0x000000008a300000, 0x000000008a400000, 0x000000008a400000|100%| O|  |TAMS 0x000000008a300000| PB 0x000000008a300000| Untracked 
|  90|0x000000008a400000, 0x000000008a500000, 0x000000008a500000|100%| O|  |TAMS 0x000000008a400000| PB 0x000000008a400000| Untracked 
|  91|0x000000008a500000, 0x000000008a600000, 0x000000008a600000|100%| O|  |TAMS 0x000000008a500000| PB 0x000000008a500000| Untracked 
|  92|0x000000008a600000, 0x000000008a700000, 0x000000008a700000|100%| O|  |TAMS 0x000000008a600000| PB 0x000000008a600000| Untracked 
|  93|0x000000008a700000, 0x000000008a800000, 0x000000008a800000|100%| O|  |TAMS 0x000000008a700000| PB 0x000000008a700000| Untracked 
|  94|0x000000008a800000, 0x000000008a900000, 0x000000008a900000|100%| O|  |TAMS 0x000000008a800000| PB 0x000000008a800000| Untracked 
|  95|0x000000008a900000, 0x000000008aa00000, 0x000000008aa00000|100%| O|  |TAMS 0x000000008a900000| PB 0x000000008a900000| Untracked 
|  96|0x000000008aa00000, 0x000000008ab00000, 0x000000008ab00000|100%| O|  |TAMS 0x000000008aa00000| PB 0x000000008aa00000| Untracked 
|  97|0x000000008ab00000, 0x000000008ac00000, 0x000000008ac00000|100%| O|  |TAMS 0x000000008ab00000| PB 0x000000008ab00000| Untracked 
|  98|0x000000008ac00000, 0x000000008ad00000, 0x000000008ad00000|100%| O|  |TAMS 0x000000008ac00000| PB 0x000000008ac00000| Untracked 
|  99|0x000000008ad00000, 0x000000008ae00000, 0x000000008ae00000|100%| O|  |TAMS 0x000000008ad00000| PB 0x000000008ad00000| Untracked 
| 100|0x000000008ae00000, 0x000000008af00000, 0x000000008af00000|100%| O|  |TAMS 0x000000008ae00000| PB 0x000000008ae00000| Untracked 
| 101|0x000000008af00000, 0x000000008b000000, 0x000000008b000000|100%| O|  |TAMS 0x000000008af00000| PB 0x000000008af00000| Untracked 
| 102|0x000000008b000000, 0x000000008b100000, 0x000000008b100000|100%| O|  |TAMS 0x000000008b000000| PB 0x000000008b000000| Untracked 
| 103|0x000000008b100000, 0x000000008b200000, 0x000000008b200000|100%| O|  |TAMS 0x000000008b100000| PB 0x000000008b100000| Untracked 
| 104|0x000000008b200000, 0x000000008b300000, 0x000000008b300000|100%| O|  |TAMS 0x000000008b200000| PB 0x000000008b200000| Untracked 
| 105|0x000000008b300000, 0x000000008b400000, 0x000000008b400000|100%| O|  |TAMS 0x000000008b300000| PB 0x000000008b300000| Untracked 
| 106|0x000000008b400000, 0x000000008b500000, 0x000000008b500000|100%| O|  |TAMS 0x000000008b400000| PB 0x000000008b400000| Untracked 
| 107|0x000000008b500000, 0x000000008b600000, 0x000000008b600000|100%| O|  |TAMS 0x000000008b500000| PB 0x000000008b500000| Untracked 
| 108|0x000000008b600000, 0x000000008b700000, 0x000000008b700000|100%| O|  |TAMS 0x000000008b600000| PB 0x000000008b600000| Untracked 
| 109|0x000000008b700000, 0x000000008b800000, 0x000000008b800000|100%| O|  |TAMS 0x000000008b700000| PB 0x000000008b700000| Untracked 
| 110|0x000000008b800000, 0x000000008b900000, 0x000000008b900000|100%| O|  |TAMS 0x000000008b800000| PB 0x000000008b800000| Untracked 
| 111|0x000000008b900000, 0x000000008ba00000, 0x000000008ba00000|100%| O|Cm|TAMS 0x000000008b900000| PB 0x000000008b900000| Complete 
| 112|0x000000008ba00000, 0x000000008bb00000, 0x000000008bb00000|100%| O|Cm|TAMS 0x000000008ba00000| PB 0x000000008ba00000| Complete 
| 113|0x000000008bb00000, 0x000000008bc00000, 0x000000008bc00000|100%| O|  |TAMS 0x000000008bb00000| PB 0x000000008bb00000| Untracked 
| 114|0x000000008bc00000, 0x000000008bd00000, 0x000000008bd00000|100%| O|  |TAMS 0x000000008bc00000| PB 0x000000008bc00000| Untracked 
| 115|0x000000008bd00000, 0x000000008be00000, 0x000000008be00000|100%| O|  |TAMS 0x000000008bd00000| PB 0x000000008bd00000| Untracked 
| 116|0x000000008be00000, 0x000000008bf00000, 0x000000008bf00000|100%| O|  |TAMS 0x000000008be00000| PB 0x000000008be00000| Untracked 
| 117|0x000000008bf00000, 0x000000008c000000, 0x000000008c000000|100%| O|  |TAMS 0x000000008bf00000| PB 0x000000008bf00000| Untracked 
| 118|0x000000008c000000, 0x000000008c100000, 0x000000008c100000|100%| O|  |TAMS 0x000000008c000000| PB 0x000000008c000000| Untracked 
| 119|0x000000008c100000, 0x000000008c200000, 0x000000008c200000|100%| O|  |TAMS 0x000000008c100000| PB 0x000000008c100000| Untracked 
| 120|0x000000008c200000, 0x000000008c300000, 0x000000008c300000|100%| O|  |TAMS 0x000000008c200000| PB 0x000000008c200000| Untracked 
| 121|0x000000008c300000, 0x000000008c400000, 0x000000008c400000|100%| O|  |TAMS 0x000000008c300000| PB 0x000000008c300000| Untracked 
| 122|0x000000008c400000, 0x000000008c500000, 0x000000008c500000|100%| O|  |TAMS 0x000000008c400000| PB 0x000000008c400000| Untracked 
| 123|0x000000008c500000, 0x000000008c600000, 0x000000008c600000|100%| O|  |TAMS 0x000000008c500000| PB 0x000000008c500000| Untracked 
| 124|0x000000008c600000, 0x000000008c700000, 0x000000008c700000|100%| O|  |TAMS 0x000000008c600000| PB 0x000000008c600000| Untracked 
| 125|0x000000008c700000, 0x000000008c800000, 0x000000008c800000|100%| O|  |TAMS 0x000000008c700000| PB 0x000000008c700000| Untracked 
| 126|0x000000008c800000, 0x000000008c900000, 0x000000008c900000|100%| O|  |TAMS 0x000000008c800000| PB 0x000000008c800000| Untracked 
| 127|0x000000008c900000, 0x000000008ca00000, 0x000000008ca00000|100%| O|  |TAMS 0x000000008c900000| PB 0x000000008c900000| Untracked 
| 128|0x000000008ca00000, 0x000000008cb00000, 0x000000008cb00000|100%| O|  |TAMS 0x000000008ca00000| PB 0x000000008ca00000| Untracked 
| 129|0x000000008cb00000, 0x000000008cc00000, 0x000000008cc00000|100%| O|  |TAMS 0x000000008cb00000| PB 0x000000008cb00000| Untracked 
| 130|0x000000008cc00000, 0x000000008cd00000, 0x000000008cd00000|100%| O|  |TAMS 0x000000008cc00000| PB 0x000000008cc00000| Untracked 
| 131|0x000000008cd00000, 0x000000008ce00000, 0x000000008ce00000|100%| O|  |TAMS 0x000000008cd00000| PB 0x000000008cd00000| Untracked 
| 132|0x000000008ce00000, 0x000000008cf00000, 0x000000008cf00000|100%| O|  |TAMS 0x000000008ce00000| PB 0x000000008ce00000| Untracked 
| 133|0x000000008cf00000, 0x000000008d000000, 0x000000008d000000|100%| O|  |TAMS 0x000000008cf00000| PB 0x000000008cf00000| Untracked 
| 134|0x000000008d000000, 0x000000008d100000, 0x000000008d100000|100%| O|  |TAMS 0x000000008d000000| PB 0x000000008d000000| Untracked 
| 135|0x000000008d100000, 0x000000008d200000, 0x000000008d200000|100%| O|  |TAMS 0x000000008d100000| PB 0x000000008d100000| Untracked 
| 136|0x000000008d200000, 0x000000008d300000, 0x000000008d300000|100%| O|  |TAMS 0x000000008d200000| PB 0x000000008d200000| Untracked 
| 137|0x000000008d300000, 0x000000008d400000, 0x000000008d400000|100%| O|  |TAMS 0x000000008d300000| PB 0x000000008d300000| Untracked 
| 138|0x000000008d400000, 0x000000008d500000, 0x000000008d500000|100%| O|  |TAMS 0x000000008d400000| PB 0x000000008d400000| Untracked 
| 139|0x000000008d500000, 0x000000008d600000, 0x000000008d600000|100%| O|  |TAMS 0x000000008d500000| PB 0x000000008d500000| Untracked 
| 140|0x000000008d600000, 0x000000008d700000, 0x000000008d700000|100%| O|  |TAMS 0x000000008d600000| PB 0x000000008d600000| Untracked 
| 141|0x000000008d700000, 0x000000008d800000, 0x000000008d800000|100%| O|  |TAMS 0x000000008d700000| PB 0x000000008d700000| Untracked 
| 142|0x000000008d800000, 0x000000008d900000, 0x000000008d900000|100%| O|  |TAMS 0x000000008d800000| PB 0x000000008d800000| Untracked 
| 143|0x000000008d900000, 0x000000008da00000, 0x000000008da00000|100%| O|  |TAMS 0x000000008d900000| PB 0x000000008d900000| Untracked 
| 144|0x000000008da00000, 0x000000008db00000, 0x000000008db00000|100%| O|  |TAMS 0x000000008da00000| PB 0x000000008da00000| Untracked 
| 145|0x000000008db00000, 0x000000008dba26d0, 0x000000008dc00000| 63%| O|  |TAMS 0x000000008db00000| PB 0x000000008db00000| Untracked 
| 146|0x000000008dc00000, 0x000000008dc00000, 0x000000008dd00000|  0%| F|  |TAMS 0x000000008dc00000| PB 0x000000008dc00000| Untracked 
| 147|0x000000008dd00000, 0x000000008dd00000, 0x000000008de00000|  0%| F|  |TAMS 0x000000008dd00000| PB 0x000000008dd00000| Untracked 
| 148|0x000000008de00000, 0x000000008de00000, 0x000000008df00000|  0%| F|  |TAMS 0x000000008de00000| PB 0x000000008de00000| Untracked 
| 149|0x000000008df00000, 0x000000008df00000, 0x000000008e000000|  0%| F|  |TAMS 0x000000008df00000| PB 0x000000008df00000| Untracked 
| 150|0x000000008e000000, 0x000000008e000000, 0x000000008e100000|  0%| F|  |TAMS 0x000000008e000000| PB 0x000000008e000000| Untracked 
| 151|0x000000008e100000, 0x000000008e100000, 0x000000008e200000|  0%| F|  |TAMS 0x000000008e100000| PB 0x000000008e100000| Untracked 
| 152|0x000000008e200000, 0x000000008e200000, 0x000000008e300000|  0%| F|  |TAMS 0x000000008e200000| PB 0x000000008e200000| Untracked 
| 153|0x000000008e300000, 0x000000008e300000, 0x000000008e400000|  0%| F|  |TAMS 0x000000008e300000| PB 0x000000008e300000| Untracked 
| 154|0x000000008e400000, 0x000000008e400000, 0x000000008e500000|  0%| F|  |TAMS 0x000000008e400000| PB 0x000000008e400000| Untracked 
| 155|0x000000008e500000, 0x000000008e500000, 0x000000008e600000|  0%| F|  |TAMS 0x000000008e500000| PB 0x000000008e500000| Untracked 
| 156|0x000000008e600000, 0x000000008e600000, 0x000000008e700000|  0%| F|  |TAMS 0x000000008e600000| PB 0x000000008e600000| Untracked 
| 157|0x000000008e700000, 0x000000008e700000, 0x000000008e800000|  0%| F|  |TAMS 0x000000008e700000| PB 0x000000008e700000| Untracked 
| 158|0x000000008e800000, 0x000000008e800000, 0x000000008e900000|  0%| F|  |TAMS 0x000000008e800000| PB 0x000000008e800000| Untracked 
| 159|0x000000008e900000, 0x000000008e900000, 0x000000008ea00000|  0%| F|  |TAMS 0x000000008e900000| PB 0x000000008e900000| Untracked 
| 160|0x000000008ea00000, 0x000000008ea00000, 0x000000008eb00000|  0%| F|  |TAMS 0x000000008ea00000| PB 0x000000008ea00000| Untracked 
| 161|0x000000008eb00000, 0x000000008eb00000, 0x000000008ec00000|  0%| F|  |TAMS 0x000000008eb00000| PB 0x000000008eb00000| Untracked 
| 162|0x000000008ec00000, 0x000000008ec00000, 0x000000008ed00000|  0%| F|  |TAMS 0x000000008ec00000| PB 0x000000008ec00000| Untracked 
| 163|0x000000008ed00000, 0x000000008ed00000, 0x000000008ee00000|  0%| F|  |TAMS 0x000000008ed00000| PB 0x000000008ed00000| Untracked 
| 164|0x000000008ee00000, 0x000000008ee00000, 0x000000008ef00000|  0%| F|  |TAMS 0x000000008ee00000| PB 0x000000008ee00000| Untracked 
| 165|0x000000008ef00000, 0x000000008ef00000, 0x000000008f000000|  0%| F|  |TAMS 0x000000008ef00000| PB 0x000000008ef00000| Untracked 
| 166|0x000000008f000000, 0x000000008f000000, 0x000000008f100000|  0%| F|  |TAMS 0x000000008f000000| PB 0x000000008f000000| Untracked 
| 167|0x000000008f100000, 0x000000008f100000, 0x000000008f200000|  0%| F|  |TAMS 0x000000008f100000| PB 0x000000008f100000| Untracked 
| 168|0x000000008f200000, 0x000000008f200000, 0x000000008f300000|  0%| F|  |TAMS 0x000000008f200000| PB 0x000000008f200000| Untracked 
| 169|0x000000008f300000, 0x000000008f300000, 0x000000008f400000|  0%| F|  |TAMS 0x000000008f300000| PB 0x000000008f300000| Untracked 
| 170|0x000000008f400000, 0x000000008f400000, 0x000000008f500000|  0%| F|  |TAMS 0x000000008f400000| PB 0x000000008f400000| Untracked 
| 171|0x000000008f500000, 0x000000008f500000, 0x000000008f600000|  0%| F|  |TAMS 0x000000008f500000| PB 0x000000008f500000| Untracked 
| 172|0x000000008f600000, 0x000000008f600000, 0x000000008f700000|  0%| F|  |TAMS 0x000000008f600000| PB 0x000000008f600000| Untracked 
| 173|0x000000008f700000, 0x000000008f700000, 0x000000008f800000|  0%| F|  |TAMS 0x000000008f700000| PB 0x000000008f700000| Untracked 
| 174|0x000000008f800000, 0x000000008f800000, 0x000000008f900000|  0%| F|  |TAMS 0x000000008f800000| PB 0x000000008f800000| Untracked 
| 175|0x000000008f900000, 0x000000008f900000, 0x000000008fa00000|  0%| F|  |TAMS 0x000000008f900000| PB 0x000000008f900000| Untracked 
| 176|0x000000008fa00000, 0x000000008fa00000, 0x000000008fb00000|  0%| F|  |TAMS 0x000000008fa00000| PB 0x000000008fa00000| Untracked 
| 177|0x000000008fb00000, 0x000000008fb00000, 0x000000008fc00000|  0%| F|  |TAMS 0x000000008fb00000| PB 0x000000008fb00000| Untracked 
| 178|0x000000008fc00000, 0x000000008fc00000, 0x000000008fd00000|  0%| F|  |TAMS 0x000000008fc00000| PB 0x000000008fc00000| Untracked 
| 179|0x000000008fd00000, 0x000000008fd00000, 0x000000008fe00000|  0%| F|  |TAMS 0x000000008fd00000| PB 0x000000008fd00000| Untracked 
| 180|0x000000008fe00000, 0x000000008fe00000, 0x000000008ff00000|  0%| F|  |TAMS 0x000000008fe00000| PB 0x000000008fe00000| Untracked 
| 181|0x000000008ff00000, 0x000000008ff00000, 0x0000000090000000|  0%| F|  |TAMS 0x000000008ff00000| PB 0x000000008ff00000| Untracked 
| 182|0x0000000090000000, 0x0000000090100000, 0x0000000090100000|100%| S|CS|TAMS 0x0000000090000000| PB 0x0000000090000000| Complete 
| 183|0x0000000090100000, 0x0000000090200000, 0x0000000090200000|100%| S|CS|TAMS 0x0000000090100000| PB 0x0000000090100000| Complete 
| 184|0x0000000090200000, 0x0000000090300000, 0x0000000090300000|100%| S|CS|TAMS 0x0000000090200000| PB 0x0000000090200000| Complete 
| 185|0x0000000090300000, 0x0000000090400000, 0x0000000090400000|100%| S|CS|TAMS 0x0000000090300000| PB 0x0000000090300000| Complete 
| 186|0x0000000090400000, 0x0000000090500000, 0x0000000090500000|100%| S|CS|TAMS 0x0000000090400000| PB 0x0000000090400000| Complete 
| 187|0x0000000090500000, 0x0000000090600000, 0x0000000090600000|100%| S|CS|TAMS 0x0000000090500000| PB 0x0000000090500000| Complete 
| 188|0x0000000090600000, 0x0000000090700000, 0x0000000090700000|100%| S|CS|TAMS 0x0000000090600000| PB 0x0000000090600000| Complete 
| 189|0x0000000090700000, 0x0000000090700000, 0x0000000090800000|  0%| F|  |TAMS 0x0000000090700000| PB 0x0000000090700000| Untracked 
| 190|0x0000000090800000, 0x0000000090800000, 0x0000000090900000|  0%| F|  |TAMS 0x0000000090800000| PB 0x0000000090800000| Untracked 
| 191|0x0000000090900000, 0x0000000090900000, 0x0000000090a00000|  0%| F|  |TAMS 0x0000000090900000| PB 0x0000000090900000| Untracked 
| 192|0x0000000090a00000, 0x0000000090a00000, 0x0000000090b00000|  0%| F|  |TAMS 0x0000000090a00000| PB 0x0000000090a00000| Untracked 
| 193|0x0000000090b00000, 0x0000000090b00000, 0x0000000090c00000|  0%| F|  |TAMS 0x0000000090b00000| PB 0x0000000090b00000| Untracked 
| 194|0x0000000090c00000, 0x0000000090c00000, 0x0000000090d00000|  0%| F|  |TAMS 0x0000000090c00000| PB 0x0000000090c00000| Untracked 
| 195|0x0000000090d00000, 0x0000000090d00000, 0x0000000090e00000|  0%| F|  |TAMS 0x0000000090d00000| PB 0x0000000090d00000| Untracked 
| 196|0x0000000090e00000, 0x0000000090e00000, 0x0000000090f00000|  0%| F|  |TAMS 0x0000000090e00000| PB 0x0000000090e00000| Untracked 
| 197|0x0000000090f00000, 0x0000000090f00000, 0x0000000091000000|  0%| F|  |TAMS 0x0000000090f00000| PB 0x0000000090f00000| Untracked 
| 198|0x0000000091000000, 0x0000000091000000, 0x0000000091100000|  0%| F|  |TAMS 0x0000000091000000| PB 0x0000000091000000| Untracked 
| 199|0x0000000091100000, 0x0000000091100000, 0x0000000091200000|  0%| F|  |TAMS 0x0000000091100000| PB 0x0000000091100000| Untracked 
| 200|0x0000000091200000, 0x0000000091200000, 0x0000000091300000|  0%| F|  |TAMS 0x0000000091200000| PB 0x0000000091200000| Untracked 
| 201|0x0000000091300000, 0x0000000091300000, 0x0000000091400000|  0%| F|  |TAMS 0x0000000091300000| PB 0x0000000091300000| Untracked 
| 202|0x0000000091400000, 0x0000000091400000, 0x0000000091500000|  0%| F|  |TAMS 0x0000000091400000| PB 0x0000000091400000| Untracked 
| 203|0x0000000091500000, 0x0000000091500000, 0x0000000091600000|  0%| F|  |TAMS 0x0000000091500000| PB 0x0000000091500000| Untracked 
| 204|0x0000000091600000, 0x0000000091600000, 0x0000000091700000|  0%| F|  |TAMS 0x0000000091600000| PB 0x0000000091600000| Untracked 
| 205|0x0000000091700000, 0x0000000091700000, 0x0000000091800000|  0%| F|  |TAMS 0x0000000091700000| PB 0x0000000091700000| Untracked 
| 206|0x0000000091800000, 0x0000000091800000, 0x0000000091900000|  0%| F|  |TAMS 0x0000000091800000| PB 0x0000000091800000| Untracked 
| 207|0x0000000091900000, 0x0000000091900000, 0x0000000091a00000|  0%| F|  |TAMS 0x0000000091900000| PB 0x0000000091900000| Untracked 
| 208|0x0000000091a00000, 0x0000000091a00000, 0x0000000091b00000|  0%| F|  |TAMS 0x0000000091a00000| PB 0x0000000091a00000| Untracked 
| 209|0x0000000091b00000, 0x0000000091b00000, 0x0000000091c00000|  0%| F|  |TAMS 0x0000000091b00000| PB 0x0000000091b00000| Untracked 
| 210|0x0000000091c00000, 0x0000000091c00000, 0x0000000091d00000|  0%| F|  |TAMS 0x0000000091c00000| PB 0x0000000091c00000| Untracked 
| 211|0x0000000091d00000, 0x0000000091d00000, 0x0000000091e00000|  0%| F|  |TAMS 0x0000000091d00000| PB 0x0000000091d00000| Untracked 
| 212|0x0000000091e00000, 0x0000000091e00000, 0x0000000091f00000|  0%| F|  |TAMS 0x0000000091e00000| PB 0x0000000091e00000| Untracked 
| 213|0x0000000091f00000, 0x0000000091f00000, 0x0000000092000000|  0%| F|  |TAMS 0x0000000091f00000| PB 0x0000000091f00000| Untracked 
| 214|0x0000000092000000, 0x0000000092000000, 0x0000000092100000|  0%| F|  |TAMS 0x0000000092000000| PB 0x0000000092000000| Untracked 
| 215|0x0000000092100000, 0x0000000092100000, 0x0000000092200000|  0%| F|  |TAMS 0x0000000092100000| PB 0x0000000092100000| Untracked 
| 216|0x0000000092200000, 0x0000000092200000, 0x0000000092300000|  0%| F|  |TAMS 0x0000000092200000| PB 0x0000000092200000| Untracked 
| 217|0x0000000092300000, 0x0000000092300000, 0x0000000092400000|  0%| F|  |TAMS 0x0000000092300000| PB 0x0000000092300000| Untracked 
| 218|0x0000000092400000, 0x0000000092400000, 0x0000000092500000|  0%| F|  |TAMS 0x0000000092400000| PB 0x0000000092400000| Untracked 
| 219|0x0000000092500000, 0x0000000092500000, 0x0000000092600000|  0%| F|  |TAMS 0x0000000092500000| PB 0x0000000092500000| Untracked 
| 220|0x0000000092600000, 0x0000000092600000, 0x0000000092700000|  0%| F|  |TAMS 0x0000000092600000| PB 0x0000000092600000| Untracked 
| 221|0x0000000092700000, 0x0000000092700000, 0x0000000092800000|  0%| F|  |TAMS 0x0000000092700000| PB 0x0000000092700000| Untracked 
| 222|0x0000000092800000, 0x0000000092800000, 0x0000000092900000|  0%| F|  |TAMS 0x0000000092800000| PB 0x0000000092800000| Untracked 
| 223|0x0000000092900000, 0x0000000092900000, 0x0000000092a00000|  0%| F|  |TAMS 0x0000000092900000| PB 0x0000000092900000| Untracked 
| 224|0x0000000092a00000, 0x0000000092a00000, 0x0000000092b00000|  0%| F|  |TAMS 0x0000000092a00000| PB 0x0000000092a00000| Untracked 
| 225|0x0000000092b00000, 0x0000000092b00000, 0x0000000092c00000|  0%| F|  |TAMS 0x0000000092b00000| PB 0x0000000092b00000| Untracked 
| 226|0x0000000092c00000, 0x0000000092c00000, 0x0000000092d00000|  0%| F|  |TAMS 0x0000000092c00000| PB 0x0000000092c00000| Untracked 
| 227|0x0000000092d00000, 0x0000000092d00000, 0x0000000092e00000|  0%| F|  |TAMS 0x0000000092d00000| PB 0x0000000092d00000| Untracked 
| 228|0x0000000092e00000, 0x0000000092e00000, 0x0000000092f00000|  0%| F|  |TAMS 0x0000000092e00000| PB 0x0000000092e00000| Untracked 
| 229|0x0000000092f00000, 0x0000000092f00000, 0x0000000093000000|  0%| F|  |TAMS 0x0000000092f00000| PB 0x0000000092f00000| Untracked 
| 230|0x0000000093000000, 0x0000000093000000, 0x0000000093100000|  0%| F|  |TAMS 0x0000000093000000| PB 0x0000000093000000| Untracked 
| 231|0x0000000093100000, 0x0000000093100000, 0x0000000093200000|  0%| F|  |TAMS 0x0000000093100000| PB 0x0000000093100000| Untracked 
| 232|0x0000000093200000, 0x0000000093200000, 0x0000000093300000|  0%| F|  |TAMS 0x0000000093200000| PB 0x0000000093200000| Untracked 
| 233|0x0000000093300000, 0x0000000093300000, 0x0000000093400000|  0%| F|  |TAMS 0x0000000093300000| PB 0x0000000093300000| Untracked 
| 234|0x0000000093400000, 0x0000000093400000, 0x0000000093500000|  0%| F|  |TAMS 0x0000000093400000| PB 0x0000000093400000| Untracked 
|1970|0x00000000ffc00000, 0x00000000ffd00000, 0x00000000ffd00000|100%| O|  |TAMS 0x00000000ffc00000| PB 0x00000000ffc00000| Untracked 
|1971|0x00000000ffd00000, 0x00000000ffe00000, 0x00000000ffe00000|100%| O|  |TAMS 0x00000000ffd00000| PB 0x00000000ffd00000| Untracked 
|1972|0x00000000ffe00000, 0x00000000fff00000, 0x00000000fff00000|100%| O|  |TAMS 0x00000000ffe00000| PB 0x00000000ffe00000| Untracked 
|1973|0x00000000fff00000, 0x0000000100000000, 0x0000000100000000|100%| O|  |TAMS 0x00000000fff00000| PB 0x00000000fff00000| Untracked 

Card table byte_map: [0x000001842f660000,0x000001842fa40000] _byte_map_base: 0x000001842f23b000

Marking Bits: (CMBitMap*) 0x000001841c45d980
 Bits: [0x000001842fa40000, 0x0000018431918000)

Polling page: 0x000001841abc0000

Metaspace:

Usage:
  Non-class:     71.49 MB used.
      Class:      8.39 MB used.
       Both:     79.88 MB used.

Virtual space:
  Non-class space:      128.00 MB reserved,      71.69 MB ( 56%) committed,  2 nodes.
      Class space:        1.00 GB reserved,       8.56 MB ( <1%) committed,  1 nodes.
             Both:        1.12 GB reserved,      80.25 MB (  7%) committed. 

Chunk freelists:
   Non-Class:  8.05 MB
       Class:  7.45 MB
        Both:  15.50 MB

MaxMetaspaceSize: unlimited
CompressedClassSpaceSize: 1.00 GB
Initial GC threshold: 21.00 MB
Current GC threshold: 131.25 MB
CDS: off
 - commit_granule_bytes: 65536.
 - commit_granule_words: 8192.
 - virtual_space_node_default_size: 8388608.
 - enlarge_chunks_in_place: 1.
 - use_allocation_guard: 0.


Internal statistics:

num_allocs_failed_limit: 6.
num_arena_births: 410.
num_arena_deaths: 0.
num_vsnodes_births: 3.
num_vsnodes_deaths: 0.
num_space_committed: 1281.
num_space_uncommitted: 0.
num_chunks_returned_to_freelist: 6.
num_chunks_taken_from_freelist: 3009.
num_chunk_merges: 6.
num_chunk_splits: 2453.
num_chunks_enlarged: 2195.
num_inconsistent_stats: 0.

CodeHeap 'non-profiled nmethods': size=120000Kb used=10282Kb max_used=10463Kb free=109717Kb
 bounds [0x00000184270d0000, 0x0000018427b20000, 0x000001842e600000]
CodeHeap 'profiled nmethods': size=120000Kb used=46968Kb max_used=49914Kb free=73031Kb
 bounds [0x000001841f600000, 0x00000184226d0000, 0x0000018426b30000]
CodeHeap 'non-nmethods': size=5760Kb used=1789Kb max_used=1838Kb free=3970Kb
 bounds [0x0000018426b30000, 0x0000018426da0000, 0x00000184270d0000]
 total_blobs=13837 nmethods=13042 adapters=695
 compilation: enabled
              stopped_count=0, restarted_count=0
 full_count=0

Compilation events (20 events):
Event: 26.152 Thread 0x0000018434795600 16356       3       org.jetbrains.kotlin.ir.visitors.IrElementTransformerVoid::visitFile (13 bytes)
Event: 26.153 Thread 0x0000018434794a10 nmethod 16336 0x0000018427151290 code [0x0000018427151700, 0x0000018427153e18]
Event: 26.153 Thread 0x0000018434795600 nmethod 16356 0x000001841fcbf690 code [0x000001841fcbf8c0, 0x000001841fcbff28]
Event: 26.153 Thread 0x0000018434794a10 16343       4       org.jetbrains.kotlin.types.AbstractTypeChecker::checkSubtypeForSpecialCases (789 bytes)
Event: 26.168 Thread 0x0000018434794a10 nmethod 16343 0x00000184271bd510 code [0x00000184271bd880, 0x00000184271be5e0]
Event: 26.168 Thread 0x0000018434794a10 16341       4       org.jetbrains.kotlin.ir.declarations.lazy.SynchronizedLazyVar::<init> (27 bytes)
Event: 26.170 Thread 0x0000018434794a10 nmethod 16341 0x00000184271bd010 code [0x00000184271bd1a0, 0x00000184271bd440]
Event: 26.170 Thread 0x0000018434794a10 16354       4       org.jetbrains.kotlin.fir.lazy.Fir2IrLazyClass::getKind (8 bytes)
Event: 26.171 Thread 0x0000018434794a10 nmethod 16354 0x00000184271ad690 code [0x00000184271ad820, 0x00000184271ad8f8]
Event: 26.171 Thread 0x0000018434794a10 16357       4       org.jetbrains.kotlin.ir.types.IrTypesKt::getClassFqName (38 bytes)
Event: 26.173 Thread 0x0000018434795600 16358       3       org.jetbrains.kotlin.fir.scopes.impl.FirStaticScope$$Lambda/0x0000000100668000::invoke (12 bytes)
Event: 26.173 Thread 0x0000018434795600 nmethod 16358 0x000001841f8cc710 code [0x000001841f8cc8c0, 0x000001841f8ccad8]
Event: 26.173 Thread 0x0000018434795600 16359       3       org.jetbrains.kotlin.fir.scopes.impl.FirStaticScope::processFunctionsByName$lambda$0 (46 bytes)
Event: 26.173 Thread 0x0000018434794a10 nmethod 16357 0x00000184271f8b10 code [0x00000184271f8ce0, 0x00000184271f8f00]
Event: 26.174 Thread 0x0000018434794a10 16335       4       org.jetbrains.kotlin.ir.util.IrUtilsKt$special$$inlined$filterIsInstance$1::invoke (6 bytes)
Event: 26.174 Thread 0x0000018434795600 nmethod 16359 0x00000184204ff290 code [0x00000184204ff5a0, 0x00000184205004a0]
Event: 26.174 Thread 0x0000018434794a10 nmethod 16335 0x00000184277cb010 code [0x00000184277cb1a0, 0x00000184277cb270]
Event: 26.174 Thread 0x0000018434794a10 16360       4       org.jetbrains.kotlin.fir.resolve.substitution.AbstractConeSubstitutor::substituteRecursive (453 bytes)
Event: 26.176 Thread 0x0000018434795600 16361       3       org.jetbrains.kotlin.fir.types.ConeKotlinTypeProjectionIn::equals (39 bytes)
Event: 26.176 Thread 0x0000018434795600 nmethod 16361 0x000001841f759490 code [0x000001841f759680, 0x000001841f759c48]

GC Heap History (20 events):
Event: 7.371 GC heap after
{Heap after GC invocations=23 (full 0):
 garbage-first heap   total 156672K, used 90308K [0x0000000084a00000, 0x0000000100000000)
  region size 1024K, 6 young (6144K), 6 survivors (6144K)
 Metaspace       used 63033K, committed 63360K, reserved 1114112K
  class space    used 7083K, committed 7232K, reserved 1048576K
}
Event: 9.980 GC heap before
{Heap before GC invocations=24 (full 0):
 garbage-first heap   total 156672K, used 132292K [0x0000000084a00000, 0x0000000100000000)
  region size 1024K, 48 young (49152K), 6 survivors (6144K)
 Metaspace       used 63740K, committed 64000K, reserved 1114112K
  class space    used 7128K, committed 7232K, reserved 1048576K
}
Event: 9.994 GC heap after
{Heap after GC invocations=25 (full 0):
 garbage-first heap   total 156672K, used 95287K [0x0000000084a00000, 0x0000000100000000)
  region size 1024K, 6 young (6144K), 6 survivors (6144K)
 Metaspace       used 63740K, committed 64000K, reserved 1114112K
  class space    used 7128K, committed 7232K, reserved 1048576K
}
Event: 11.561 GC heap before
{Heap before GC invocations=25 (full 0):
 garbage-first heap   total 156672K, used 135223K [0x0000000084a00000, 0x0000000100000000)
  region size 1024K, 45 young (46080K), 6 survivors (6144K)
 Metaspace       used 64061K, committed 64320K, reserved 1114112K
  class space    used 7133K, committed 7232K, reserved 1048576K
}
Event: 11.578 GC heap after
{Heap after GC invocations=26 (full 0):
 garbage-first heap   total 156672K, used 100579K [0x0000000084a00000, 0x0000000100000000)
  region size 1024K, 6 young (6144K), 6 survivors (6144K)
 Metaspace       used 64061K, committed 64320K, reserved 1114112K
  class space    used 7133K, committed 7232K, reserved 1048576K
}
Event: 13.100 GC heap before
{Heap before GC invocations=26 (full 0):
 garbage-first heap   total 156672K, used 136419K [0x0000000084a00000, 0x0000000100000000)
  region size 1024K, 42 young (43008K), 6 survivors (6144K)
 Metaspace       used 66568K, committed 66880K, reserved 1114112K
  class space    used 7383K, committed 7552K, reserved 1048576K
}
Event: 13.113 GC heap after
{Heap after GC invocations=27 (full 0):
 garbage-first heap   total 156672K, used 107289K [0x0000000084a00000, 0x0000000100000000)
  region size 1024K, 6 young (6144K), 6 survivors (6144K)
 Metaspace       used 66568K, committed 66880K, reserved 1114112K
  class space    used 7383K, committed 7552K, reserved 1048576K
}
Event: 15.983 GC heap before
{Heap before GC invocations=28 (full 0):
 garbage-first heap   total 181248K, used 140057K [0x0000000084a00000, 0x0000000100000000)
  region size 1024K, 38 young (38912K), 6 survivors (6144K)
 Metaspace       used 68437K, committed 68800K, reserved 1114112K
  class space    used 7467K, committed 7616K, reserved 1048576K
}
Event: 16.005 GC heap after
{Heap after GC invocations=29 (full 0):
 garbage-first heap   total 181248K, used 109733K [0x0000000084a00000, 0x0000000100000000)
  region size 1024K, 2 young (2048K), 2 survivors (2048K)
 Metaspace       used 68437K, committed 68800K, reserved 1114112K
  class space    used 7467K, committed 7616K, reserved 1048576K
}
Event: 16.832 GC heap before
{Heap before GC invocations=29 (full 0):
 garbage-first heap   total 181248K, used 159909K [0x0000000084a00000, 0x0000000100000000)
  region size 1024K, 51 young (52224K), 2 survivors (2048K)
 Metaspace       used 68795K, committed 69184K, reserved 1114112K
  class space    used 7496K, committed 7680K, reserved 1048576K
}
Event: 16.851 GC heap after
{Heap after GC invocations=30 (full 0):
 garbage-first heap   total 181248K, used 118660K [0x0000000084a00000, 0x0000000100000000)
  region size 1024K, 7 young (7168K), 7 survivors (7168K)
 Metaspace       used 68795K, committed 69184K, reserved 1114112K
  class space    used 7496K, committed 7680K, reserved 1048576K
}
Event: 17.937 GC heap before
{Heap before GC invocations=30 (full 0):
 garbage-first heap   total 181248K, used 161668K [0x0000000084a00000, 0x0000000100000000)
  region size 1024K, 49 young (50176K), 7 survivors (7168K)
 Metaspace       used 73683K, committed 74048K, reserved 1179648K
  class space    used 7895K, committed 8064K, reserved 1048576K
}
Event: 17.954 GC heap after
{Heap after GC invocations=31 (full 0):
 garbage-first heap   total 181248K, used 125172K [0x0000000084a00000, 0x0000000100000000)
  region size 1024K, 6 young (6144K), 6 survivors (6144K)
 Metaspace       used 73683K, committed 74048K, reserved 1179648K
  class space    used 7895K, committed 8064K, reserved 1048576K
}
Event: 19.745 GC heap before
{Heap before GC invocations=32 (full 0):
 garbage-first heap   total 211968K, used 163060K [0x0000000084a00000, 0x0000000100000000)
  region size 1024K, 43 young (44032K), 6 survivors (6144K)
 Metaspace       used 76292K, committed 76672K, reserved 1179648K
  class space    used 8146K, committed 8320K, reserved 1048576K
}
Event: 19.767 GC heap after
{Heap after GC invocations=33 (full 0):
 garbage-first heap   total 211968K, used 131972K [0x0000000084a00000, 0x0000000100000000)
  region size 1024K, 6 young (6144K), 6 survivors (6144K)
 Metaspace       used 76292K, committed 76672K, reserved 1179648K
  class space    used 8146K, committed 8320K, reserved 1048576K
}
Event: 21.770 GC heap before
{Heap before GC invocations=33 (full 0):
 garbage-first heap   total 211968K, used 187268K [0x0000000084a00000, 0x0000000100000000)
  region size 1024K, 60 young (61440K), 6 survivors (6144K)
 Metaspace       used 78007K, committed 78400K, reserved 1179648K
  class space    used 8255K, committed 8448K, reserved 1048576K
}
Event: 21.807 GC heap after
{Heap after GC invocations=34 (full 0):
 garbage-first heap   total 211968K, used 140676K [0x0000000084a00000, 0x0000000100000000)
  region size 1024K, 8 young (8192K), 8 survivors (8192K)
 Metaspace       used 78007K, committed 78400K, reserved 1179648K
  class space    used 8255K, committed 8448K, reserved 1048576K
}
Event: 23.060 GC heap before
{Heap before GC invocations=34 (full 0):
 garbage-first heap   total 211968K, used 188804K [0x0000000084a00000, 0x0000000100000000)
  region size 1024K, 55 young (56320K), 8 survivors (8192K)
 Metaspace       used 80273K, committed 80640K, reserved 1179648K
  class space    used 8439K, committed 8640K, reserved 1048576K
}
Event: 23.084 GC heap after
{Heap after GC invocations=35 (full 0):
 garbage-first heap   total 211968K, used 144927K [0x0000000084a00000, 0x0000000100000000)
  region size 1024K, 4 young (4096K), 4 survivors (4096K)
 Metaspace       used 80273K, committed 80640K, reserved 1179648K
  class space    used 8439K, committed 8640K, reserved 1048576K
}
Event: 26.182 GC heap before
{Heap before GC invocations=36 (full 0):
 garbage-first heap   total 244736K, used 192031K [0x0000000084a00000, 0x0000000100000000)
  region size 1024K, 50 young (51200K), 4 survivors (4096K)
 Metaspace       used 81795K, committed 82176K, reserved 1179648K
  class space    used 8593K, committed 8768K, reserved 1048576K
}

Dll operation events (3 events):
Event: 0.007 Loaded shared library E:\Android\Android_config\jbr\bin\java.dll
Event: 0.012 Loaded shared library E:\Android\Android_config\jbr\bin\zip.dll
Event: 0.720 Loaded shared library E:\Android\Android_config\jbr\bin\verify.dll

Deoptimization events (20 events):
Event: 26.069 Thread 0x000001841c4096a0 Uncommon trap: trap_request=0xffffffc6 fr.pc=0x0000018427b0d8a4 relative=0x0000000000004fc4
Event: 26.069 Thread 0x000001841c4096a0 Uncommon trap: reason=bimorphic_or_optimized_type_check action=maybe_recompile pc=0x0000018427b0d8a4 method=org.jetbrains.kotlin.fir.java.enhancement.JavaTypeUtilsKt.enhanceInflexibleType(Lorg/jetbrains/kotlin/fir/types/ConeLookupTagBasedType;Lorg/jetbrai
Event: 26.069 Thread 0x000001841c4096a0 DEOPT PACKING pc=0x0000018427b0d8a4 sp=0x0000003650dfa360
Event: 26.069 Thread 0x000001841c4096a0 DEOPT UNPACKING pc=0x0000018426b846a2 sp=0x0000003650dfa2c0 mode 2
Event: 26.069 Thread 0x000001841c4096a0 Uncommon trap: trap_request=0xffffff66 fr.pc=0x0000018427b0c028 relative=0x0000000000003748
Event: 26.069 Thread 0x000001841c4096a0 Uncommon trap: reason=speculate_class_check action=maybe_recompile pc=0x0000018427b0c028 method=org.jetbrains.kotlin.fir.types.CompilerConeAttributesKt.getHasEnhancedNullability(Lorg/jetbrains/kotlin/fir/types/ConeKotlinType;)Z @ 7 c2
Event: 26.069 Thread 0x000001841c4096a0 DEOPT PACKING pc=0x0000018427b0c028 sp=0x0000003650dfa070
Event: 26.069 Thread 0x000001841c4096a0 DEOPT UNPACKING pc=0x0000018426b846a2 sp=0x0000003650df9f70 mode 2
Event: 26.069 Thread 0x000001841c4096a0 Uncommon trap: trap_request=0xffffff66 fr.pc=0x0000018427b0c028 relative=0x0000000000003748
Event: 26.069 Thread 0x000001841c4096a0 Uncommon trap: reason=speculate_class_check action=maybe_recompile pc=0x0000018427b0c028 method=org.jetbrains.kotlin.fir.types.CompilerConeAttributesKt.getHasEnhancedNullability(Lorg/jetbrains/kotlin/fir/types/ConeKotlinType;)Z @ 7 c2
Event: 26.069 Thread 0x000001841c4096a0 DEOPT PACKING pc=0x0000018427b0c028 sp=0x0000003650dfa070
Event: 26.069 Thread 0x000001841c4096a0 DEOPT UNPACKING pc=0x0000018426b846a2 sp=0x0000003650df9f70 mode 2
Event: 26.069 Thread 0x000001841c4096a0 Uncommon trap: trap_request=0xffffffc6 fr.pc=0x0000018427b0d8a4 relative=0x0000000000004fc4
Event: 26.069 Thread 0x000001841c4096a0 Uncommon trap: reason=bimorphic_or_optimized_type_check action=maybe_recompile pc=0x0000018427b0d8a4 method=org.jetbrains.kotlin.fir.java.enhancement.JavaTypeUtilsKt.enhanceInflexibleType(Lorg/jetbrains/kotlin/fir/types/ConeLookupTagBasedType;Lorg/jetbrai
Event: 26.069 Thread 0x000001841c4096a0 DEOPT PACKING pc=0x0000018427b0d8a4 sp=0x0000003650dfa360
Event: 26.069 Thread 0x000001841c4096a0 DEOPT UNPACKING pc=0x0000018426b846a2 sp=0x0000003650dfa2c0 mode 2
Event: 26.143 Thread 0x000001841c4096a0 Uncommon trap: trap_request=0xffffff45 fr.pc=0x0000018427900304 relative=0x0000000000004c04
Event: 26.143 Thread 0x000001841c4096a0 Uncommon trap: reason=unstable_if action=reinterpret pc=0x0000018427900304 method=org.jetbrains.kotlin.fir.scopes.jvm.SignatureUtilsKt.appendConeType(Ljava/lang/StringBuilder;Lorg/jetbrains/kotlin/fir/types/ConeKotlinType;Lkotlin/jvm/functions/Function1;L
Event: 26.143 Thread 0x000001841c4096a0 DEOPT PACKING pc=0x0000018427900304 sp=0x0000003650dfcd50
Event: 26.143 Thread 0x000001841c4096a0 DEOPT UNPACKING pc=0x0000018426b846a2 sp=0x0000003650dfcd18 mode 2

Classes loaded (20 events):
Event: 13.335 Loading class java/util/EnumMap$EnumMapIterator done
Event: 13.335 Loading class java/util/EnumMap$EntryIterator done
Event: 13.335 Loading class java/util/EnumMap$EntryIterator$Entry
Event: 13.335 Loading class java/util/EnumMap$EntryIterator$Entry done
Event: 22.425 Loading class java/lang/invoke/BoundMethodHandle$Species_LJ
Event: 22.425 Loading class java/lang/invoke/BoundMethodHandle$Species_LJ done
Event: 23.401 Loading class java/util/Formatter
Event: 23.401 Loading class java/util/Formatter done
Event: 23.402 Loading class java/util/Formatter$FixedString
Event: 23.402 Loading class java/util/Formatter$FormatString
Event: 23.402 Loading class java/util/Formatter$FormatString done
Event: 23.402 Loading class java/util/Formatter$FixedString done
Event: 23.402 Loading class java/util/Formatter$Conversion
Event: 23.402 Loading class java/util/Formatter$Conversion done
Event: 23.402 Loading class java/util/Formatter$FormatSpecifier
Event: 23.403 Loading class java/util/Formatter$FormatSpecifier done
Event: 23.404 Loading class java/util/Formattable
Event: 23.404 Loading class java/util/Formattable done
Event: 23.404 Loading class java/util/Formatter$Flags
Event: 23.404 Loading class java/util/Formatter$Flags done

Classes unloaded (0 events):
No events

Classes redefined (0 events):
No events

Internal exceptions (20 events):
Event: 17.634 Thread 0x000001841c4096a0 Implicit null exception at 0x000001842728d2a2 to 0x000001842728d694
Event: 17.641 Thread 0x000001841c4096a0 Implicit null exception at 0x0000018427280ca2 to 0x0000018427281090
Event: 18.326 Thread 0x000001841c4096a0 Exception <a 'java/lang/NoSuchMethodError'{0x00000000910679a0}: 'java.lang.Object java.lang.invoke.DirectMethodHandle$Holder.newInvokeSpecial(java.lang.Object, java.lang.Object, java.lang.Object, java.lang.Object, java.lang.Object, java.lang.Object, java.lang.Object, java.lang.Object, int)'> (0x00000000910679a0) 
thrown [s\src\hotspot\share\interpreter\linkResolver.cpp, line 784]
Event: 18.326 Thread 0x000001841c4096a0 Exception <a 'java/lang/NoSuchMethodError'{0x000000009106c698}: 'java.lang.Object java.lang.invoke.DirectMethodHandle$Holder.invokeSpecial(java.lang.Object, java.lang.Object, java.lang.Object, java.lang.Object, java.lang.Object, java.lang.Object, java.lang.Object, java.lang.Object, java.lang.Object, int)'> (0x000000009106c698) 
thrown [s\src\hotspot\share\interpreter\linkResolver.cpp, line 784]
Event: 18.396 Thread 0x000001841c4096a0 Exception <a 'java/lang/NoSuchMethodError'{0x0000000090fdde58}: 'java.lang.Object java.lang.invoke.DirectMethodHandle$Holder.invokeStatic(java.lang.Object, java.lang.Object, int, int)'> (0x0000000090fdde58) 
thrown [s\src\hotspot\share\interpreter\linkResolver.cpp, line 784]
Event: 18.397 Thread 0x000001841c4096a0 Exception <a 'java/lang/NoSuchMethodError'{0x0000000090fe4448}: 'java.lang.Object java.lang.invoke.DirectMethodHandle$Holder.newInvokeSpecial(java.lang.Object, java.lang.Object, int, int)'> (0x0000000090fe4448) 
thrown [s\src\hotspot\share\interpreter\linkResolver.cpp, line 784]
Event: 18.397 Thread 0x000001841c4096a0 Exception <a 'java/lang/NoSuchMethodError'{0x0000000090fe8608}: 'java.lang.Object java.lang.invoke.DirectMethodHandle$Holder.invokeSpecial(java.lang.Object, java.lang.Object, java.lang.Object, int, int)'> (0x0000000090fe8608) 
thrown [s\src\hotspot\share\interpreter\linkResolver.cpp, line 784]
Event: 18.397 Thread 0x000001841c4096a0 Exception <a 'java/lang/NoSuchMethodError'{0x0000000090fec1d0}: 'java.lang.Object java.lang.invoke.Invokers$Holder.linkToTargetMethod(java.lang.Object, int, int, java.lang.Object)'> (0x0000000090fec1d0) 
thrown [s\src\hotspot\share\interpreter\linkResolver.cpp, line 784]
Event: 18.601 Thread 0x000001841c4096a0 Exception <a 'java/lang/NoSuchMethodError'{0x0000000090c45ba0}: 'java.lang.Object java.lang.invoke.DirectMethodHandle$Holder.newInvokeSpecial(java.lang.Object, java.lang.Object, java.lang.Object, java.lang.Object, java.lang.Object, java.lang.Object, java.lang.Object, int)'> (0x0000000090c45ba0) 
thrown [s\src\hotspot\share\interpreter\linkResolver.cpp, line 784]
Event: 18.601 Thread 0x000001841c4096a0 Exception <a 'java/lang/NoSuchMethodError'{0x0000000090c4a1d0}: 'java.lang.Object java.lang.invoke.DirectMethodHandle$Holder.invokeSpecial(java.lang.Object, java.lang.Object, java.lang.Object, java.lang.Object, java.lang.Object, java.lang.Object, java.lang.Object, java.lang.Object, int)'> (0x0000000090c4a1d0) 
thrown [s\src\hotspot\share\interpreter\linkResolver.cpp, line 784]
Event: 18.601 Thread 0x000001841c4096a0 Exception <a 'java/lang/NoSuchMethodError'{0x0000000090c4e0e8}: 'java.lang.Object java.lang.invoke.Invokers$Holder.linkToTargetMethod(java.lang.Object, java.lang.Object, java.lang.Object, java.lang.Object, java.lang.Object, java.lang.Object, int, java.lang.Object)'> (0x0000000090c4e0e8) 
thrown [s\src\hotspot\share\interpreter\linkResolver.cpp, line 784]
Event: 19.366 Thread 0x000001841c4096a0 Exception <a 'java/lang/NoSuchMethodError'{0x0000000090212520}: 'java.lang.Object java.lang.invoke.DirectMethodHandle$Holder.invokeStatic(java.lang.Object, java.lang.Object, java.lang.Object, java.lang.Object, int, int)'> (0x0000000090212520) 
thrown [s\src\hotspot\share\interpreter\linkResolver.cpp, line 784]
Event: 20.902 Thread 0x000001841c4096a0 Implicit null exception at 0x00000184279b6ed3 to 0x00000184279b71a4
Event: 22.379 Thread 0x000001841c4096a0 Implicit null exception at 0x0000018427999d5e to 0x00000184279a1568
Event: 22.427 Thread 0x000001841c4096a0 Exception <a 'java/lang/NoSuchMethodError'{0x00000000906b48e0}: 'java.lang.Object java.lang.invoke.DirectMethodHandle$Holder.invokeStatic(java.lang.Object, java.lang.Object, int, java.lang.Object, java.lang.Object)'> (0x00000000906b48e0) 
thrown [s\src\hotspot\share\interpreter\linkResolver.cpp, line 784]
Event: 22.428 Thread 0x000001841c4096a0 Exception <a 'java/lang/NoSuchMethodError'{0x00000000906bbc30}: 'java.lang.Object java.lang.invoke.DirectMethodHandle$Holder.newInvokeSpecial(java.lang.Object, java.lang.Object, int, java.lang.Object, java.lang.Object)'> (0x00000000906bbc30) 
thrown [s\src\hotspot\share\interpreter\linkResolver.cpp, line 784]
Event: 22.428 Thread 0x000001841c4096a0 Exception <a 'java/lang/NoSuchMethodError'{0x00000000906c00f8}: 'java.lang.Object java.lang.invoke.DirectMethodHandle$Holder.invokeSpecial(java.lang.Object, java.lang.Object, java.lang.Object, int, java.lang.Object, java.lang.Object)'> (0x00000000906c00f8) 
thrown [s\src\hotspot\share\interpreter\linkResolver.cpp, line 784]
Event: 22.429 Thread 0x000001841c4096a0 Exception <a 'java/lang/NoSuchMethodError'{0x00000000906c3be0}: 'java.lang.Object java.lang.invoke.Invokers$Holder.linkToTargetMethod(java.lang.Object, int, java.lang.Object, java.lang.Object, java.lang.Object)'> (0x00000000906c3be0) 
thrown [s\src\hotspot\share\interpreter\linkResolver.cpp, line 784]
Event: 22.910 Thread 0x000001841c4096a0 Implicit null exception at 0x0000018427ac0c20 to 0x0000018427ac0de4
Event: 24.494 Thread 0x000001841c4096a0 Implicit null exception at 0x0000018427201647 to 0x00000184272020a0

ZGC Phase Switch (0 events):
No events

VM Operations (20 events):
Event: 22.906 Executing VM operation: HandshakeAllThreads (Deoptimize) done
Event: 23.059 Executing VM operation: G1CollectForAllocation (G1 Evacuation Pause)
Event: 23.090 Executing VM operation: G1CollectForAllocation (G1 Evacuation Pause) done
Event: 23.190 Executing VM operation: G1PauseRemark
Event: 23.240 Executing VM operation: G1PauseRemark done
Event: 23.277 Executing VM operation: G1PauseCleanup
Event: 23.277 Executing VM operation: G1PauseCleanup done
Event: 23.553 Executing VM operation: HandshakeAllThreads (Deoptimize)
Event: 23.553 Executing VM operation: HandshakeAllThreads (Deoptimize) done
Event: 24.054 Executing VM operation: HandshakeAllThreads (Deoptimize)
Event: 24.054 Executing VM operation: HandshakeAllThreads (Deoptimize) done
Event: 24.154 Executing VM operation: ICBufferFull
Event: 24.154 Executing VM operation: ICBufferFull done
Event: 24.412 Executing VM operation: ICBufferFull
Event: 24.412 Executing VM operation: ICBufferFull done
Event: 25.088 Executing VM operation: ICBufferFull
Event: 25.088 Executing VM operation: ICBufferFull done
Event: 25.304 Executing VM operation: ICBufferFull
Event: 25.305 Executing VM operation: ICBufferFull done
Event: 26.182 Executing VM operation: G1CollectForAllocation (G1 Evacuation Pause)

Events (20 events):
Event: 23.239 Thread 0x0000018434729470 flushing nmethod 0x0000018427103290
Event: 23.239 Thread 0x0000018434729470 flushing nmethod 0x0000018427100490
Event: 23.239 Thread 0x0000018434729470 flushing nmethod 0x00000184270ff290
Event: 23.239 Thread 0x0000018434729470 flushing nmethod 0x00000184270fe910
Event: 23.239 Thread 0x0000018434729470 flushing nmethod 0x00000184270f7f90
Event: 23.239 Thread 0x0000018434729470 flushing nmethod 0x00000184270f3590
Event: 23.239 Thread 0x0000018434729470 flushing nmethod 0x00000184270f2690
Event: 23.239 Thread 0x0000018434729470 flushing nmethod 0x00000184270ef490
Event: 23.239 Thread 0x0000018434729470 flushing nmethod 0x00000184270eeb10
Event: 23.239 Thread 0x0000018434729470 flushing nmethod 0x00000184270eb410
Event: 23.239 Thread 0x0000018434729470 flushing nmethod 0x00000184270eb110
Event: 23.239 Thread 0x0000018434729470 flushing nmethod 0x00000184270e7a90
Event: 23.239 Thread 0x0000018434729470 flushing nmethod 0x00000184270e4010
Event: 23.239 Thread 0x0000018434729470 flushing nmethod 0x00000184270e0c10
Event: 23.239 Thread 0x0000018434729470 flushing nmethod 0x00000184270db410
Event: 23.239 Thread 0x0000018434729470 flushing nmethod 0x00000184270d1d90
Event: 23.239 Thread 0x0000018434729470 flushing nmethod 0x00000184270d3790
Event: 23.710 Thread 0x000001843c7dd1f0 Thread added: 0x000001843c7dd1f0
Event: 25.699 Thread 0x000001843c7dd1f0 Thread exited: 0x000001843c7dd1f0
Event: 25.699 Thread 0x000001843e24da70 Thread exited: 0x000001843e24da70


Dynamic libraries:
0x00007ff7f18c0000 - 0x00007ff7f18ca000 	E:\Android\Android_config\jbr\bin\java.exe
0x00007ff8e2aa0000 - 0x00007ff8e2d06000 	C:\WINDOWS\SYSTEM32\ntdll.dll
0x00007ff8e1030000 - 0x00007ff8e10f9000 	C:\WINDOWS\System32\KERNEL32.DLL
0x00007ff8e0260000 - 0x00007ff8e062c000 	C:\WINDOWS\System32\KERNELBASE.dll
0x00007ff8dfc60000 - 0x00007ff8dfdab000 	C:\WINDOWS\System32\ucrtbase.dll
0x00007ff8c4600000 - 0x00007ff8c4618000 	E:\Android\Android_config\jbr\bin\jli.dll
0x00007ff8d5e90000 - 0x00007ff8d5eab000 	E:\Android\Android_config\jbr\bin\VCRUNTIME140.dll
0x00007ff8e1d80000 - 0x00007ff8e1f4a000 	C:\WINDOWS\System32\USER32.dll
0x00007ff8c1ec0000 - 0x00007ff8c215a000 	C:\WINDOWS\WinSxS\amd64_microsoft.windows.common-controls_6595b64144ccf1df_6.0.26100.3912_none_3e07963ce335137e\COMCTL32.dll
0x00007ff8dfc30000 - 0x00007ff8dfc57000 	C:\WINDOWS\System32\win32u.dll
0x00007ff8e2000000 - 0x00007ff8e20a9000 	C:\WINDOWS\System32\msvcrt.dll
0x00007ff8e1810000 - 0x00007ff8e183b000 	C:\WINDOWS\System32\GDI32.dll
0x00007ff8dfdb0000 - 0x00007ff8dfee2000 	C:\WINDOWS\System32\gdi32full.dll
0x00007ff8e0630000 - 0x00007ff8e06d3000 	C:\WINDOWS\System32\msvcp_win.dll
0x00007ff8e1100000 - 0x00007ff8e1130000 	C:\WINDOWS\System32\IMM32.DLL
0x00007ff8d9220000 - 0x00007ff8d922c000 	E:\Android\Android_config\jbr\bin\vcruntime140_1.dll
0x00007ff8ac9c0000 - 0x00007ff8aca4d000 	E:\Android\Android_config\jbr\bin\msvcp140.dll
0x00007ff8619a0000 - 0x00007ff86261d000 	E:\Android\Android_config\jbr\bin\server\jvm.dll
0x00007ff8e1730000 - 0x00007ff8e17e2000 	C:\WINDOWS\System32\ADVAPI32.dll
0x00007ff8e1f50000 - 0x00007ff8e1ff6000 	C:\WINDOWS\System32\sechost.dll
0x00007ff8e27a0000 - 0x00007ff8e28b6000 	C:\WINDOWS\System32\RPCRT4.dll
0x00007ff8e1140000 - 0x00007ff8e11b4000 	C:\WINDOWS\System32\WS2_32.dll
0x00007ff8de860000 - 0x00007ff8de8be000 	C:\WINDOWS\SYSTEM32\POWRPROF.dll
0x00007ff8cd250000 - 0x00007ff8cd25b000 	C:\WINDOWS\SYSTEM32\VERSION.dll
0x00007ff8d66f0000 - 0x00007ff8d6726000 	C:\WINDOWS\SYSTEM32\WINMM.dll
0x00007ff8de840000 - 0x00007ff8de854000 	C:\WINDOWS\SYSTEM32\UMPDC.dll
0x00007ff8deb10000 - 0x00007ff8deb2a000 	C:\WINDOWS\SYSTEM32\kernel.appcore.dll
0x00007ff8d5e80000 - 0x00007ff8d5e8a000 	E:\Android\Android_config\jbr\bin\jimage.dll
0x00007ff8dd2e0000 - 0x00007ff8dd521000 	C:\WINDOWS\SYSTEM32\DBGHELP.DLL
0x00007ff8e19e0000 - 0x00007ff8e1d64000 	C:\WINDOWS\System32\combase.dll
0x00007ff8e18f0000 - 0x00007ff8e19d0000 	C:\WINDOWS\System32\OLEAUT32.dll
0x00007ff8a6fb0000 - 0x00007ff8a6fe9000 	C:\WINDOWS\SYSTEM32\dbgcore.DLL
0x00007ff8dfef0000 - 0x00007ff8dff89000 	C:\WINDOWS\System32\bcryptPrimitives.dll
0x00007ff8d5e60000 - 0x00007ff8d5e7f000 	E:\Android\Android_config\jbr\bin\java.dll
0x00007ff8d5db0000 - 0x00007ff8d5dc8000 	E:\Android\Android_config\jbr\bin\zip.dll
0x00007ff8e0860000 - 0x00007ff8e0f8d000 	C:\WINDOWS\System32\SHELL32.dll
0x00007ff8dff90000 - 0x00007ff8e0104000 	C:\WINDOWS\System32\wintypes.dll
0x00007ff8dd8c0000 - 0x00007ff8de116000 	C:\WINDOWS\SYSTEM32\windows.storage.dll
0x00007ff8e1420000 - 0x00007ff8e150f000 	C:\WINDOWS\System32\SHCORE.dll
0x00007ff8e0fc0000 - 0x00007ff8e1029000 	C:\WINDOWS\System32\shlwapi.dll
0x00007ff8dfb40000 - 0x00007ff8dfb6f000 	C:\WINDOWS\SYSTEM32\profapi.dll
0x00007ff8d5d90000 - 0x00007ff8d5da0000 	E:\Android\Android_config\jbr\bin\net.dll
0x00007ff8d8cf0000 - 0x00007ff8d8e0e000 	C:\WINDOWS\SYSTEM32\WINHTTP.dll
0x00007ff8df080000 - 0x00007ff8df0ea000 	C:\WINDOWS\system32\mswsock.dll
0x00007ff8cafd0000 - 0x00007ff8cafe6000 	E:\Android\Android_config\jbr\bin\nio.dll
0x00007ff8c7ae0000 - 0x00007ff8c7af0000 	E:\Android\Android_config\jbr\bin\verify.dll

dbghelp: loaded successfully - version: 4.0.5 - missing functions: none
symbol engine: initialized successfully - sym options: 0x614 - pdb path: .;E:\Android\Android_config\jbr\bin;C:\WINDOWS\SYSTEM32;C:\WINDOWS\WinSxS\amd64_microsoft.windows.common-controls_6595b64144ccf1df_6.0.26100.3912_none_3e07963ce335137e;E:\Android\Android_config\jbr\bin\server

VM Arguments:
java_command: org.jetbrains.kotlin.cli.jvm.K2JVMCompiler @E:\project_kotlin\app\build\20250511_724080840895821702.compiler.options
java_class_path (initial): C:\Users\CYBORG 15\.gradle\caches\modules-2\files-2.1\org.jetbrains.kotlin\kotlin-compiler-embeddable\2.0.0\1de310de3446414381282ffc46c3ed3919a4d1da\kotlin-compiler-embeddable-2.0.0.jar;C:\Users\CYBORG 15\.gradle\caches\modules-2\files-2.1\org.jetbrains.kotlin\kotlin-stdlib\2.0.0\b48df2c4aede9586cc931ead433bc02d6fd7879e\kotlin-stdlib-2.0.0.jar;C:\Users\CYBORG 15\.gradle\caches\modules-2\files-2.1\org.jetbrains.kotlin\kotlin-script-runtime\2.0.0\fdc27dd047d592fa41d2dfa21e7621287a361612\kotlin-script-runtime-2.0.0.jar;C:\Users\CYBORG 15\.gradle\caches\modules-2\files-2.1\org.jetbrains.kotlin\kotlin-reflect\1.6.10\1cbe9c92c12a94eea200d23c2bbaedaf3daf5132\kotlin-reflect-1.6.10.jar;C:\Users\CYBORG 15\.gradle\caches\modules-2\files-2.1\org.jetbrains.kotlin\kotlin-daemon-embeddable\2.0.0\b39c612768614c4428c96ee9c65477181fffe9d\kotlin-daemon-embeddable-2.0.0.jar;C:\Users\CYBORG 15\.gradle\caches\modules-2\files-2.1\org.jetbrains.intellij.deps\trove4j\1.0.20200330\3afb14d5f9ceb459d724e907a21145e8ff394f02\trove4j-1.0.20200330.jar;C:\Users\CYBORG 15\.gradle\caches\modules-2\files-2.1\org.jetbrains\annotations\13.0\919f0dfe192fb4e063e7dacadee7f8bb9a2672a9\annotations-13.0.jar
Launcher Type: SUN_STANDARD

[Global flags]
     intx CICompilerCount                          = 4                                         {product} {ergonomic}
     uint ConcGCThreads                            = 3                                         {product} {ergonomic}
     uint G1ConcRefinementThreads                  = 10                                        {product} {ergonomic}
   size_t G1HeapRegionSize                         = 1048576                                   {product} {ergonomic}
    uintx GCDrainStackTargetSize                   = 64                                        {product} {ergonomic}
   size_t InitialHeapSize                          = 130023424                                 {product} {ergonomic}
   size_t MarkStackSize                            = 4194304                                   {product} {ergonomic}
   size_t MaxHeapSize                              = 2069889024                                {product} {ergonomic}
   size_t MaxNewSize                               = 1241513984                                {product} {ergonomic}
   size_t MinHeapDeltaBytes                        = 1048576                                   {product} {ergonomic}
   size_t MinHeapSize                              = 8388608                                   {product} {ergonomic}
    uintx NonNMethodCodeHeapSize                   = 5839372                                {pd product} {ergonomic}
    uintx NonProfiledCodeHeapSize                  = 122909434                              {pd product} {ergonomic}
    uintx ProfiledCodeHeapSize                     = 122909434                              {pd product} {ergonomic}
    uintx ReservedCodeCacheSize                    = 251658240                              {pd product} {ergonomic}
     bool SegmentedCodeCache                       = true                                      {product} {ergonomic}
   size_t SoftMaxHeapSize                          = 2069889024                             {manageable} {ergonomic}
     bool UseCompressedOops                        = true                           {product lp64_product} {ergonomic}
     bool UseG1GC                                  = true                                      {product} {ergonomic}
     bool UseLargePagesIndividualAllocation        = false                                  {pd product} {ergonomic}

Logging:
Log output configuration:
 #0: stdout all=warning uptime,level,tags foldmultilines=false
 #1: stderr all=off uptime,level,tags foldmultilines=false

Environment Variables:
JAVA_HOME=C:\Program Files\OpenJDK\jdk-22.0.2
PATH=C:\Program Files\Common Files\Oracle\Java\javapath;C:\Program Files\Python312\Scripts\;C:\Program Files\Python312\;C:\Windows\system32;C:\Windows;C:\Windows\System32\Wbem;C:\Windows\System32\WindowsPowerShell\v1.0\;C:\Windows\System32\OpenSSH\;C:\Program Files (x86)\NVIDIA Corporation\PhysX\Common;C:\Program Files\NVIDIA Corporation\NVIDIA NvDLISR;C:\Program Files\Java\jdk-21;C:\Program Files (x86)\Microsoft SQL Server\160\Tools\Binn\;C:\Program Files\Microsoft SQL Server\160\Tools\Binn\;C:\Program Files\Microsoft SQL Server\Client SDK\ODBC\170\Tools\Binn\;C:\Program Files\Microsoft SQL Server\160\DTS\Binn\;C:\Program Files\Azure Data Studio\bin;C:\Program Files\Microsoft VS Code\bin;C:\Program Files\Java\jdk-22\bin;C:\msys64\ucrt64\bin;E:\C++_VS\mingw 18.0\MinGW\bin;C:\Program Files\Git\cmd;C:\Program Files\nodejs\;E:\Setup\apache-maven-3.9.9\bin;C:\Program Files\Cloudflare\Cloudflare WARP\;C:\ProgramData\ComposerSetup\bin;C:\Program Files\Docker\Docker\resources\bin;C:\WINDOWS\system32;C:\WINDOWS;C:\WINDOWS\System32\Wbem;C:\WINDOWS\System32\WindowsPowerShell\v1.0\;C:\WINDOWS\System32\OpenSSH\;E:\Setup\apache-maven-3.9.9\bin;C:\ProgramData\chocolatey\bin;C:\Program Files\OpenJDK\jdk-22.0.2\bin;D:\anaconda;D:\anaconda\Scripts;D:\anaconda\Library;E:\Python\Graphviz\bin;D:\thu_muc_la\platform-tools;C:\Users\CYBORG 15\AppData\Local\Microsoft\WindowsApps;C:\Program Files\Azure Data Studio\bin;C:\msys64\ucrt64\bin.;C:\Users\CYBORG 15\AppData\Roaming\npm;C:\Program Files\nodejs;C:\Program Files\JetBrains\IntelliJ IDEA 2024.3.1\bin;;C:\Xamp\php;C:\Users\CYBORG 15\AppData\Roaming\Composer\vendor\bin;;D:\IntelliJ IDEA Community Edition 2025.1\bin;;C:\Users\CYBORG 15\AppData\Local\Programs\cursor\resources\app\bin
USERNAME=MinhHieu
OS=Windows_NT
PROCESSOR_IDENTIFIER=Intel64 Family 6 Model 154 Stepping 3, GenuineIntel
TMP=C:\Users\CYBORG~1\AppData\Local\Temp
TEMP=C:\Users\CYBORG~1\AppData\Local\Temp




Periodic native trim disabled

JNI global refs:
JNI global refs: 11, weak refs: 2

JNI global refs memory usage: 835, weak refs: 833

Process memory usage:
Resident Set Size: 443428K (5% of 8085160K total physical memory with 375632K free physical memory)

OOME stack traces (most recent first):
Classloader memory used:
Loader jdk.internal.loader.ClassLoaders$AppClassLoader                                 : 68498K
Loader bootstrap                                                                       : 11607K
Loader java.net.URLClassLoader                                                         : 1689K

---------------  S Y S T E M  ---------------

OS:
 Windows 11 , 64 bit Build 26100 (10.0.26100.3912)
OS uptime: 0 days 3:25 hours
Hyper-V role detected

CPU: total 12 (initial active 12) (6 cores per cpu, 2 threads per core) family 6 model 154 stepping 3 microcode 0x424, cx8, cmov, fxsr, ht, mmx, 3dnowpref, sse, sse2, sse3, ssse3, sse4.1, sse4.2, popcnt, lzcnt, tsc, tscinvbit, avx, avx2, aes, erms, clmul, bmi1, bmi2, adx, sha, fma, vzeroupper, clflush, clflushopt, clwb, hv, serialize, rdtscp, rdpid, fsrm, f16c, cet_ibt, cet_ss
Processor Information for all 12 processors :
  Max Mhz: 2000, Current Mhz: 2000, Mhz Limit: 2000

Memory: 4k page, system-wide physical 7895M (366M free)
TotalPageFile size 22222M (AvailPageFile size 36M)
current process WorkingSet (physical memory assigned to process): 433M, peak: 472M
current process commit charge ("private bytes"): 533M, peak: 582M

vm_info: OpenJDK 64-Bit Server VM (21.0.3+-12282718-b509.11) for windows-amd64 JRE (21.0.3+-12282718-b509.11), built on 2024-08-27T17:34:15Z by "builder" with MS VC++ 16.10 / 16.11 (VS2019)

END.
